SF:/Users/mehedimayall/PROJECTS/IMF/APP/DriverApp_API/src/Infrastructure/Persistance.Query.Dapper/Exceptions/ContainerRepositoryErrors.cs
FN:5,Domain.Exceptions.Error`1<WorkQueueModel> Persistance.Exceptions.ContainerRepositoryErrors`1::WorkQueueNotFound(Domain.ValueObjects.DriverID)
FNDA:15,Domain.Exceptions.Error`1<WorkQueueModel> Persistance.Exceptions.ContainerRepositoryErrors`1::WorkQueueNotFound(Domain.ValueObjects.DriverID)
DA:6,15
DA:7,15
DA:8,15
LF:3
LH:3
BRF:0
BRH:0
FNF:1
FNH:1
end_of_record
SF:/Users/mehedimayall/PROJECTS/IMF/APP/DriverApp_API/src/Infrastructure/Persistance.Query.Dapper/Repositories/GenericRepository.cs
FN:9,System.Void Infrastructure.Persistance.Query.GenericRepository`1::.ctor(Microsoft.Extensions.Configuration.IConfiguration)
FNDA:133,System.Void Infrastructure.Persistance.Query.GenericRepository`1::.ctor(Microsoft.Extensions.Configuration.IConfiguration)
DA:10,133
DA:11,133
DA:12,133
DA:13,133
DA:17,133
FN:52,System.Void Infrastructure.Persistance.Query.GenericRepository`1/<Delete>d__10::MoveNext()
FNDA:0,System.Void Infrastructure.Persistance.Query.GenericRepository`1/<Delete>d__10::MoveNext()
DA:53,0
DA:54,0
FN:67,System.Void Infrastructure.Persistance.Query.GenericRepository`1/<FindUsingSPAsync>d__13::MoveNext()
FNDA:0,System.Void Infrastructure.Persistance.Query.GenericRepository`1/<FindUsingSPAsync>d__13::MoveNext()
DA:68,0
DA:69,0
FN:62,System.Void Infrastructure.Persistance.Query.GenericRepository`1/<FindUsingSPReadOnly>d__12::MoveNext()
FNDA:0,System.Void Infrastructure.Persistance.Query.GenericRepository`1/<FindUsingSPReadOnly>d__12::MoveNext()
DA:63,0
DA:64,0
FN:32,System.Void Infrastructure.Persistance.Query.GenericRepository`1/<Get>d__6::MoveNext()
FNDA:0,System.Void Infrastructure.Persistance.Query.GenericRepository`1/<Get>d__6::MoveNext()
DA:33,0
DA:34,0
FN:28,System.Void Infrastructure.Persistance.Query.GenericRepository`1/<GetAll>d__5::MoveNext()
FNDA:0,System.Void Infrastructure.Persistance.Query.GenericRepository`1/<GetAll>d__5::MoveNext()
DA:29,0
DA:30,0
FN:23,System.Void Infrastructure.Persistance.Query.GenericRepository`1/<GetOne>d__4::MoveNext()
FNDA:0,System.Void Infrastructure.Persistance.Query.GenericRepository`1/<GetOne>d__4::MoveNext()
DA:24,0
DA:25,0
FN:19,System.Void Infrastructure.Persistance.Query.GenericRepository`1/<GetOneByID>d__3::MoveNext()
FNDA:0,System.Void Infrastructure.Persistance.Query.GenericRepository`1/<GetOneByID>d__3::MoveNext()
DA:20,0
DA:21,0
FN:57,System.Void Infrastructure.Persistance.Query.GenericRepository`1/<GetOneUsingSPAsync>d__11::MoveNext()
FNDA:0,System.Void Infrastructure.Persistance.Query.GenericRepository`1/<GetOneUsingSPAsync>d__11::MoveNext()
DA:58,0
DA:59,0
FN:37,System.Void Infrastructure.Persistance.Query.GenericRepository`1/<Insert>d__7::MoveNext()
FNDA:0,System.Void Infrastructure.Persistance.Query.GenericRepository`1/<Insert>d__7::MoveNext()
DA:38,0
DA:39,0
FN:42,System.Void Infrastructure.Persistance.Query.GenericRepository`1/<Update>d__8::MoveNext()
FNDA:0,System.Void Infrastructure.Persistance.Query.GenericRepository`1/<Update>d__8::MoveNext()
DA:43,0
DA:44,0
FN:47,System.Void Infrastructure.Persistance.Query.GenericRepository`1/<Update>d__9::MoveNext()
FNDA:0,System.Void Infrastructure.Persistance.Query.GenericRepository`1/<Update>d__9::MoveNext()
DA:48,0
DA:49,0
LF:27
LH:5
BRF:0
BRH:0
FNF:12
FNH:1
end_of_record
SF:/Users/mehedimayall/PROJECTS/IMF/APP/DriverApp_API/src/Infrastructure/Persistance.Query.Dapper/CachedRepositories/ContainerRepositoryCached.cs
FN:9,System.Void Infrastructure.Persistance.Query.Dapper.ContainerRepositoryCached::.ctor(Microsoft.Extensions.Configuration.IConfiguration,Infrastructure.Persistance.Query.Dapper.ContainerRepository,UseCases.Contracts.Infrastructure.ICacheService)
FNDA:29,System.Void Infrastructure.Persistance.Query.Dapper.ContainerRepositoryCached::.ctor(Microsoft.Extensions.Configuration.IConfiguration,Infrastructure.Persistance.Query.Dapper.ContainerRepository,UseCases.Contracts.Infrastructure.ICacheService)
DA:10,29
DA:11,29
DA:12,29
DA:13,29
DA:14,29
FN:35,System.Void Infrastructure.Persistance.Query.Dapper.ContainerRepositoryCached/<GetContainer>d__4::MoveNext()
FNDA:5,System.Void Infrastructure.Persistance.Query.Dapper.ContainerRepositoryCached/<GetContainer>d__4::MoveNext()
DA:36,5
FN:44,System.Void Infrastructure.Persistance.Query.Dapper.ContainerRepositoryCached/<GetDivisionInfo>d__7::MoveNext()
FNDA:4,System.Void Infrastructure.Persistance.Query.Dapper.ContainerRepositoryCached/<GetDivisionInfo>d__7::MoveNext()
DA:45,4
DA:46,4
DA:48,4
DA:49,8
DA:50,6
DA:52,2
DA:53,2
DA:54,4
BRDA:49,256,0,4
BRDA:49,256,1,4
BRDA:50,419,0,2
BRDA:50,419,1,2
FN:56,System.Void Infrastructure.Persistance.Query.Dapper.ContainerRepositoryCached/<GetDriverDocument>d__8::MoveNext()
FNDA:4,System.Void Infrastructure.Persistance.Query.Dapper.ContainerRepositoryCached/<GetDriverDocument>d__8::MoveNext()
DA:57,4
FN:41,System.Void Infrastructure.Persistance.Query.Dapper.ContainerRepositoryCached/<GetOrderLogDoc>d__6::MoveNext()
FNDA:6,System.Void Infrastructure.Persistance.Query.Dapper.ContainerRepositoryCached/<GetOrderLogDoc>d__6::MoveNext()
DA:42,6
FN:38,System.Void Infrastructure.Persistance.Query.Dapper.ContainerRepositoryCached/<GetPurchaseOrder>d__5::MoveNext()
FNDA:6,System.Void Infrastructure.Persistance.Query.Dapper.ContainerRepositoryCached/<GetPurchaseOrder>d__5::MoveNext()
DA:39,6
FN:16,System.Void Infrastructure.Persistance.Query.Dapper.ContainerRepositoryCached/<GetWorkQueue>d__3::MoveNext()
FNDA:4,System.Void Infrastructure.Persistance.Query.Dapper.ContainerRepositoryCached/<GetWorkQueue>d__3::MoveNext()
DA:17,4
DA:18,4
DA:27,4
DA:28,8
DA:29,7
DA:31,1
DA:32,1
DA:33,4
BRDA:28,257,0,4
BRDA:28,257,1,4
BRDA:29,413,0,1
BRDA:29,413,1,3
BRDA:29,436,0,3
BRDA:29,436,1,1
LF:25
LH:25
BRF:10
BRH:10
FNF:7
FNH:7
end_of_record
SF:/Users/mehedimayall/PROJECTS/IMF/APP/DriverApp_API/src/Infrastructure/Persistance.Query.Dapper/CachedRepositories/DocumentNotificationRepositoryCached.cs
FN:9,System.Void Infrastructure.Persistance.Query.Dapper.DocumentNotificationRepositoryCached::.ctor(Infrastructure.Persistance.Query.Dapper.DocumentNotificationRepository,Microsoft.Extensions.Configuration.IConfiguration,UseCases.Contracts.Infrastructure.ICacheService)
FNDA:12,System.Void Infrastructure.Persistance.Query.Dapper.DocumentNotificationRepositoryCached::.ctor(Infrastructure.Persistance.Query.Dapper.DocumentNotificationRepository,Microsoft.Extensions.Configuration.IConfiguration,UseCases.Contracts.Infrastructure.ICacheService)
DA:10,12
DA:11,12
DA:12,12
DA:13,12
DA:14,12
FN:54,System.Void Infrastructure.Persistance.Query.Dapper.DocumentNotificationRepositoryCached/<GetNotificationSeenStatus>d__5::MoveNext()
FNDA:4,System.Void Infrastructure.Persistance.Query.Dapper.DocumentNotificationRepositoryCached/<GetNotificationSeenStatus>d__5::MoveNext()
DA:55,4
DA:56,4
DA:57,4
FN:35,System.Void Infrastructure.Persistance.Query.Dapper.DocumentNotificationRepositoryCached/<GetNotifications>d__4::MoveNext()
FNDA:4,System.Void Infrastructure.Persistance.Query.Dapper.DocumentNotificationRepositoryCached/<GetNotifications>d__4::MoveNext()
DA:36,4
DA:37,4
DA:38,4
DA:40,4
DA:41,4
DA:42,4
DA:43,6
DA:44,2
DA:45,2
DA:48,2
DA:50,2
DA:51,2
DA:52,4
BRDA:40,250,0,4
BRDA:40,250,1,0
BRDA:40,273,0,4
BRDA:43,434,0,2
BRDA:43,434,1,2
BRDA:40,273,1,2
BRDA:48,479,0,2
BRDA:48,479,1,0
BRDA:48,502,0,0
BRDA:48,502,1,2
FN:16,System.Void Infrastructure.Persistance.Query.Dapper.DocumentNotificationRepositoryCached/<GetUnseenNotification>d__3::MoveNext()
FNDA:4,System.Void Infrastructure.Persistance.Query.Dapper.DocumentNotificationRepositoryCached/<GetUnseenNotification>d__3::MoveNext()
DA:17,4
DA:18,4
DA:19,4
DA:20,4
DA:21,4
DA:22,4
DA:23,6
DA:24,2
DA:25,2
DA:28,2
DA:29,0
DA:31,2
DA:32,2
DA:33,4
BRDA:20,250,0,4
BRDA:20,250,1,0
BRDA:20,273,0,4
BRDA:23,434,0,2
BRDA:23,434,1,2
BRDA:20,273,1,2
BRDA:28,479,0,2
BRDA:28,479,1,0
BRDA:28,502,0,0
BRDA:28,502,1,2
LF:35
LH:34
BRF:20
BRH:14
FNF:4
FNH:4
end_of_record
SF:/Users/mehedimayall/PROJECTS/IMF/APP/DriverApp_API/src/Infrastructure/Persistance.Query.Dapper/CachedRepositories/UserRepositoryCached.cs
FN:10,System.Void Infrastructure.Persistance.Query.Dapper.UserRepositoryCached::.ctor(Microsoft.Extensions.Configuration.IConfiguration,Infrastructure.Persistance.Query.Dapper.UserRepository)
FNDA:2,System.Void Infrastructure.Persistance.Query.Dapper.UserRepositoryCached::.ctor(Microsoft.Extensions.Configuration.IConfiguration,Infrastructure.Persistance.Query.Dapper.UserRepository)
DA:11,2
DA:12,2
DA:13,2
DA:14,2
FN:15,System.Void Infrastructure.Persistance.Query.Dapper.UserRepositoryCached/<GetUserByPassword>d__2::MoveNext()
FNDA:2,System.Void Infrastructure.Persistance.Query.Dapper.UserRepositoryCached/<GetUserByPassword>d__2::MoveNext()
DA:16,2
LF:5
LH:5
BRF:0
BRH:0
FNF:2
FNH:2
end_of_record
SF:/Users/mehedimayall/PROJECTS/IMF/APP/DriverApp_API/src/Infrastructure/Persistance.Query.Dapper/RegisterPersistanceQueryServices.cs
FN:7,Microsoft.Extensions.DependencyInjection.IServiceCollection Infrastructure.Persistance.Query.Dapper.RegisterPersistanceQueryDapperServices::AddPersistanceQueryDapperServices(Microsoft.Extensions.DependencyInjection.IServiceCollection,Microsoft.Extensions.Configuration.IConfiguration)
FNDA:0,Microsoft.Extensions.DependencyInjection.IServiceCollection Infrastructure.Persistance.Query.Dapper.RegisterPersistanceQueryDapperServices::AddPersistanceQueryDapperServices(Microsoft.Extensions.DependencyInjection.IServiceCollection,Microsoft.Extensions.Configuration.IConfiguration)
DA:8,0
DA:10,0
DA:11,0
DA:13,0
DA:14,0
DA:17,0
DA:18,0
DA:19,0
DA:20,0
LF:9
LH:0
BRF:0
BRH:0
FNF:1
FNH:0
end_of_record
SF:/Users/mehedimayall/PROJECTS/IMF/APP/DriverApp_API/src/Infrastructure/Persistance.Query.Dapper/Repositories/ContainerRepository.cs
FN:6,System.Void Infrastructure.Persistance.Query.Dapper.ContainerRepository::.ctor(Microsoft.Extensions.Configuration.IConfiguration)
FNDA:58,System.Void Infrastructure.Persistance.Query.Dapper.ContainerRepository::.ctor(Microsoft.Extensions.Configuration.IConfiguration)
DA:7,58
DA:8,58
DA:9,58
FN:21,System.Void Infrastructure.Persistance.Query.Dapper.ContainerRepository/<GetContainer>d__2::MoveNext()
FNDA:10,System.Void Infrastructure.Persistance.Query.Dapper.ContainerRepository/<GetContainer>d__2::MoveNext()
DA:22,10
DA:23,10
DA:24,10
DA:25,10
DA:26,10
DA:27,14
DA:28,6
DA:29,10
BRDA:27,240,0,10
BRDA:27,240,1,0
BRDA:27,263,0,4
BRDA:27,263,1,6
FN:52,System.Void Infrastructure.Persistance.Query.Dapper.ContainerRepository/<GetDivisionInfo>d__5::MoveNext()
FNDA:8,System.Void Infrastructure.Persistance.Query.Dapper.ContainerRepository/<GetDivisionInfo>d__5::MoveNext()
DA:53,8
DA:54,8
DA:55,8
DA:56,8
DA:57,8
DA:59,12
DA:60,4
DA:61,8
BRDA:59,193,0,8
BRDA:59,193,1,0
BRDA:59,216,0,4
BRDA:59,216,1,4
FN:63,System.Void Infrastructure.Persistance.Query.Dapper.ContainerRepository/<GetDriverDocument>d__6::MoveNext()
FNDA:8,System.Void Infrastructure.Persistance.Query.Dapper.ContainerRepository/<GetDriverDocument>d__6::MoveNext()
DA:64,8
DA:65,8
DA:66,8
DA:67,8
DA:68,8
DA:70,12
DA:71,4
DA:72,8
BRDA:70,223,0,8
BRDA:70,223,1,0
BRDA:70,246,0,4
BRDA:70,246,1,4
FN:41,System.Void Infrastructure.Persistance.Query.Dapper.ContainerRepository/<GetOrderLogDoc>d__4::MoveNext()
FNDA:12,System.Void Infrastructure.Persistance.Query.Dapper.ContainerRepository/<GetOrderLogDoc>d__4::MoveNext()
DA:42,12
DA:43,12
DA:44,12
DA:45,12
DA:46,12
DA:48,16
DA:49,8
DA:50,12
BRDA:48,217,0,12
BRDA:48,217,1,0
BRDA:48,240,0,4
BRDA:48,240,1,8
FN:31,System.Void Infrastructure.Persistance.Query.Dapper.ContainerRepository/<GetPurchaseOrder>d__3::MoveNext()
FNDA:12,System.Void Infrastructure.Persistance.Query.Dapper.ContainerRepository/<GetPurchaseOrder>d__3::MoveNext()
DA:32,12
DA:33,12
DA:34,12
DA:35,12
DA:37,18
DA:38,6
DA:39,12
BRDA:37,193,0,12
BRDA:37,193,1,0
BRDA:37,216,0,6
BRDA:37,216,1,6
FN:11,System.Void Infrastructure.Persistance.Query.Dapper.ContainerRepository/<GetWorkQueue>d__1::MoveNext()
FNDA:8,System.Void Infrastructure.Persistance.Query.Dapper.ContainerRepository/<GetWorkQueue>d__1::MoveNext()
DA:12,8
DA:13,8
DA:14,8
DA:15,8
DA:16,8
DA:17,14
DA:18,2
DA:19,8
BRDA:17,238,0,8
BRDA:17,238,1,0
BRDA:17,261,0,6
BRDA:17,261,1,2
LF:50
LH:50
BRF:24
BRH:18
FNF:7
FNH:7
end_of_record
SF:/Users/mehedimayall/PROJECTS/IMF/APP/DriverApp_API/src/Infrastructure/Persistance.Query.Dapper/Repositories/DocumentNotificationRepository.cs
FN:4,System.Void Infrastructure.Persistance.Query.Dapper.DocumentNotificationRepository::.ctor(Microsoft.Extensions.Configuration.IConfiguration)
FNDA:24,System.Void Infrastructure.Persistance.Query.Dapper.DocumentNotificationRepository::.ctor(Microsoft.Extensions.Configuration.IConfiguration)
DA:5,24
DA:6,48
FN:26,System.Void Infrastructure.Persistance.Query.Dapper.DocumentNotificationRepository/<GetNotificationSeenStatus>d__3::MoveNext()
FNDA:8,System.Void Infrastructure.Persistance.Query.Dapper.DocumentNotificationRepository/<GetNotificationSeenStatus>d__3::MoveNext()
DA:27,8
DA:28,8
DA:29,8
DA:31,12
DA:32,4
DA:33,8
BRDA:31,200,0,8
BRDA:31,200,1,0
BRDA:31,223,0,4
BRDA:31,223,1,4
FN:17,System.Void Infrastructure.Persistance.Query.Dapper.DocumentNotificationRepository/<GetNotifications>d__2::MoveNext()
FNDA:8,System.Void Infrastructure.Persistance.Query.Dapper.DocumentNotificationRepository/<GetNotifications>d__2::MoveNext()
DA:18,8
DA:19,8
DA:20,8
DA:22,12
DA:23,4
DA:24,8
BRDA:22,205,0,8
BRDA:22,205,1,0
BRDA:22,228,0,4
BRDA:22,228,1,4
FN:8,System.Void Infrastructure.Persistance.Query.Dapper.DocumentNotificationRepository/<GetUnseenNotification>d__1::MoveNext()
FNDA:8,System.Void Infrastructure.Persistance.Query.Dapper.DocumentNotificationRepository/<GetUnseenNotification>d__1::MoveNext()
DA:9,8
DA:10,8
DA:11,8
DA:13,12
DA:14,4
DA:15,8
BRDA:13,205,0,8
BRDA:13,205,1,0
BRDA:13,228,0,4
BRDA:13,228,1,4
LF:20
LH:20
BRF:12
BRH:9
FNF:4
FNH:4
end_of_record
SF:/Users/mehedimayall/PROJECTS/IMF/APP/DriverApp_API/src/Infrastructure/Persistance.Query.Dapper/Repositories/UserRepository.cs
FN:5,System.Void Infrastructure.Persistance.Query.Dapper.UserRepository::.ctor(Microsoft.Extensions.Configuration.IConfiguration)
FNDA:8,System.Void Infrastructure.Persistance.Query.Dapper.UserRepository::.ctor(Microsoft.Extensions.Configuration.IConfiguration)
DA:6,8
DA:7,8
DA:9,8
FN:11,System.Void Infrastructure.Persistance.Query.Dapper.UserRepository/<GetUserByPassword>d__1::MoveNext()
FNDA:8,System.Void Infrastructure.Persistance.Query.Dapper.UserRepository/<GetUserByPassword>d__1::MoveNext()
DA:12,8
DA:13,8
DA:14,8
DA:15,14
DA:16,2
DA:17,8
BRDA:15,219,0,8
BRDA:15,219,1,0
BRDA:15,242,0,6
BRDA:15,242,1,2
LF:9
LH:9
BRF:4
BRH:3
FNF:2
FNH:2
end_of_record
SF:/Users/mehedimayall/PROJECTS/IMF/APP/DriverApp_API/src/Domain/Shared/AuditableEntity.cs
FN:4,System.String DriverApp.Domain.Common.AuditableEntity::get_CreatedBy()
FNDA:0,System.String DriverApp.Domain.Common.AuditableEntity::get_CreatedBy()
DA:5,0
FN:5,System.DateTime DriverApp.Domain.Common.AuditableEntity::get_CreatedDate()
FNDA:0,System.DateTime DriverApp.Domain.Common.AuditableEntity::get_CreatedDate()
DA:6,0
FN:6,System.String DriverApp.Domain.Common.AuditableEntity::get_LastModifiedBy()
FNDA:0,System.String DriverApp.Domain.Common.AuditableEntity::get_LastModifiedBy()
DA:7,0
FN:7,System.Nullable`1<System.DateTime> DriverApp.Domain.Common.AuditableEntity::get_LastModifiedDate()
FNDA:0,System.Nullable`1<System.DateTime> DriverApp.Domain.Common.AuditableEntity::get_LastModifiedDate()
DA:8,0
LF:4
LH:0
BRF:0
BRH:0
FNF:4
FNH:0
end_of_record
SF:/Users/mehedimayall/PROJECTS/IMF/APP/DriverApp_API/src/Domain/ValueObjects/CompanyID.cs
FN:2,System.Int32 Domain.ValueObjects.CompanyID::get_Value()
FNDA:92,System.Int32 Domain.ValueObjects.CompanyID::get_Value()
DA:3,92
LF:1
LH:1
BRF:0
BRH:0
FNF:1
FNH:1
end_of_record
SF:/Users/mehedimayall/PROJECTS/IMF/APP/DriverApp_API/src/Domain/ValueObjects/DocumentID.cs
FN:2,System.Int32 Domain.ValueObjects.DocumentID::get_Value()
FNDA:160,System.Int32 Domain.ValueObjects.DocumentID::get_Value()
DA:3,160
LF:1
LH:1
BRF:0
BRH:0
FNF:1
FNH:1
end_of_record
SF:/Users/mehedimayall/PROJECTS/IMF/APP/DriverApp_API/src/Domain/ValueObjects/DriverID.cs
FN:2,System.Int32 Domain.ValueObjects.DriverID::get_Value()
FNDA:165,System.Int32 Domain.ValueObjects.DriverID::get_Value()
DA:3,165
LF:1
LH:1
BRF:0
BRH:0
FNF:1
FNH:1
end_of_record
SF:/Users/mehedimayall/PROJECTS/IMF/APP/DriverApp_API/src/Domain/ValueObjects/LegType.cs
FN:2,System.String Domain.ValueObjects.LegType::get_Value()
FNDA:60,System.String Domain.ValueObjects.LegType::get_Value()
DA:3,60
LF:1
LH:1
BRF:0
BRH:0
FNF:1
FNH:1
end_of_record
SF:/Users/mehedimayall/PROJECTS/IMF/APP/DriverApp_API/src/Domain/ValueObjects/LoadType.cs
FN:2,System.String Domain.ValueObjects.LoadType::get_Value()
FNDA:0,System.String Domain.ValueObjects.LoadType::get_Value()
DA:3,0
LF:1
LH:0
BRF:0
BRH:0
FNF:1
FNH:0
end_of_record
SF:/Users/mehedimayall/PROJECTS/IMF/APP/DriverApp_API/src/Domain/ValueObjects/MoveStatusID.cs
FN:2,System.Int32 Domain.ValueObjects.MoveStatusID::get_Value()
FNDA:0,System.Int32 Domain.ValueObjects.MoveStatusID::get_Value()
DA:3,0
LF:1
LH:0
BRF:0
BRH:0
FNF:1
FNH:0
end_of_record
SF:/Users/mehedimayall/PROJECTS/IMF/APP/DriverApp_API/src/Domain/ValueObjects/OrderLogID.cs
FN:2,System.Int32 Domain.ValueObjects.OrderLogID::get_Value()
FNDA:292,System.Int32 Domain.ValueObjects.OrderLogID::get_Value()
DA:3,292
LF:1
LH:1
BRF:0
BRH:0
FNF:1
FNH:1
end_of_record
SF:/Users/mehedimayall/PROJECTS/IMF/APP/DriverApp_API/src/Domain/ValueObjects/UserID.cs
FN:2,System.String Domain.ValueObjects.UserID::get_Value()
FNDA:89,System.String Domain.ValueObjects.UserID::get_Value()
DA:3,89
LF:1
LH:1
BRF:0
BRH:0
FNF:1
FNH:1
end_of_record
SF:/Users/mehedimayall/PROJECTS/IMF/APP/DriverApp_API/src/Domain/Shared/Result.cs
FN:19,System.Boolean Domain.Shared.Result`1::get_IsSuccess()
FNDA:8,System.Boolean Domain.Shared.Result`1::get_IsSuccess()
DA:20,8
FN:20,System.Boolean Domain.Shared.Result`1::get_IsFailure()
FNDA:8,System.Boolean Domain.Shared.Result`1::get_IsFailure()
DA:21,8
FN:21,Domain.Exceptions.Error`1<T> Domain.Shared.Result`1::get_Error()
FNDA:46,Domain.Exceptions.Error`1<T> Domain.Shared.Result`1::get_Error()
DA:22,46
FN:22,T Domain.Shared.Result`1::get_Value()
FNDA:64,T Domain.Shared.Result`1::get_Value()
DA:23,64
FN:24,Domain.Shared.Result`1<T> Domain.Shared.Result`1::Success(T)
FNDA:51,Domain.Shared.Result`1<T> Domain.Shared.Result`1::Success(T)
DA:25,51
FN:25,Domain.Shared.Result`1<T> Domain.Shared.Result`1::Failure(Domain.Exceptions.Error`1<T>)
FNDA:51,Domain.Shared.Result`1<T> Domain.Shared.Result`1::Failure(Domain.Exceptions.Error`1<T>)
DA:26,51
FN:6,System.Void Domain.Shared.Result`1::.ctor(System.Boolean,Domain.Exceptions.Error`1<T>,T)
FNDA:102,System.Void Domain.Shared.Result`1::.ctor(System.Boolean,Domain.Exceptions.Error`1<T>,T)
DA:7,102
DA:8,102
DA:9,102
DA:10,102
DA:11,0
DA:12,0
DA:15,102
DA:16,102
DA:17,102
DA:18,102
BRDA:9,9,0,51
BRDA:9,9,1,102
BRDA:9,22,0,102
BRDA:9,25,0,51
BRDA:9,25,1,51
BRDA:9,22,1,0
BRDA:9,46,0,0
BRDA:9,46,1,102
LF:16
LH:14
BRF:8
BRH:6
FNF:7
FNH:7
end_of_record
SF:/Users/mehedimayall/PROJECTS/IMF/APP/DriverApp_API/src/Domain/ModelsCustom/DriverContainerModel.cs
FN:4,System.String Domain.ModelsCustom.DriverContainerModel::get_ContainerID()
FNDA:0,System.String Domain.ModelsCustom.DriverContainerModel::get_ContainerID()
DA:5,0
FN:6,System.Nullable`1<System.Int32> Domain.ModelsCustom.DriverContainerModel::get_Pro()
FNDA:12,System.Nullable`1<System.Int32> Domain.ModelsCustom.DriverContainerModel::get_Pro()
DA:7,12
FN:7,System.String Domain.ModelsCustom.DriverContainerModel::get_AppointmentTime()
FNDA:6,System.String Domain.ModelsCustom.DriverContainerModel::get_AppointmentTime()
DA:8,6
FN:8,System.String Domain.ModelsCustom.DriverContainerModel::get_MTPickupDate()
FNDA:0,System.String Domain.ModelsCustom.DriverContainerModel::get_MTPickupDate()
DA:9,0
FN:9,System.String Domain.ModelsCustom.DriverContainerModel::get_DestinationCity()
FNDA:6,System.String Domain.ModelsCustom.DriverContainerModel::get_DestinationCity()
DA:10,6
FN:10,System.String Domain.ModelsCustom.DriverContainerModel::get_DestinationState()
FNDA:6,System.String Domain.ModelsCustom.DriverContainerModel::get_DestinationState()
DA:11,6
FN:12,System.String Domain.ModelsCustom.DriverContainerModel::get_LoadType()
FNDA:6,System.String Domain.ModelsCustom.DriverContainerModel::get_LoadType()
DA:13,6
FN:13,System.String Domain.ModelsCustom.DriverContainerModel::get_Container()
FNDA:6,System.String Domain.ModelsCustom.DriverContainerModel::get_Container()
DA:14,6
FN:14,System.String Domain.ModelsCustom.DriverContainerModel::get_PO()
FNDA:6,System.String Domain.ModelsCustom.DriverContainerModel::get_PO()
DA:15,6
FN:15,System.Nullable`1<System.Double> Domain.ModelsCustom.DriverContainerModel::get_Quantity()
FNDA:6,System.Nullable`1<System.Double> Domain.ModelsCustom.DriverContainerModel::get_Quantity()
DA:16,6
FN:16,System.String Domain.ModelsCustom.DriverContainerModel::get_PDiemDate()
FNDA:6,System.String Domain.ModelsCustom.DriverContainerModel::get_PDiemDate()
DA:17,6
FN:18,System.String Domain.ModelsCustom.DriverContainerModel::get_ScheduledDeliveryDate()
FNDA:6,System.String Domain.ModelsCustom.DriverContainerModel::get_ScheduledDeliveryDate()
DA:19,6
FN:19,System.String Domain.ModelsCustom.DriverContainerModel::get_ContainerSize()
FNDA:6,System.String Domain.ModelsCustom.DriverContainerModel::get_ContainerSize()
DA:20,6
FN:20,System.String Domain.ModelsCustom.DriverContainerModel::get_FreeTime()
FNDA:0,System.String Domain.ModelsCustom.DriverContainerModel::get_FreeTime()
DA:21,0
FN:21,System.String Domain.ModelsCustom.DriverContainerModel::get_PickupDate()
FNDA:0,System.String Domain.ModelsCustom.DriverContainerModel::get_PickupDate()
DA:22,0
FN:22,System.String Domain.ModelsCustom.DriverContainerModel::get_DeliveryDate()
FNDA:0,System.String Domain.ModelsCustom.DriverContainerModel::get_DeliveryDate()
DA:23,0
FN:24,System.String Domain.ModelsCustom.DriverContainerModel::get_ReturnDate()
FNDA:0,System.String Domain.ModelsCustom.DriverContainerModel::get_ReturnDate()
DA:25,0
FN:25,System.Nullable`1<System.Int32> Domain.ModelsCustom.DriverContainerModel::get_PAccount()
FNDA:6,System.Nullable`1<System.Int32> Domain.ModelsCustom.DriverContainerModel::get_PAccount()
DA:26,6
FN:26,System.String Domain.ModelsCustom.DriverContainerModel::get_ETA()
FNDA:6,System.String Domain.ModelsCustom.DriverContainerModel::get_ETA()
DA:27,6
FN:27,System.String Domain.ModelsCustom.DriverContainerModel::get_PConsignee()
FNDA:6,System.String Domain.ModelsCustom.DriverContainerModel::get_PConsignee()
DA:28,6
FN:28,System.String Domain.ModelsCustom.DriverContainerModel::get_Consignee()
FNDA:6,System.String Domain.ModelsCustom.DriverContainerModel::get_Consignee()
DA:29,6
FN:30,System.String Domain.ModelsCustom.DriverContainerModel::get_Terminal()
FNDA:6,System.String Domain.ModelsCustom.DriverContainerModel::get_Terminal()
DA:31,6
FN:31,System.String Domain.ModelsCustom.DriverContainerModel::get_WorkDate()
FNDA:4,System.String Domain.ModelsCustom.DriverContainerModel::get_WorkDate()
DA:32,4
FN:32,System.String Domain.ModelsCustom.DriverContainerModel::get_AvailableDate()
FNDA:6,System.String Domain.ModelsCustom.DriverContainerModel::get_AvailableDate()
DA:33,6
FN:33,System.String Domain.ModelsCustom.DriverContainerModel::get_DateMT()
FNDA:6,System.String Domain.ModelsCustom.DriverContainerModel::get_DateMT()
DA:34,6
FN:34,System.String Domain.ModelsCustom.DriverContainerModel::get_ArrivedOn()
FNDA:6,System.String Domain.ModelsCustom.DriverContainerModel::get_ArrivedOn()
DA:35,6
FN:36,System.String Domain.ModelsCustom.DriverContainerModel::get_OrderStatus()
FNDA:6,System.String Domain.ModelsCustom.DriverContainerModel::get_OrderStatus()
DA:37,6
FN:37,System.Nullable`1<System.Double> Domain.ModelsCustom.DriverContainerModel::get_Weight()
FNDA:6,System.Nullable`1<System.Double> Domain.ModelsCustom.DriverContainerModel::get_Weight()
DA:38,6
FN:38,System.String Domain.ModelsCustom.DriverContainerModel::get_WeightUnit()
FNDA:6,System.String Domain.ModelsCustom.DriverContainerModel::get_WeightUnit()
DA:39,6
FN:39,System.String Domain.ModelsCustom.DriverContainerModel::get_WorkDateDelivery()
FNDA:6,System.String Domain.ModelsCustom.DriverContainerModel::get_WorkDateDelivery()
DA:40,6
FN:40,System.Nullable`1<System.DateTime> Domain.ModelsCustom.DriverContainerModel::get_OrderEntryDate()
FNDA:6,System.Nullable`1<System.DateTime> Domain.ModelsCustom.DriverContainerModel::get_OrderEntryDate()
DA:41,6
FN:42,System.String Domain.ModelsCustom.DriverContainerModel::get_LegType()
FNDA:12,System.String Domain.ModelsCustom.DriverContainerModel::get_LegType()
DA:43,12
FN:43,System.String Domain.ModelsCustom.DriverContainerModel::get_ViewMovedOn()
FNDA:6,System.String Domain.ModelsCustom.DriverContainerModel::get_ViewMovedOn()
DA:44,6
FN:44,System.String Domain.ModelsCustom.DriverContainerModel::get_BeginMovedOn()
FNDA:6,System.String Domain.ModelsCustom.DriverContainerModel::get_BeginMovedOn()
DA:45,6
FN:45,System.Nullable`1<System.Int32> Domain.ModelsCustom.DriverContainerModel::get_MoveStatusID()
FNDA:6,System.Nullable`1<System.Int32> Domain.ModelsCustom.DriverContainerModel::get_MoveStatusID()
DA:46,6
FN:46,System.String Domain.ModelsCustom.DriverContainerModel::get_SpecialInstructions()
FNDA:0,System.String Domain.ModelsCustom.DriverContainerModel::get_SpecialInstructions()
DA:47,0
FN:48,System.String Domain.ModelsCustom.DriverContainerModel::get_ConsigneeCity()
FNDA:6,System.String Domain.ModelsCustom.DriverContainerModel::get_ConsigneeCity()
DA:49,6
FN:49,System.String Domain.ModelsCustom.DriverContainerModel::get_ConsigneeAddress()
FNDA:6,System.String Domain.ModelsCustom.DriverContainerModel::get_ConsigneeAddress()
DA:50,6
FN:50,System.String Domain.ModelsCustom.DriverContainerModel::get_ConsigneeState()
FNDA:6,System.String Domain.ModelsCustom.DriverContainerModel::get_ConsigneeState()
DA:51,6
FN:51,System.String Domain.ModelsCustom.DriverContainerModel::get_ConsigneeZip()
FNDA:6,System.String Domain.ModelsCustom.DriverContainerModel::get_ConsigneeZip()
DA:52,6
FN:52,System.String Domain.ModelsCustom.DriverContainerModel::get_TerminalCity()
FNDA:6,System.String Domain.ModelsCustom.DriverContainerModel::get_TerminalCity()
DA:53,6
FN:54,System.String Domain.ModelsCustom.DriverContainerModel::get_TerminalAddress()
FNDA:6,System.String Domain.ModelsCustom.DriverContainerModel::get_TerminalAddress()
DA:55,6
FN:55,System.String Domain.ModelsCustom.DriverContainerModel::get_TermianalState()
FNDA:6,System.String Domain.ModelsCustom.DriverContainerModel::get_TermianalState()
DA:56,6
FN:56,System.String Domain.ModelsCustom.DriverContainerModel::get_TerminalZip()
FNDA:6,System.String Domain.ModelsCustom.DriverContainerModel::get_TerminalZip()
DA:57,6
FN:57,System.String Domain.ModelsCustom.DriverContainerModel::get_WarehouseCity()
FNDA:6,System.String Domain.ModelsCustom.DriverContainerModel::get_WarehouseCity()
DA:58,6
FN:58,System.String Domain.ModelsCustom.DriverContainerModel::get_WarehouseAddress()
FNDA:6,System.String Domain.ModelsCustom.DriverContainerModel::get_WarehouseAddress()
DA:59,6
FN:60,System.String Domain.ModelsCustom.DriverContainerModel::get_WarehouseState()
FNDA:6,System.String Domain.ModelsCustom.DriverContainerModel::get_WarehouseState()
DA:61,6
FN:61,System.String Domain.ModelsCustom.DriverContainerModel::get_WarehouseZip()
FNDA:6,System.String Domain.ModelsCustom.DriverContainerModel::get_WarehouseZip()
DA:62,6
FN:62,System.String Domain.ModelsCustom.DriverContainerModel::get_Warehouse()
FNDA:6,System.String Domain.ModelsCustom.DriverContainerModel::get_Warehouse()
DA:63,6
FN:63,System.String Domain.ModelsCustom.DriverContainerModel::get_DropOnDelivery()
FNDA:6,System.String Domain.ModelsCustom.DriverContainerModel::get_DropOnDelivery()
DA:64,6
FN:64,System.String Domain.ModelsCustom.DriverContainerModel::get_DropOnReturn()
FNDA:6,System.String Domain.ModelsCustom.DriverContainerModel::get_DropOnReturn()
DA:65,6
FN:66,System.String Domain.ModelsCustom.DriverContainerModel::get_DropOnPickup()
FNDA:6,System.String Domain.ModelsCustom.DriverContainerModel::get_DropOnPickup()
DA:67,6
FN:67,System.String Domain.ModelsCustom.DriverContainerModel::get_ChassisNumber()
FNDA:6,System.String Domain.ModelsCustom.DriverContainerModel::get_ChassisNumber()
DA:68,6
FN:68,System.String Domain.ModelsCustom.DriverContainerModel::get_LineChassis()
FNDA:6,System.String Domain.ModelsCustom.DriverContainerModel::get_LineChassis()
DA:69,6
FN:69,System.String Domain.ModelsCustom.DriverContainerModel::get_Commodity()
FNDA:6,System.String Domain.ModelsCustom.DriverContainerModel::get_Commodity()
DA:70,6
FN:70,System.String Domain.ModelsCustom.DriverContainerModel::get_Seal()
FNDA:6,System.String Domain.ModelsCustom.DriverContainerModel::get_Seal()
DA:71,6
FN:72,System.String Domain.ModelsCustom.DriverContainerModel::get_OtherRef()
FNDA:6,System.String Domain.ModelsCustom.DriverContainerModel::get_OtherRef()
DA:73,6
FN:73,System.String Domain.ModelsCustom.DriverContainerModel::get_PickupTerminal()
FNDA:6,System.String Domain.ModelsCustom.DriverContainerModel::get_PickupTerminal()
DA:74,6
FN:74,System.String Domain.ModelsCustom.DriverContainerModel::get_ReturnTerminal()
FNDA:6,System.String Domain.ModelsCustom.DriverContainerModel::get_ReturnTerminal()
DA:75,6
FN:75,System.String Domain.ModelsCustom.DriverContainerModel::get_VesselName()
FNDA:6,System.String Domain.ModelsCustom.DriverContainerModel::get_VesselName()
DA:76,6
FN:76,System.String Domain.ModelsCustom.DriverContainerModel::get_BillOrBooking()
FNDA:6,System.String Domain.ModelsCustom.DriverContainerModel::get_BillOrBooking()
DA:77,6
FN:78,System.String Domain.ModelsCustom.DriverContainerModel::get_PinOut()
FNDA:0,System.String Domain.ModelsCustom.DriverContainerModel::get_PinOut()
DA:79,0
FN:79,System.String Domain.ModelsCustom.DriverContainerModel::get_PinIn()
FNDA:0,System.String Domain.ModelsCustom.DriverContainerModel::get_PinIn()
DA:80,0
FN:80,System.String Domain.ModelsCustom.DriverContainerModel::get_WarehousePhone()
FNDA:6,System.String Domain.ModelsCustom.DriverContainerModel::get_WarehousePhone()
DA:81,6
FN:81,System.String Domain.ModelsCustom.DriverContainerModel::get_ConsigneePhone()
FNDA:6,System.String Domain.ModelsCustom.DriverContainerModel::get_ConsigneePhone()
DA:82,6
FN:82,System.String Domain.ModelsCustom.DriverContainerModel::get_ConsigneeContact()
FNDA:6,System.String Domain.ModelsCustom.DriverContainerModel::get_ConsigneeContact()
DA:83,6
FN:84,System.String Domain.ModelsCustom.DriverContainerModel::get_Imcha()
FNDA:6,System.String Domain.ModelsCustom.DriverContainerModel::get_Imcha()
DA:85,6
FN:85,System.String Domain.ModelsCustom.DriverContainerModel::get_OceanCarrier()
FNDA:0,System.String Domain.ModelsCustom.DriverContainerModel::get_OceanCarrier()
DA:86,0
FN:86,System.Nullable`1<System.Int32> Domain.ModelsCustom.DriverContainerModel::get_PickupNumber()
FNDA:0,System.Nullable`1<System.Int32> Domain.ModelsCustom.DriverContainerModel::get_PickupNumber()
DA:87,0
FN:87,System.Nullable`1<System.Int32> Domain.ModelsCustom.DriverContainerModel::get_Returnmtnum()
FNDA:0,System.Nullable`1<System.Int32> Domain.ModelsCustom.DriverContainerModel::get_Returnmtnum()
DA:88,0
FN:88,System.Nullable`1<System.DateTime> Domain.ModelsCustom.DriverContainerModel::get_VesselCutOffDate()
FNDA:0,System.Nullable`1<System.DateTime> Domain.ModelsCustom.DriverContainerModel::get_VesselCutOffDate()
DA:89,0
FN:89,System.String Domain.ModelsCustom.DriverContainerModel::get_ContainerType()
FNDA:6,System.String Domain.ModelsCustom.DriverContainerModel::get_ContainerType()
DA:90,6
FN:90,System.Nullable`1<System.Boolean> Domain.ModelsCustom.DriverContainerModel::get_IsBannered()
FNDA:6,System.Nullable`1<System.Boolean> Domain.ModelsCustom.DriverContainerModel::get_IsBannered()
DA:91,6
FN:91,System.String Domain.ModelsCustom.DriverContainerModel::get_ApptDate()
FNDA:6,System.String Domain.ModelsCustom.DriverContainerModel::get_ApptDate()
DA:92,6
FN:92,System.String Domain.ModelsCustom.DriverContainerModel::get_PURailOrWarehouse()
FNDA:6,System.String Domain.ModelsCustom.DriverContainerModel::get_PURailOrWarehouse()
DA:93,6
FN:93,System.String Domain.ModelsCustom.DriverContainerModel::get_DriverPickup()
FNDA:6,System.String Domain.ModelsCustom.DriverContainerModel::get_DriverPickup()
DA:94,6
FN:94,System.String Domain.ModelsCustom.DriverContainerModel::get_DriverDelivery()
FNDA:6,System.String Domain.ModelsCustom.DriverContainerModel::get_DriverDelivery()
DA:95,6
FN:95,System.String Domain.ModelsCustom.DriverContainerModel::get_COMPANYNAME()
FNDA:6,System.String Domain.ModelsCustom.DriverContainerModel::get_COMPANYNAME()
DA:96,6
FN:96,System.Nullable`1<System.Boolean> Domain.ModelsCustom.DriverContainerModel::get_IsPaperLess()
FNDA:2,System.Nullable`1<System.Boolean> Domain.ModelsCustom.DriverContainerModel::get_IsPaperLess()
DA:97,2
FN:97,System.String Domain.ModelsCustom.DriverContainerModel::get_ConsigneePODEmail()
FNDA:6,System.String Domain.ModelsCustom.DriverContainerModel::get_ConsigneePODEmail()
DA:98,6
FN:98,System.String Domain.ModelsCustom.DriverContainerModel::get_WarehousePODEmail()
FNDA:6,System.String Domain.ModelsCustom.DriverContainerModel::get_WarehousePODEmail()
DA:99,6
FN:99,System.String Domain.ModelsCustom.DriverContainerModel::get_PickupApt()
FNDA:6,System.String Domain.ModelsCustom.DriverContainerModel::get_PickupApt()
DA:100,6
FN:100,System.String Domain.ModelsCustom.DriverContainerModel::get_ReturnApt()
FNDA:6,System.String Domain.ModelsCustom.DriverContainerModel::get_ReturnApt()
DA:101,6
FN:101,System.String Domain.ModelsCustom.DriverContainerModel::get_EntryNo()
FNDA:6,System.String Domain.ModelsCustom.DriverContainerModel::get_EntryNo()
DA:102,6
FN:103,System.Nullable`1<System.Int32> Domain.ModelsCustom.DriverContainerModel::get_IsDriverInBeginMove()
FNDA:6,System.Nullable`1<System.Int32> Domain.ModelsCustom.DriverContainerModel::get_IsDriverInBeginMove()
DA:104,6
LF:85
LH:72
BRF:0
BRH:0
FNF:85
FNH:72
end_of_record
SF:/Users/mehedimayall/PROJECTS/IMF/APP/DriverApp_API/src/Domain/ModelsCustom/EmailLoginToken.cs
FN:5,System.Int32 Domain.ModelsCustom.EmailLoginToken::get_Id()
FNDA:0,System.Int32 Domain.ModelsCustom.EmailLoginToken::get_Id()
DA:6,0
FN:6,System.String Domain.ModelsCustom.EmailLoginToken::get_ContainerCode()
FNDA:0,System.String Domain.ModelsCustom.EmailLoginToken::get_ContainerCode()
DA:7,0
FN:7,System.Nullable`1<System.DateTime> Domain.ModelsCustom.EmailLoginToken::get_ValidTill()
FNDA:0,System.Nullable`1<System.DateTime> Domain.ModelsCustom.EmailLoginToken::get_ValidTill()
DA:8,0
FN:8,System.Nullable`1<System.Boolean> Domain.ModelsCustom.EmailLoginToken::get_IsUserLoggedOn()
FNDA:0,System.Nullable`1<System.Boolean> Domain.ModelsCustom.EmailLoginToken::get_IsUserLoggedOn()
DA:9,0
FN:9,System.Nullable`1<System.Int32> Domain.ModelsCustom.EmailLoginToken::get_DriverId()
FNDA:0,System.Nullable`1<System.Int32> Domain.ModelsCustom.EmailLoginToken::get_DriverId()
DA:10,0
FN:10,System.Nullable`1<System.DateTime> Domain.ModelsCustom.EmailLoginToken::get_CreatedOn()
FNDA:0,System.Nullable`1<System.DateTime> Domain.ModelsCustom.EmailLoginToken::get_CreatedOn()
DA:11,0
LF:6
LH:0
BRF:0
BRH:0
FNF:6
FNH:0
end_of_record
SF:/Users/mehedimayall/PROJECTS/IMF/APP/DriverApp_API/src/Domain/ModelsCustom/LoggedUserDetails.cs
FN:2,System.Int32 Domain.ModelsCustom.LoggedUserDetails::get_DriverID()
FNDA:0,System.Int32 Domain.ModelsCustom.LoggedUserDetails::get_DriverID()
DA:3,0
LF:1
LH:0
BRF:0
BRH:0
FNF:1
FNH:0
end_of_record
SF:/Users/mehedimayall/PROJECTS/IMF/APP/DriverApp_API/src/Domain/ModelsCustom/WorkQueueModel.cs
FN:7,System.Nullable`1<System.Int32> Domain.ModelsCustom.WorkQueueModel::get_ContainerID()
FNDA:34,System.Nullable`1<System.Int32> Domain.ModelsCustom.WorkQueueModel::get_ContainerID()
DA:8,34
FN:8,System.Nullable`1<System.Int32> Domain.ModelsCustom.WorkQueueModel::get_Pro()
FNDA:34,System.Nullable`1<System.Int32> Domain.ModelsCustom.WorkQueueModel::get_Pro()
DA:9,34
FN:10,System.Nullable`1<System.DateTime> Domain.ModelsCustom.WorkQueueModel::get_WorkDatePickup()
FNDA:34,System.Nullable`1<System.DateTime> Domain.ModelsCustom.WorkQueueModel::get_WorkDatePickup()
DA:11,34
FN:11,System.Nullable`1<System.DateTime> Domain.ModelsCustom.WorkQueueModel::get_PickupDate()
FNDA:16,System.Nullable`1<System.DateTime> Domain.ModelsCustom.WorkQueueModel::get_PickupDate()
DA:12,16
FN:12,System.Nullable`1<System.DateTime> Domain.ModelsCustom.WorkQueueModel::get_DeliveryDate()
FNDA:16,System.Nullable`1<System.DateTime> Domain.ModelsCustom.WorkQueueModel::get_DeliveryDate()
DA:13,16
FN:13,System.Nullable`1<System.DateTime> Domain.ModelsCustom.WorkQueueModel::get_ReturnDate()
FNDA:10,System.Nullable`1<System.DateTime> Domain.ModelsCustom.WorkQueueModel::get_ReturnDate()
DA:14,10
FN:15,System.Nullable`1<System.DateTime> Domain.ModelsCustom.WorkQueueModel::get_WorkDateDelivery()
FNDA:30,System.Nullable`1<System.DateTime> Domain.ModelsCustom.WorkQueueModel::get_WorkDateDelivery()
DA:16,30
FN:16,System.Nullable`1<System.DateTime> Domain.ModelsCustom.WorkQueueModel::get_OrderEntryDate()
FNDA:34,System.Nullable`1<System.DateTime> Domain.ModelsCustom.WorkQueueModel::get_OrderEntryDate()
DA:17,34
FN:17,System.String Domain.ModelsCustom.WorkQueueModel::get_LegType()
FNDA:34,System.String Domain.ModelsCustom.WorkQueueModel::get_LegType()
DA:18,34
FN:18,System.Nullable`1<System.DateTime> Domain.ModelsCustom.WorkQueueModel::get_ViewMovedOn()
FNDA:8,System.Nullable`1<System.DateTime> Domain.ModelsCustom.WorkQueueModel::get_ViewMovedOn()
DA:19,8
FN:19,System.Nullable`1<System.DateTime> Domain.ModelsCustom.WorkQueueModel::get_BeginMovedOn()
FNDA:6,System.Nullable`1<System.DateTime> Domain.ModelsCustom.WorkQueueModel::get_BeginMovedOn()
DA:20,6
FN:21,System.Nullable`1<System.Int32> Domain.ModelsCustom.WorkQueueModel::get_MoveStatusID()
FNDA:34,System.Nullable`1<System.Int32> Domain.ModelsCustom.WorkQueueModel::get_MoveStatusID()
DA:22,34
FN:22,System.Nullable`1<System.Int32> Domain.ModelsCustom.WorkQueueModel::get_IsRejected()
FNDA:0,System.Nullable`1<System.Int32> Domain.ModelsCustom.WorkQueueModel::get_IsRejected()
DA:23,0
FN:23,System.String Domain.ModelsCustom.WorkQueueModel::get_RejectedReason()
FNDA:0,System.String Domain.ModelsCustom.WorkQueueModel::get_RejectedReason()
DA:24,0
FN:24,System.Nullable`1<System.Int32> Domain.ModelsCustom.WorkQueueModel::get_DocumentID()
FNDA:0,System.Nullable`1<System.Int32> Domain.ModelsCustom.WorkQueueModel::get_DocumentID()
DA:25,0
FN:25,System.Nullable`1<System.Boolean> Domain.ModelsCustom.WorkQueueModel::get_IsPaperLess()
FNDA:34,System.Nullable`1<System.Boolean> Domain.ModelsCustom.WorkQueueModel::get_IsPaperLess()
DA:26,34
FN:27,System.Nullable`1<System.DateTime> Domain.ModelsCustom.WorkQueueModel::get_WORKDATE()
FNDA:34,System.Nullable`1<System.DateTime> Domain.ModelsCustom.WorkQueueModel::get_WORKDATE()
DA:28,34
FN:28,System.Nullable`1<System.Int32> Domain.ModelsCustom.WorkQueueModel::get_OrderNo()
FNDA:20,System.Nullable`1<System.Int32> Domain.ModelsCustom.WorkQueueModel::get_OrderNo()
DA:29,20
LF:18
LH:15
BRF:0
BRH:0
FNF:18
FNH:15
end_of_record
SF:/Users/mehedimayall/PROJECTS/IMF/APP/DriverApp_API/src/Domain/Exceptions/DriverContainerModelError.cs
FN:4,Domain.Exceptions.Error`1<DriverContainerModel> Domain.Exceptions.DriverContainerModelError`1::NoContainerFound()
FNDA:0,Domain.Exceptions.Error`1<DriverContainerModel> Domain.Exceptions.DriverContainerModelError`1::NoContainerFound()
DA:5,0
LF:1
LH:0
BRF:0
BRH:0
FNF:1
FNH:0
end_of_record
SF:/Users/mehedimayall/PROJECTS/IMF/APP/DriverApp_API/src/Domain/Exceptions/DriverDocumentError.cs
FN:6,Domain.Exceptions.Error`1<DriverDocuments> Domain.Exceptions.DriverDocumentError`1::DriverDocumentNotFound(Domain.ValueObjects.OrderLogID)
FNDA:8,Domain.Exceptions.Error`1<DriverDocuments> Domain.Exceptions.DriverDocumentError`1::DriverDocumentNotFound(Domain.ValueObjects.OrderLogID)
DA:7,8
DA:8,8
DA:9,8
LF:3
LH:3
BRF:0
BRH:0
FNF:1
FNH:1
end_of_record
SF:/Users/mehedimayall/PROJECTS/IMF/APP/DriverApp_API/src/Domain/Exceptions/DriverMovesError.cs
FN:6,Domain.Exceptions.Error`1<DriverMoves> Domain.Exceptions.DriverMovesError`1::DriverMovesNotFound(Domain.ValueObjects.OrderLogID)
FNDA:0,Domain.Exceptions.Error`1<DriverMoves> Domain.Exceptions.DriverMovesError`1::DriverMovesNotFound(Domain.ValueObjects.OrderLogID)
DA:7,0
DA:8,0
DA:9,0
LF:3
LH:0
BRF:0
BRH:0
FNF:1
FNH:0
end_of_record
SF:/Users/mehedimayall/PROJECTS/IMF/APP/DriverApp_API/src/Domain/Exceptions/Error.cs
FN:4,System.String Domain.Exceptions.Error`1::get_Message()
FNDA:106,System.String Domain.Exceptions.Error`1::get_Message()
DA:5,106
FN:7,Domain.Exceptions.Error`1<T> Domain.Exceptions.Error`1::Set(System.String,System.String)
FNDA:0,Domain.Exceptions.Error`1<T> Domain.Exceptions.Error`1::Set(System.String,System.String)
DA:8,0
FN:9,Domain.Shared.Result`1<T> Domain.Exceptions.Error`1::op_Implicit(Domain.Exceptions.Error`1<T>)
FNDA:51,Domain.Shared.Result`1<T> Domain.Exceptions.Error`1::op_Implicit(Domain.Exceptions.Error`1<T>)
DA:10,51
FN:6,System.Void Domain.Exceptions.Error`1::.cctor()
FNDA:9,System.Void Domain.Exceptions.Error`1::.cctor()
DA:7,9
LF:4
LH:3
BRF:0
BRH:0
FNF:4
FNH:3
end_of_record
SF:/Users/mehedimayall/PROJECTS/IMF/APP/DriverApp_API/src/Domain/Exceptions/FileInfoError.cs
FN:6,Domain.Exceptions.Error`1<FileInfoDto> Domain.Exceptions.FileInfoError`1::GetDivisionFolderNameIsNull(Domain.ValueObjects.CompanyID)
FNDA:0,Domain.Exceptions.Error`1<FileInfoDto> Domain.Exceptions.FileInfoError`1::GetDivisionFolderNameIsNull(Domain.ValueObjects.CompanyID)
DA:7,0
DA:8,0
DA:9,0
LF:3
LH:0
BRF:0
BRH:0
FNF:1
FNH:0
end_of_record
SF:/Users/mehedimayall/PROJECTS/IMF/APP/DriverApp_API/src/Domain/Exceptions/GlobalSetupError.cs
FN:5,Domain.Exceptions.Error`1<GlobalSetup> Domain.Exceptions.GlobalSetupError`1::GlobalSetupNotFound(Domain.ValueObjects.CompanyID)
FNDA:10,Domain.Exceptions.Error`1<GlobalSetup> Domain.Exceptions.GlobalSetupError`1::GlobalSetupNotFound(Domain.ValueObjects.CompanyID)
DA:6,10
DA:7,10
DA:8,10
LF:3
LH:3
BRF:0
BRH:0
FNF:1
FNH:1
end_of_record
SF:/Users/mehedimayall/PROJECTS/IMF/APP/DriverApp_API/src/Domain/Exceptions/LegTypeError.cs
FN:5,Domain.Exceptions.Error`1<LegType> Domain.Exceptions.LegTypeError`1::InvalidLegType(System.String)
FNDA:0,Domain.Exceptions.Error`1<LegType> Domain.Exceptions.LegTypeError`1::InvalidLegType(System.String)
DA:6,0
DA:7,0
DA:8,0
LF:3
LH:0
BRF:0
BRH:0
FNF:1
FNH:0
end_of_record
SF:/Users/mehedimayall/PROJECTS/IMF/APP/DriverApp_API/src/Domain/Exceptions/NotificationError.cs
FN:5,Domain.Exceptions.Error`1<DocumentNotifications> Domain.Exceptions.NotificationError`1::UnseenNotificationNotFound(Domain.ValueObjects.DriverID)
FNDA:8,Domain.Exceptions.Error`1<DocumentNotifications> Domain.Exceptions.NotificationError`1::UnseenNotificationNotFound(Domain.ValueObjects.DriverID)
DA:6,8
DA:7,8
DA:8,8
FN:9,Domain.Exceptions.Error`1<DocumentNotifications> Domain.Exceptions.NotificationError`1::NotificationNotFound(Domain.ValueObjects.DriverID)
FNDA:8,Domain.Exceptions.Error`1<DocumentNotifications> Domain.Exceptions.NotificationError`1::NotificationNotFound(Domain.ValueObjects.DriverID)
DA:10,8
DA:11,8
DA:12,8
FN:13,Domain.Exceptions.Error`1<DocumentNotifications> Domain.Exceptions.NotificationError`1::NotificationNotFound(System.Int32)
FNDA:0,Domain.Exceptions.Error`1<DocumentNotifications> Domain.Exceptions.NotificationError`1::NotificationNotFound(System.Int32)
DA:14,0
DA:15,0
DA:16,0
FN:17,Domain.Exceptions.Error`1<DocumentNotifications> Domain.Exceptions.NotificationError`1::NotificationSeenStatusNotFound(System.Int32)
FNDA:8,Domain.Exceptions.Error`1<DocumentNotifications> Domain.Exceptions.NotificationError`1::NotificationSeenStatusNotFound(System.Int32)
DA:18,8
DA:19,8
DA:20,8
LF:12
LH:9
BRF:0
BRH:0
FNF:4
FNH:3
end_of_record
SF:/Users/mehedimayall/PROJECTS/IMF/APP/DriverApp_API/src/Domain/Exceptions/OrderLogDocError.cs
FN:5,Domain.Exceptions.Error`1<OrderLogDoc> Domain.Exceptions.OrderLogDocError`1::OrderLogDocNotFound(Domain.ValueObjects.OrderLogID)
FNDA:8,Domain.Exceptions.Error`1<OrderLogDoc> Domain.Exceptions.OrderLogDocError`1::OrderLogDocNotFound(Domain.ValueObjects.OrderLogID)
DA:6,8
DA:7,8
DA:8,8
LF:3
LH:3
BRF:0
BRH:0
FNF:1
FNH:1
end_of_record
SF:/Users/mehedimayall/PROJECTS/IMF/APP/DriverApp_API/src/Domain/Exceptions/PODTemplatePathError.cs
FN:6,System.String Domain.Exceptions.PODTemplatePathError::TemplateFileNotFound(System.String)
FNDA:0,System.String Domain.Exceptions.PODTemplatePathError::TemplateFileNotFound(System.String)
DA:7,0
DA:8,0
DA:9,0
LF:3
LH:0
BRF:0
BRH:0
FNF:1
FNH:0
end_of_record
SF:/Users/mehedimayall/PROJECTS/IMF/APP/DriverApp_API/src/Domain/Exceptions/PreviewInstructionErrors.cs
FN:4,Domain.Exceptions.Error`1<T> Domain.Exceptions.PreviewInstructionErrors`1::ContainerRequestIsNull()
FNDA:0,Domain.Exceptions.Error`1<T> Domain.Exceptions.PreviewInstructionErrors`1::ContainerRequestIsNull()
DA:5,0
FN:5,Domain.Exceptions.Error`1<T> Domain.Exceptions.PreviewInstructionErrors`1::NoContainerFound()
FNDA:8,Domain.Exceptions.Error`1<T> Domain.Exceptions.PreviewInstructionErrors`1::NoContainerFound()
DA:6,8
LF:2
LH:1
BRF:0
BRH:0
FNF:2
FNH:1
end_of_record
SF:/Users/mehedimayall/PROJECTS/IMF/APP/DriverApp_API/src/Domain/Exceptions/PurchaseOrderError.cs
FN:5,Domain.Exceptions.Error`1<PurchaseOrder> Domain.Exceptions.PurchaseOrderError`1::PurchaseOrderNotFound(System.Int32)
FNDA:12,Domain.Exceptions.Error`1<PurchaseOrder> Domain.Exceptions.PurchaseOrderError`1::PurchaseOrderNotFound(System.Int32)
DA:6,12
DA:7,12
DA:8,12
LF:3
LH:3
BRF:0
BRH:0
FNF:1
FNH:1
end_of_record
SF:/Users/mehedimayall/PROJECTS/IMF/APP/DriverApp_API/src/Domain/Exceptions/SerializeError.cs
FN:4,Domain.Exceptions.Error`1<T> Domain.Exceptions.SerializeError`1::ContainerRequestIsNull()
FNDA:0,Domain.Exceptions.Error`1<T> Domain.Exceptions.SerializeError`1::ContainerRequestIsNull()
DA:5,0
FN:5,Domain.Exceptions.Error`1<T> Domain.Exceptions.SerializeError`1::RequestedParameterIsNull()
FNDA:0,Domain.Exceptions.Error`1<T> Domain.Exceptions.SerializeError`1::RequestedParameterIsNull()
DA:6,0
FN:6,Domain.Exceptions.Error`1<T> Domain.Exceptions.SerializeError`1::FailedToDeserializeObject()
FNDA:0,Domain.Exceptions.Error`1<T> Domain.Exceptions.SerializeError`1::FailedToDeserializeObject()
DA:7,0
LF:3
LH:0
BRF:0
BRH:0
FNF:3
FNH:0
end_of_record
SF:/Users/mehedimayall/PROJECTS/IMF/APP/DriverApp_API/src/Domain/Exceptions/SessionError.cs
FN:6,Domain.Exceptions.Error`1<SessionUserDto> Domain.Exceptions.SessionError`1::SessionUserNotFound()
FNDA:0,Domain.Exceptions.Error`1<SessionUserDto> Domain.Exceptions.SessionError`1::SessionUserNotFound()
DA:7,0
LF:1
LH:0
BRF:0
BRH:0
FNF:1
FNH:0
end_of_record
SF:/Users/mehedimayall/PROJECTS/IMF/APP/DriverApp_API/src/Domain/Exceptions/UserError.cs
FN:4,Domain.Exceptions.Error`1<T> Domain.Exceptions.UserError`1::NoUserDataFound(Domain.ValueObjects.UserID)
FNDA:0,Domain.Exceptions.Error`1<T> Domain.Exceptions.UserError`1::NoUserDataFound(Domain.ValueObjects.UserID)
DA:5,0
FN:5,Domain.Exceptions.Error`1<T> Domain.Exceptions.UserError`1::NoUserDataFoundByUserName(Domain.ValueObjects.UserID)
FNDA:12,Domain.Exceptions.Error`1<T> Domain.Exceptions.UserError`1::NoUserDataFoundByUserName(Domain.ValueObjects.UserID)
DA:6,12
LF:2
LH:1
BRF:0
BRH:0
FNF:2
FNH:1
end_of_record
SF:/Users/mehedimayall/PROJECTS/IMF/APP/DriverApp_API/src/Domain/Entities/Driver.cs
FN:6,System.Int32 Domain.Entities.Driver::get_DriverId()
FNDA:2,System.Int32 Domain.Entities.Driver::get_DriverId()
DA:7,2
FN:7,System.String Domain.Entities.Driver::get_CompanyId()
FNDA:3,System.String Domain.Entities.Driver::get_CompanyId()
DA:8,3
FN:8,System.String Domain.Entities.Driver::get_DriverCodeId()
FNDA:2,System.String Domain.Entities.Driver::get_DriverCodeId()
DA:9,2
FN:9,System.String Domain.Entities.Driver::get_PayrollId()
FNDA:2,System.String Domain.Entities.Driver::get_PayrollId()
DA:10,2
FN:10,System.String Domain.Entities.Driver::get_DriverType()
FNDA:2,System.String Domain.Entities.Driver::get_DriverType()
DA:11,2
FN:11,System.Nullable`1<System.Int32> Domain.Entities.Driver::get_DriverCompanyId()
FNDA:2,System.Nullable`1<System.Int32> Domain.Entities.Driver::get_DriverCompanyId()
DA:12,2
FN:12,System.String Domain.Entities.Driver::get_FirstName()
FNDA:3,System.String Domain.Entities.Driver::get_FirstName()
DA:13,3
FN:13,System.String Domain.Entities.Driver::get_MiddleName()
FNDA:2,System.String Domain.Entities.Driver::get_MiddleName()
DA:14,2
FN:14,System.String Domain.Entities.Driver::get_LastName()
FNDA:2,System.String Domain.Entities.Driver::get_LastName()
DA:15,2
FN:15,System.Nullable`1<System.Int32> Domain.Entities.Driver::get_AddressId()
FNDA:2,System.Nullable`1<System.Int32> Domain.Entities.Driver::get_AddressId()
DA:16,2
FN:16,System.Nullable`1<System.DateTime> Domain.Entities.Driver::get_BirthDate()
FNDA:2,System.Nullable`1<System.DateTime> Domain.Entities.Driver::get_BirthDate()
DA:17,2
FN:17,System.String Domain.Entities.Driver::get_SsnNo()
FNDA:2,System.String Domain.Entities.Driver::get_SsnNo()
DA:18,2
FN:18,System.String Domain.Entities.Driver::get_FederalId()
FNDA:2,System.String Domain.Entities.Driver::get_FederalId()
DA:19,2
FN:19,System.Nullable`1<System.DateTime> Domain.Entities.Driver::get_HireDate()
FNDA:0,System.Nullable`1<System.DateTime> Domain.Entities.Driver::get_HireDate()
DA:20,0
FN:20,System.Nullable`1<System.DateTime> Domain.Entities.Driver::get_TerDate()
FNDA:0,System.Nullable`1<System.DateTime> Domain.Entities.Driver::get_TerDate()
DA:21,0
FN:21,System.String Domain.Entities.Driver::get_LicNo()
FNDA:2,System.String Domain.Entities.Driver::get_LicNo()
DA:22,2
FN:22,System.String Domain.Entities.Driver::get_LicState()
FNDA:2,System.String Domain.Entities.Driver::get_LicState()
DA:23,2
FN:23,System.Nullable`1<System.DateTime> Domain.Entities.Driver::get_LicExpDate()
FNDA:0,System.Nullable`1<System.DateTime> Domain.Entities.Driver::get_LicExpDate()
DA:24,0
FN:24,System.Nullable`1<System.DateTime> Domain.Entities.Driver::get_NextExamDate()
FNDA:0,System.Nullable`1<System.DateTime> Domain.Entities.Driver::get_NextExamDate()
DA:25,0
FN:25,System.String Domain.Entities.Driver::get_AuthorStates()
FNDA:2,System.String Domain.Entities.Driver::get_AuthorStates()
DA:26,2
FN:26,System.String Domain.Entities.Driver::get_InsCompanyName()
FNDA:2,System.String Domain.Entities.Driver::get_InsCompanyName()
DA:27,2
FN:27,System.String Domain.Entities.Driver::get_InsId()
FNDA:2,System.String Domain.Entities.Driver::get_InsId()
DA:28,2
FN:28,System.String Domain.Entities.Driver::get_InsType()
FNDA:2,System.String Domain.Entities.Driver::get_InsType()
DA:29,2
FN:29,System.String Domain.Entities.Driver::get_Status()
FNDA:2,System.String Domain.Entities.Driver::get_Status()
DA:30,2
FN:30,System.String Domain.Entities.Driver::get_Note()
FNDA:2,System.String Domain.Entities.Driver::get_Note()
DA:31,2
FN:31,System.Nullable`1<System.Int32> Domain.Entities.Driver::get_TruckId()
FNDA:0,System.Nullable`1<System.Int32> Domain.Entities.Driver::get_TruckId()
DA:32,0
FN:32,System.String Domain.Entities.Driver::get_Type()
FNDA:2,System.String Domain.Entities.Driver::get_Type()
DA:33,2
FN:33,System.String Domain.Entities.Driver::get_LicPlate()
FNDA:2,System.String Domain.Entities.Driver::get_LicPlate()
DA:34,2
FN:34,System.Nullable`1<System.Double> Domain.Entities.Driver::get_Uniform()
FNDA:2,System.Nullable`1<System.Double> Domain.Entities.Driver::get_Uniform()
DA:35,2
FN:35,System.Nullable`1<System.Double> Domain.Entities.Driver::get_WComp()
FNDA:2,System.Nullable`1<System.Double> Domain.Entities.Driver::get_WComp()
DA:36,2
FN:36,System.Nullable`1<System.Double> Domain.Entities.Driver::get_LoanRepyt()
FNDA:2,System.Nullable`1<System.Double> Domain.Entities.Driver::get_LoanRepyt()
DA:37,2
FN:37,System.Nullable`1<System.Double> Domain.Entities.Driver::get_EarningsAdj()
FNDA:2,System.Nullable`1<System.Double> Domain.Entities.Driver::get_EarningsAdj()
DA:38,2
FN:38,System.Nullable`1<System.Boolean> Domain.Entities.Driver::get_PayExclude()
FNDA:2,System.Nullable`1<System.Boolean> Domain.Entities.Driver::get_PayExclude()
DA:39,2
FN:39,System.String Domain.Entities.Driver::get_DriverBelong()
FNDA:0,System.String Domain.Entities.Driver::get_DriverBelong()
DA:40,0
FN:40,System.Nullable`1<System.Int32> Domain.Entities.Driver::get_DriverHwId()
FNDA:0,System.Nullable`1<System.Int32> Domain.Entities.Driver::get_DriverHwId()
DA:41,0
FN:41,System.Nullable`1<System.DateTime> Domain.Entities.Driver::get_OoInspDate()
FNDA:2,System.Nullable`1<System.DateTime> Domain.Entities.Driver::get_OoInspDate()
DA:42,2
FN:42,System.String Domain.Entities.Driver::get_UserId()
FNDA:4,System.String Domain.Entities.Driver::get_UserId()
DA:43,4
FN:43,System.String Domain.Entities.Driver::get_Password()
FNDA:2,System.String Domain.Entities.Driver::get_Password()
DA:44,2
FN:44,System.String Domain.Entities.Driver::get_Password2()
FNDA:2,System.String Domain.Entities.Driver::get_Password2()
DA:45,2
FN:45,System.Nullable`1<System.Boolean> Domain.Entities.Driver::get_IsPaperless()
FNDA:0,System.Nullable`1<System.Boolean> Domain.Entities.Driver::get_IsPaperless()
DA:46,0
FN:46,System.Nullable`1<System.Int32> Domain.Entities.Driver::get_FmsDriverId()
FNDA:0,System.Nullable`1<System.Int32> Domain.Entities.Driver::get_FmsDriverId()
DA:47,0
FN:47,Domain.Entities.Address Domain.Entities.Driver::get_Address()
FNDA:0,Domain.Entities.Address Domain.Entities.Driver::get_Address()
DA:48,0
FN:48,System.Nullable`1<System.DateTime> Domain.Entities.Driver::get_CreationDateTime()
FNDA:2,System.Nullable`1<System.DateTime> Domain.Entities.Driver::get_CreationDateTime()
DA:49,2
FN:49,System.String Domain.Entities.Driver::get_CreationUserId()
FNDA:4,System.String Domain.Entities.Driver::get_CreationUserId()
DA:50,4
FN:50,System.Nullable`1<System.DateTime> Domain.Entities.Driver::get_LastUpdateDatetime()
FNDA:2,System.Nullable`1<System.DateTime> Domain.Entities.Driver::get_LastUpdateDatetime()
DA:51,2
FN:51,System.String Domain.Entities.Driver::get_LastUpdateUserId()
FNDA:2,System.String Domain.Entities.Driver::get_LastUpdateUserId()
DA:52,2
FN:52,System.String Domain.Entities.Driver::get_DayNight()
FNDA:0,System.String Domain.Entities.Driver::get_DayNight()
DA:53,0
FN:53,System.Nullable`1<System.Double> Domain.Entities.Driver::get_Insurance()
FNDA:0,System.Nullable`1<System.Double> Domain.Entities.Driver::get_Insurance()
DA:54,0
FN:54,System.Nullable`1<System.Double> Domain.Entities.Driver::get_DirectDep()
FNDA:0,System.Nullable`1<System.Double> Domain.Entities.Driver::get_DirectDep()
DA:55,0
FN:55,System.Nullable`1<System.Double> Domain.Entities.Driver::get_InsurOccAcc()
FNDA:0,System.Nullable`1<System.Double> Domain.Entities.Driver::get_InsurOccAcc()
DA:56,0
FN:56,System.Nullable`1<System.Double> Domain.Entities.Driver::get_EldSecDeposit()
FNDA:0,System.Nullable`1<System.Double> Domain.Entities.Driver::get_EldSecDeposit()
DA:57,0
FN:57,System.Nullable`1<System.Double> Domain.Entities.Driver::get_EldUsageFee()
FNDA:0,System.Nullable`1<System.Double> Domain.Entities.Driver::get_EldUsageFee()
DA:58,0
FN:58,System.Nullable`1<System.Double> Domain.Entities.Driver::get_NTLInsur()
FNDA:0,System.Nullable`1<System.Double> Domain.Entities.Driver::get_NTLInsur()
DA:59,0
FN:59,System.Nullable`1<System.DateTime> Domain.Entities.Driver::get_BobTailsAndDue()
FNDA:0,System.Nullable`1<System.DateTime> Domain.Entities.Driver::get_BobTailsAndDue()
DA:60,0
FN:60,System.Nullable`1<System.DateTime> Domain.Entities.Driver::get_RegDue()
FNDA:0,System.Nullable`1<System.DateTime> Domain.Entities.Driver::get_RegDue()
DA:61,0
FN:61,System.Nullable`1<System.DateTime> Domain.Entities.Driver::get_LiabilityInsDue()
FNDA:0,System.Nullable`1<System.DateTime> Domain.Entities.Driver::get_LiabilityInsDue()
DA:62,0
LF:56
LH:36
BRF:0
BRH:0
FNF:56
FNH:36
end_of_record
SF:/Users/mehedimayall/PROJECTS/IMF/APP/DriverApp_API/src/Domain/Entities/DriverDocumentNotifications.cs
FN:8,System.Int32 Domain.Entities.DocumentNotifications::get_Id()
FNDA:2842,System.Int32 Domain.Entities.DocumentNotifications::get_Id()
DA:9,2842
FN:9,System.Int32 Domain.Entities.DocumentNotifications::get_DriverId()
FNDA:2846,System.Int32 Domain.Entities.DocumentNotifications::get_DriverId()
DA:10,2846
FN:10,System.Int32 Domain.Entities.DocumentNotifications::get_ProNumber()
FNDA:2838,System.Int32 Domain.Entities.DocumentNotifications::get_ProNumber()
DA:11,2838
FN:11,System.String Domain.Entities.DocumentNotifications::get_Title()
FNDA:2838,System.String Domain.Entities.DocumentNotifications::get_Title()
DA:12,2838
FN:12,System.String Domain.Entities.DocumentNotifications::get_Details()
FNDA:2838,System.String Domain.Entities.DocumentNotifications::get_Details()
DA:13,2838
FN:13,System.Nullable`1<System.DateTime> Domain.Entities.DocumentNotifications::get_SeenOn()
FNDA:2,System.Nullable`1<System.DateTime> Domain.Entities.DocumentNotifications::get_SeenOn()
DA:14,2
FN:14,System.Nullable`1<System.Int32> Domain.Entities.DocumentNotifications::get_NotificationTypeId()
FNDA:2832,System.Nullable`1<System.Int32> Domain.Entities.DocumentNotifications::get_NotificationTypeId()
DA:15,2832
FN:15,System.DateTime Domain.Entities.DocumentNotifications::get_CreatedOn()
FNDA:2838,System.DateTime Domain.Entities.DocumentNotifications::get_CreatedOn()
DA:16,2838
LF:8
LH:8
BRF:0
BRH:0
FNF:8
FNH:8
end_of_record
SF:/Users/mehedimayall/PROJECTS/IMF/APP/DriverApp_API/src/Domain/Entities/DriverDocuments.cs
FN:7,System.Int32 Domain.Entities.DriverDocuments::get_Id()
FNDA:4,System.Int32 Domain.Entities.DriverDocuments::get_Id()
DA:8,4
FN:8,System.String Domain.Entities.DriverDocuments::get_ContainerCode()
FNDA:4,System.String Domain.Entities.DriverDocuments::get_ContainerCode()
DA:9,4
FN:9,System.Nullable`1<System.Int32> Domain.Entities.DriverDocuments::get_CompanyId()
FNDA:4,System.Nullable`1<System.Int32> Domain.Entities.DriverDocuments::get_CompanyId()
DA:10,4
FN:10,System.Nullable`1<System.Int32> Domain.Entities.DriverDocuments::get_ProNumber()
FNDA:8,System.Nullable`1<System.Int32> Domain.Entities.DriverDocuments::get_ProNumber()
DA:11,8
FN:11,System.String Domain.Entities.DriverDocuments::get_LegType()
FNDA:4,System.String Domain.Entities.DriverDocuments::get_LegType()
DA:12,4
FN:12,System.Nullable`1<System.Int32> Domain.Entities.DriverDocuments::get_DocumentId()
FNDA:4,System.Nullable`1<System.Int32> Domain.Entities.DriverDocuments::get_DocumentId()
DA:13,4
FN:13,System.String Domain.Entities.DriverDocuments::get_PhysicalFilename()
FNDA:4,System.String Domain.Entities.DriverDocuments::get_PhysicalFilename()
DA:14,4
FN:14,System.Nullable`1<System.Boolean> Domain.Entities.DriverDocuments::get_IsRejected()
FNDA:0,System.Nullable`1<System.Boolean> Domain.Entities.DriverDocuments::get_IsRejected()
DA:15,0
FN:15,System.String Domain.Entities.DriverDocuments::get_ReceivedBy()
FNDA:0,System.String Domain.Entities.DriverDocuments::get_ReceivedBy()
DA:16,0
FN:16,System.Nullable`1<System.DateTime> Domain.Entities.DriverDocuments::get_ReceiveDate()
FNDA:0,System.Nullable`1<System.DateTime> Domain.Entities.DriverDocuments::get_ReceiveDate()
DA:17,0
FN:17,System.Nullable`1<System.Int32> Domain.Entities.DriverDocuments::get_InTime()
FNDA:4,System.Nullable`1<System.Int32> Domain.Entities.DriverDocuments::get_InTime()
DA:18,4
FN:18,System.Nullable`1<System.Int32> Domain.Entities.DriverDocuments::get_OutTime()
FNDA:4,System.Nullable`1<System.Int32> Domain.Entities.DriverDocuments::get_OutTime()
DA:19,4
FN:19,System.String Domain.Entities.DriverDocuments::get_MiscellaneousNote()
FNDA:0,System.String Domain.Entities.DriverDocuments::get_MiscellaneousNote()
DA:20,0
FN:20,System.String Domain.Entities.DriverDocuments::get_RejectedReason()
FNDA:0,System.String Domain.Entities.DriverDocuments::get_RejectedReason()
DA:21,0
FN:21,System.String Domain.Entities.DriverDocuments::get_Remarks()
FNDA:0,System.String Domain.Entities.DriverDocuments::get_Remarks()
DA:22,0
FN:22,System.Nullable`1<System.Boolean> Domain.Entities.DriverDocuments::get_IsPaperlessTerminal()
FNDA:0,System.Nullable`1<System.Boolean> Domain.Entities.DriverDocuments::get_IsPaperlessTerminal()
DA:23,0
FN:23,System.Nullable`1<System.Boolean> Domain.Entities.DriverDocuments::get_IsActive()
FNDA:4,System.Nullable`1<System.Boolean> Domain.Entities.DriverDocuments::get_IsActive()
DA:24,4
FN:24,System.Nullable`1<System.Int32> Domain.Entities.DriverDocuments::get_CreatedById()
FNDA:4,System.Nullable`1<System.Int32> Domain.Entities.DriverDocuments::get_CreatedById()
DA:25,4
FN:25,System.Nullable`1<System.DateTime> Domain.Entities.DriverDocuments::get_CreatedOn()
FNDA:4,System.Nullable`1<System.DateTime> Domain.Entities.DriverDocuments::get_CreatedOn()
DA:26,4
FN:26,System.String Domain.Entities.DriverDocuments::get_UpdatedById()
FNDA:0,System.String Domain.Entities.DriverDocuments::get_UpdatedById()
DA:27,0
FN:27,System.Nullable`1<System.DateTime> Domain.Entities.DriverDocuments::get_UpdatedOn()
FNDA:0,System.Nullable`1<System.DateTime> Domain.Entities.DriverDocuments::get_UpdatedOn()
DA:28,0
LF:21
LH:12
BRF:0
BRH:0
FNF:21
FNH:12
end_of_record
SF:/Users/mehedimayall/PROJECTS/IMF/APP/DriverApp_API/src/Domain/Entities/DriverMove.cs
FN:8,System.Nullable`1<System.Int32> Domain.Entities.DriverMoves::get_ID()
FNDA:0,System.Nullable`1<System.Int32> Domain.Entities.DriverMoves::get_ID()
DA:9,0
FN:10,System.String Domain.Entities.DriverMoves::get_CompanyID()
FNDA:0,System.String Domain.Entities.DriverMoves::get_CompanyID()
DA:11,0
FN:11,System.Nullable`1<System.Int32> Domain.Entities.DriverMoves::get_ProNumber()
FNDA:0,System.Nullable`1<System.Int32> Domain.Entities.DriverMoves::get_ProNumber()
DA:12,0
FN:12,System.Nullable`1<System.Int32> Domain.Entities.DriverMoves::get_DriverID()
FNDA:0,System.Nullable`1<System.Int32> Domain.Entities.DriverMoves::get_DriverID()
DA:13,0
FN:13,System.String Domain.Entities.DriverMoves::get_LegType()
FNDA:0,System.String Domain.Entities.DriverMoves::get_LegType()
DA:14,0
FN:14,System.Nullable`1<System.DateTime> Domain.Entities.DriverMoves::get_ViewMovedOn()
FNDA:0,System.Nullable`1<System.DateTime> Domain.Entities.DriverMoves::get_ViewMovedOn()
DA:15,0
FN:16,System.Nullable`1<System.DateTime> Domain.Entities.DriverMoves::get_BeginMovedOn()
FNDA:0,System.Nullable`1<System.DateTime> Domain.Entities.DriverMoves::get_BeginMovedOn()
DA:17,0
FN:17,System.Nullable`1<System.Boolean> Domain.Entities.DriverMoves::get_IsEmailSent()
FNDA:0,System.Nullable`1<System.Boolean> Domain.Entities.DriverMoves::get_IsEmailSent()
DA:18,0
FN:18,System.Nullable`1<System.DateTime> Domain.Entities.DriverMoves::get_MoveCompletedOn()
FNDA:0,System.Nullable`1<System.DateTime> Domain.Entities.DriverMoves::get_MoveCompletedOn()
DA:19,0
FN:19,System.Nullable`1<System.DateTime> Domain.Entities.DriverMoves::get_CreatedOn()
FNDA:0,System.Nullable`1<System.DateTime> Domain.Entities.DriverMoves::get_CreatedOn()
DA:20,0
LF:10
LH:0
BRF:0
BRH:0
FNF:10
FNH:0
end_of_record
SF:/Users/mehedimayall/PROJECTS/IMF/APP/DriverApp_API/src/Domain/Entities/GlobalSetup.cs
FN:6,System.Nullable`1<System.Int32> Domain.Entities.GlobalSetup::get_GlobalSetupId()
FNDA:4,System.Nullable`1<System.Int32> Domain.Entities.GlobalSetup::get_GlobalSetupId()
DA:7,4
FN:8,System.String Domain.Entities.GlobalSetup::get_CompanyId()
FNDA:8,System.String Domain.Entities.GlobalSetup::get_CompanyId()
DA:9,8
FN:9,System.String Domain.Entities.GlobalSetup::get_CompanyName()
FNDA:4,System.String Domain.Entities.GlobalSetup::get_CompanyName()
DA:10,4
FN:10,System.String Domain.Entities.GlobalSetup::get_CompanyAddress()
FNDA:4,System.String Domain.Entities.GlobalSetup::get_CompanyAddress()
DA:11,4
FN:11,System.String Domain.Entities.GlobalSetup::get_CompanyPhone()
FNDA:4,System.String Domain.Entities.GlobalSetup::get_CompanyPhone()
DA:12,4
FN:12,System.String Domain.Entities.GlobalSetup::get_CompanyFax()
FNDA:4,System.String Domain.Entities.GlobalSetup::get_CompanyFax()
DA:13,4
FN:14,System.String Domain.Entities.GlobalSetup::get_ScannedDocPath()
FNDA:4,System.String Domain.Entities.GlobalSetup::get_ScannedDocPath()
DA:15,4
FN:15,System.String Domain.Entities.GlobalSetup::get_ProgramTitle()
FNDA:4,System.String Domain.Entities.GlobalSetup::get_ProgramTitle()
DA:16,4
FN:16,System.String Domain.Entities.GlobalSetup::get_CompanyCode()
FNDA:4,System.String Domain.Entities.GlobalSetup::get_CompanyCode()
DA:17,4
FN:17,System.String Domain.Entities.GlobalSetup::get_Street()
FNDA:4,System.String Domain.Entities.GlobalSetup::get_Street()
DA:18,4
FN:18,System.String Domain.Entities.GlobalSetup::get_City()
FNDA:4,System.String Domain.Entities.GlobalSetup::get_City()
DA:19,4
FN:20,System.String Domain.Entities.GlobalSetup::get_State()
FNDA:4,System.String Domain.Entities.GlobalSetup::get_State()
DA:21,4
FN:21,System.String Domain.Entities.GlobalSetup::get_ZipCode()
FNDA:4,System.String Domain.Entities.GlobalSetup::get_ZipCode()
DA:22,4
FN:22,System.String Domain.Entities.GlobalSetup::get_LocalScannedDocPath()
FNDA:4,System.String Domain.Entities.GlobalSetup::get_LocalScannedDocPath()
DA:23,4
LF:14
LH:14
BRF:0
BRH:0
FNF:14
FNH:14
end_of_record
SF:/Users/mehedimayall/PROJECTS/IMF/APP/DriverApp_API/src/Domain/Entities/OrderLog.cs
FN:5,System.Int32 Domain.Entities.OrderLog::get_OrderLogId()
FNDA:0,System.Int32 Domain.Entities.OrderLog::get_OrderLogId()
DA:6,0
FN:6,System.Nullable`1<System.DateTime> Domain.Entities.OrderLog::get_CreationDateTime()
FNDA:0,System.Nullable`1<System.DateTime> Domain.Entities.OrderLog::get_CreationDateTime()
DA:7,0
FN:7,System.String Domain.Entities.OrderLog::get_CreationUserId()
FNDA:0,System.String Domain.Entities.OrderLog::get_CreationUserId()
DA:8,0
FN:8,System.Nullable`1<System.DateTime> Domain.Entities.OrderLog::get_LastUpdateDateTime()
FNDA:0,System.Nullable`1<System.DateTime> Domain.Entities.OrderLog::get_LastUpdateDateTime()
DA:9,0
FN:9,System.String Domain.Entities.OrderLog::get_LastUpdateUserId()
FNDA:0,System.String Domain.Entities.OrderLog::get_LastUpdateUserId()
DA:10,0
FN:10,System.String Domain.Entities.OrderLog::get_CompanyId()
FNDA:0,System.String Domain.Entities.OrderLog::get_CompanyId()
DA:11,0
FN:11,System.Nullable`1<System.DateTime> Domain.Entities.OrderLog::get_DeliveryOrderReceivedOn()
FNDA:0,System.Nullable`1<System.DateTime> Domain.Entities.OrderLog::get_DeliveryOrderReceivedOn()
DA:12,0
FN:12,System.Nullable`1<System.Int32> Domain.Entities.OrderLog::get_CarrierId()
FNDA:0,System.Nullable`1<System.Int32> Domain.Entities.OrderLog::get_CarrierId()
DA:13,0
FN:13,System.String Domain.Entities.OrderLog::get_ContainerCode()
FNDA:0,System.String Domain.Entities.OrderLog::get_ContainerCode()
DA:14,0
FN:14,System.String Domain.Entities.OrderLog::get_TrailerNo()
FNDA:0,System.String Domain.Entities.OrderLog::get_TrailerNo()
DA:15,0
FN:15,System.String Domain.Entities.OrderLog::get_ContainerType()
FNDA:0,System.String Domain.Entities.OrderLog::get_ContainerType()
DA:16,0
FN:16,System.String Domain.Entities.OrderLog::get_ContainerSize()
FNDA:0,System.String Domain.Entities.OrderLog::get_ContainerSize()
DA:17,0
FN:17,System.Nullable`1<System.DateTime> Domain.Entities.OrderLog::get_PickedUpDate()
FNDA:0,System.Nullable`1<System.DateTime> Domain.Entities.OrderLog::get_PickedUpDate()
DA:18,0
FN:18,System.Nullable`1<System.DateTime> Domain.Entities.OrderLog::get_DeliveryDate()
FNDA:0,System.Nullable`1<System.DateTime> Domain.Entities.OrderLog::get_DeliveryDate()
DA:19,0
FN:19,System.Nullable`1<System.DateTime> Domain.Entities.OrderLog::get_ReturnDate()
FNDA:0,System.Nullable`1<System.DateTime> Domain.Entities.OrderLog::get_ReturnDate()
DA:20,0
FN:20,System.String Domain.Entities.OrderLog::get_SealNumber()
FNDA:0,System.String Domain.Entities.OrderLog::get_SealNumber()
DA:21,0
FN:21,System.Nullable`1<System.Int32> Domain.Entities.OrderLog::get_BillToCustomerId()
FNDA:0,System.Nullable`1<System.Int32> Domain.Entities.OrderLog::get_BillToCustomerId()
DA:22,0
FN:22,System.Nullable`1<System.Int32> Domain.Entities.OrderLog::get_VesselId()
FNDA:0,System.Nullable`1<System.Int32> Domain.Entities.OrderLog::get_VesselId()
DA:23,0
FN:23,System.Nullable`1<System.DateTime> Domain.Entities.OrderLog::get_ExpectedTimeOfArrival()
FNDA:0,System.Nullable`1<System.DateTime> Domain.Entities.OrderLog::get_ExpectedTimeOfArrival()
DA:24,0
FN:24,System.Nullable`1<System.Double> Domain.Entities.OrderLog::get_Quantity()
FNDA:0,System.Nullable`1<System.Double> Domain.Entities.OrderLog::get_Quantity()
DA:25,0
FN:25,System.String Domain.Entities.OrderLog::get_Commodity()
FNDA:0,System.String Domain.Entities.OrderLog::get_Commodity()
DA:26,0
FN:26,System.String Domain.Entities.OrderLog::get_CommodityCategory()
FNDA:0,System.String Domain.Entities.OrderLog::get_CommodityCategory()
DA:27,0
FN:27,System.Nullable`1<System.Int32> Domain.Entities.OrderLog::get_ConsigneeId()
FNDA:0,System.Nullable`1<System.Int32> Domain.Entities.OrderLog::get_ConsigneeId()
DA:28,0
FN:28,System.String Domain.Entities.OrderLog::get_PurchaseOrder()
FNDA:0,System.String Domain.Entities.OrderLog::get_PurchaseOrder()
DA:29,0
FN:29,System.String Domain.Entities.OrderLog::get_LoadType()
FNDA:0,System.String Domain.Entities.OrderLog::get_LoadType()
DA:30,0
FN:30,System.String Domain.Entities.OrderLog::get_DeliveryOrderFlagged()
FNDA:0,System.String Domain.Entities.OrderLog::get_DeliveryOrderFlagged()
DA:31,0
FN:31,System.Nullable`1<System.Int32> Domain.Entities.OrderLog::get_TerminalId()
FNDA:0,System.Nullable`1<System.Int32> Domain.Entities.OrderLog::get_TerminalId()
DA:32,0
FN:32,System.Nullable`1<System.DateTime> Domain.Entities.OrderLog::get_Dat()
FNDA:0,System.Nullable`1<System.DateTime> Domain.Entities.OrderLog::get_Dat()
DA:33,0
FN:33,System.String Domain.Entities.OrderLog::get_Billed()
FNDA:0,System.String Domain.Entities.OrderLog::get_Billed()
DA:34,0
FN:34,System.String Domain.Entities.OrderLog::get_BillOfLading()
FNDA:0,System.String Domain.Entities.OrderLog::get_BillOfLading()
DA:35,0
FN:35,System.Nullable`1<System.DateTime> Domain.Entities.OrderLog::get_ScheduledDateTime()
FNDA:0,System.Nullable`1<System.DateTime> Domain.Entities.OrderLog::get_ScheduledDateTime()
DA:36,0
FN:36,System.Nullable`1<System.Int32> Domain.Entities.OrderLog::get_WarehouseId()
FNDA:0,System.Nullable`1<System.Int32> Domain.Entities.OrderLog::get_WarehouseId()
DA:37,0
FN:37,System.Nullable`1<System.Double> Domain.Entities.OrderLog::get_Weight()
FNDA:0,System.Nullable`1<System.Double> Domain.Entities.OrderLog::get_Weight()
DA:38,0
FN:38,System.String Domain.Entities.OrderLog::get_WeightUnit()
FNDA:0,System.String Domain.Entities.OrderLog::get_WeightUnit()
DA:39,0
FN:39,System.Nullable`1<System.Double> Domain.Entities.OrderLog::get_EquWeight()
FNDA:0,System.Nullable`1<System.Double> Domain.Entities.OrderLog::get_EquWeight()
DA:40,0
FN:40,System.String Domain.Entities.OrderLog::get_DestinationCity()
FNDA:0,System.String Domain.Entities.OrderLog::get_DestinationCity()
DA:41,0
FN:41,System.String Domain.Entities.OrderLog::get_DestinationState()
FNDA:0,System.String Domain.Entities.OrderLog::get_DestinationState()
DA:42,0
FN:42,System.Nullable`1<System.DateTime> Domain.Entities.OrderLog::get_FreeTime()
FNDA:0,System.Nullable`1<System.DateTime> Domain.Entities.OrderLog::get_FreeTime()
DA:43,0
FN:43,System.String Domain.Entities.OrderLog::get_ApptTtm9()
FNDA:0,System.String Domain.Entities.OrderLog::get_ApptTtm9()
DA:44,0
FN:44,System.String Domain.Entities.OrderLog::get_c_t()
FNDA:0,System.String Domain.Entities.OrderLog::get_c_t()
DA:45,0
FN:45,System.String Domain.Entities.OrderLog::get_ana_s_note()
FNDA:0,System.String Domain.Entities.OrderLog::get_ana_s_note()
DA:46,0
FN:46,System.Nullable`1<System.DateTime> Domain.Entities.OrderLog::get_DateNotified()
FNDA:0,System.Nullable`1<System.DateTime> Domain.Entities.OrderLog::get_DateNotified()
DA:47,0
FN:47,System.Nullable`1<System.Double> Domain.Entities.OrderLog::get_InvoiceAmount()
FNDA:0,System.Nullable`1<System.Double> Domain.Entities.OrderLog::get_InvoiceAmount()
DA:48,0
FN:48,System.Nullable`1<System.DateTime> Domain.Entities.OrderLog::get_InvoiceDate()
FNDA:0,System.Nullable`1<System.DateTime> Domain.Entities.OrderLog::get_InvoiceDate()
DA:49,0
FN:49,System.Nullable`1<System.Double> Domain.Entities.OrderLog::get_RateAmount()
FNDA:0,System.Nullable`1<System.Double> Domain.Entities.OrderLog::get_RateAmount()
DA:50,0
FN:50,System.Nullable`1<System.Double> Domain.Entities.OrderLog::get_Fs()
FNDA:0,System.Nullable`1<System.Double> Domain.Entities.OrderLog::get_Fs()
DA:51,0
FN:51,System.Nullable`1<System.Double> Domain.Entities.OrderLog::get_TotalAmount()
FNDA:0,System.Nullable`1<System.Double> Domain.Entities.OrderLog::get_TotalAmount()
DA:52,0
FN:52,System.String Domain.Entities.OrderLog::get_Done()
FNDA:0,System.String Domain.Entities.OrderLog::get_Done()
DA:53,0
FN:53,System.Nullable`1<System.Double> Domain.Entities.OrderLog::get_Overweight()
FNDA:0,System.Nullable`1<System.Double> Domain.Entities.OrderLog::get_Overweight()
DA:54,0
FN:54,System.String Domain.Entities.OrderLog::get_NjOwPermit()
FNDA:0,System.String Domain.Entities.OrderLog::get_NjOwPermit()
DA:55,0
FN:55,System.Nullable`1<System.Double> Domain.Entities.OrderLog::get_Detention()
FNDA:0,System.Nullable`1<System.Double> Domain.Entities.OrderLog::get_Detention()
DA:56,0
FN:56,System.Nullable`1<System.Int32> Domain.Entities.OrderLog::get_RateId()
FNDA:0,System.Nullable`1<System.Int32> Domain.Entities.OrderLog::get_RateId()
DA:57,0
FN:57,System.String Domain.Entities.OrderLog::get_LineChassis()
FNDA:0,System.String Domain.Entities.OrderLog::get_LineChassis()
DA:58,0
FN:58,System.String Domain.Entities.OrderLog::get_RoundTrip()
FNDA:0,System.String Domain.Entities.OrderLog::get_RoundTrip()
DA:59,0
FN:59,System.String Domain.Entities.OrderLog::get_OtherRef()
FNDA:0,System.String Domain.Entities.OrderLog::get_OtherRef()
DA:60,0
FN:60,System.String Domain.Entities.OrderLog::get_EntryNumber()
FNDA:0,System.String Domain.Entities.OrderLog::get_EntryNumber()
DA:61,0
FN:61,System.Nullable`1<System.Int32> Domain.Entities.OrderLog::get_CustomsBrokerId()
FNDA:0,System.Nullable`1<System.Int32> Domain.Entities.OrderLog::get_CustomsBrokerId()
DA:62,0
FN:62,System.Nullable`1<System.DateTime> Domain.Entities.OrderLog::get_DateArrivedOn()
FNDA:0,System.Nullable`1<System.DateTime> Domain.Entities.OrderLog::get_DateArrivedOn()
DA:63,0
FN:63,System.Nullable`1<System.Int32> Domain.Entities.OrderLog::get_ShipperId()
FNDA:0,System.Nullable`1<System.Int32> Domain.Entities.OrderLog::get_ShipperId()
DA:64,0
FN:64,System.Nullable`1<System.Double> Domain.Entities.OrderLog::get_ChassisWeight()
FNDA:0,System.Nullable`1<System.Double> Domain.Entities.OrderLog::get_ChassisWeight()
DA:65,0
FN:65,System.String Domain.Entities.OrderLog::get_PuNumber()
FNDA:0,System.String Domain.Entities.OrderLog::get_PuNumber()
DA:66,0
FN:66,System.String Domain.Entities.OrderLog::get_Dispatcher()
FNDA:0,System.String Domain.Entities.OrderLog::get_Dispatcher()
DA:67,0
FN:67,System.String Domain.Entities.OrderLog::get_FullMt()
FNDA:0,System.String Domain.Entities.OrderLog::get_FullMt()
DA:68,0
FN:68,System.String Domain.Entities.OrderLog::get_ActualArrivalTime()
FNDA:0,System.String Domain.Entities.OrderLog::get_ActualArrivalTime()
DA:69,0
FN:69,System.String Domain.Entities.OrderLog::get_BLnote()
FNDA:0,System.String Domain.Entities.OrderLog::get_BLnote()
DA:70,0
FN:70,System.String Domain.Entities.OrderLog::get_YD()
FNDA:0,System.String Domain.Entities.OrderLog::get_YD()
DA:71,0
FN:71,System.String Domain.Entities.OrderLog::get_PD()
FNDA:0,System.String Domain.Entities.OrderLog::get_PD()
DA:72,0
FN:72,System.String Domain.Entities.OrderLog::get_M1()
FNDA:0,System.String Domain.Entities.OrderLog::get_M1()
DA:73,0
FN:73,System.String Domain.Entities.OrderLog::get_M2()
FNDA:0,System.String Domain.Entities.OrderLog::get_M2()
DA:74,0
FN:74,System.String Domain.Entities.OrderLog::get_CC()
FNDA:0,System.String Domain.Entities.OrderLog::get_CC()
DA:75,0
FN:75,System.Nullable`1<System.Double> Domain.Entities.OrderLog::get_ChaChg()
FNDA:0,System.Nullable`1<System.Double> Domain.Entities.OrderLog::get_ChaChg()
DA:76,0
FN:76,System.Nullable`1<System.Double> Domain.Entities.OrderLog::get_Pdimes()
FNDA:0,System.Nullable`1<System.Double> Domain.Entities.OrderLog::get_Pdimes()
DA:77,0
FN:77,System.String Domain.Entities.OrderLog::get_ProCheck()
FNDA:0,System.String Domain.Entities.OrderLog::get_ProCheck()
DA:78,0
FN:78,System.String Domain.Entities.OrderLog::get_RatedUserId()
FNDA:0,System.String Domain.Entities.OrderLog::get_RatedUserId()
DA:79,0
FN:79,System.Boolean Domain.Entities.OrderLog::get_IsLocked()
FNDA:0,System.Boolean Domain.Entities.OrderLog::get_IsLocked()
DA:80,0
FN:80,System.String Domain.Entities.OrderLog::get_PdiemNo()
FNDA:0,System.String Domain.Entities.OrderLog::get_PdiemNo()
DA:81,0
FN:81,System.String Domain.Entities.OrderLog::get_MultiPRO()
FNDA:0,System.String Domain.Entities.OrderLog::get_MultiPRO()
DA:82,0
FN:82,System.String Domain.Entities.OrderLog::get_FwPriority()
FNDA:0,System.String Domain.Entities.OrderLog::get_FwPriority()
DA:83,0
FN:83,System.Nullable`1<System.DateTime> Domain.Entities.OrderLog::get_FwDate()
FNDA:0,System.Nullable`1<System.DateTime> Domain.Entities.OrderLog::get_FwDate()
DA:84,0
FN:84,System.String Domain.Entities.OrderLog::get_OldSeal()
FNDA:0,System.String Domain.Entities.OrderLog::get_OldSeal()
DA:85,0
FN:85,System.Boolean Domain.Entities.OrderLog::get_IsAgentComPosted()
FNDA:0,System.Boolean Domain.Entities.OrderLog::get_IsAgentComPosted()
DA:86,0
FN:86,System.Boolean Domain.Entities.OrderLog::get_IsNoSpLocChg()
FNDA:0,System.Boolean Domain.Entities.OrderLog::get_IsNoSpLocChg()
DA:87,0
FN:87,System.Boolean Domain.Entities.OrderLog::get_IsBroker()
FNDA:0,System.Boolean Domain.Entities.OrderLog::get_IsBroker()
DA:88,0
FN:88,System.Nullable`1<System.Int32> Domain.Entities.OrderLog::get_DoorId()
FNDA:0,System.Nullable`1<System.Int32> Domain.Entities.OrderLog::get_DoorId()
DA:89,0
FN:89,System.String Domain.Entities.OrderLog::get_FuelChgType()
FNDA:0,System.String Domain.Entities.OrderLog::get_FuelChgType()
DA:90,0
FN:90,System.Nullable`1<System.Double> Domain.Entities.OrderLog::get_FsFlatAmt()
FNDA:0,System.Nullable`1<System.Double> Domain.Entities.OrderLog::get_FsFlatAmt()
DA:91,0
FN:91,System.Int32 Domain.Entities.OrderLog::get_HwtiPro()
FNDA:0,System.Int32 Domain.Entities.OrderLog::get_HwtiPro()
DA:92,0
FN:92,System.Int32 Domain.Entities.OrderLog::get_HwtiProRev()
FNDA:0,System.Int32 Domain.Entities.OrderLog::get_HwtiProRev()
DA:93,0
FN:93,System.Boolean Domain.Entities.OrderLog::get_IsBonded()
FNDA:0,System.Boolean Domain.Entities.OrderLog::get_IsBonded()
DA:94,0
FN:94,System.Boolean Domain.Entities.OrderLog::get_IsHot()
FNDA:0,System.Boolean Domain.Entities.OrderLog::get_IsHot()
DA:95,0
FN:95,System.Boolean Domain.Entities.OrderLog::get_IsOWCorridor()
FNDA:0,System.Boolean Domain.Entities.OrderLog::get_IsOWCorridor()
DA:96,0
FN:96,System.String Domain.Entities.OrderLog::get_Tariff()
FNDA:0,System.String Domain.Entities.OrderLog::get_Tariff()
DA:97,0
FN:97,System.Boolean Domain.Entities.OrderLog::get_IsChaChg()
FNDA:0,System.Boolean Domain.Entities.OrderLog::get_IsChaChg()
DA:98,0
FN:98,System.Boolean Domain.Entities.OrderLog::get_IsMultipleRate()
FNDA:0,System.Boolean Domain.Entities.OrderLog::get_IsMultipleRate()
DA:99,0
FN:99,System.Nullable`1<System.Int32> Domain.Entities.OrderLog::get_MultiRateCnt()
FNDA:0,System.Nullable`1<System.Int32> Domain.Entities.OrderLog::get_MultiRateCnt()
DA:100,0
FN:100,System.Nullable`1<System.Double> Domain.Entities.OrderLog::get_FwQty()
FNDA:0,System.Nullable`1<System.Double> Domain.Entities.OrderLog::get_FwQty()
DA:101,0
FN:101,System.Boolean Domain.Entities.OrderLog::get_IsCrossdock()
[...]
FNDA:0,System.Boolean UseCases.Dtos.DatabaseOptions::get_EnableDetailedErrors()
DA:8,0
FN:8,System.Boolean UseCases.Dtos.DatabaseOptions::get_EnableSensitiveDataLoggin()
FNDA:0,System.Boolean UseCases.Dtos.DatabaseOptions::get_EnableSensitiveDataLoggin()
DA:9,0
LF:5
LH:0
BRF:0
BRH:0
FNF:5
FNH:0
end_of_record
SF:/Users/mehedimayall/PROJECTS/IMF/APP/DriverApp_API/src/UseCases/Configuration/StaticFileDto.cs
FN:2,System.String UseCases.Dtos.StaticFileDto::get_Directory()
FNDA:0,System.String UseCases.Dtos.StaticFileDto::get_Directory()
DA:3,0
LF:1
LH:0
BRF:0
BRH:0
FNF:1
FNH:0
end_of_record
SF:/Users/mehedimayall/PROJECTS/IMF/APP/DriverApp_API/src/UseCases/Dtos/Common/CommonRequestDto.cs
FN:2,System.String UseCases.Dtos.CommonRequestDto::get_Parameters()
FNDA:0,System.String UseCases.Dtos.CommonRequestDto::get_Parameters()
DA:3,0
LF:1
LH:0
BRF:0
BRH:0
FNF:1
FNH:0
end_of_record
SF:/Users/mehedimayall/PROJECTS/IMF/APP/DriverApp_API/src/UseCases/Dtos/Common/ContainerRequestDto.cs
FN:1,Domain.ValueObjects.DriverID UseCases.Dtos.ContainerRequestDto::get_driverID()
FNDA:72,Domain.ValueObjects.DriverID UseCases.Dtos.ContainerRequestDto::get_driverID()
DA:2,72
FN:2,System.Int32 UseCases.Dtos.ContainerRequestOldDto::get_ProNumber()
FNDA:0,System.Int32 UseCases.Dtos.ContainerRequestOldDto::get_ProNumber()
DA:3,0
FN:3,System.String UseCases.Dtos.ContainerRequestOld2Dto::get_ProNumber()
FNDA:0,System.String UseCases.Dtos.ContainerRequestOld2Dto::get_ProNumber()
DA:4,0
LF:3
LH:1
BRF:0
BRH:0
FNF:3
FNH:1
end_of_record
SF:/Users/mehedimayall/PROJECTS/IMF/APP/DriverApp_API/src/UseCases/Dtos/Common/DirectoryDto.cs
FN:3,System.String UseCases.Dtos.DirectoryDto::get_BOL()
FNDA:0,System.String UseCases.Dtos.DirectoryDto::get_BOL()
DA:4,0
FN:4,System.String UseCases.Dtos.DirectoryDto::get_INVOICE()
FNDA:0,System.String UseCases.Dtos.DirectoryDto::get_INVOICE()
DA:5,0
FN:5,System.String UseCases.Dtos.DirectoryDto::get_ATTACHMENT()
FNDA:0,System.String UseCases.Dtos.DirectoryDto::get_ATTACHMENT()
DA:6,0
FN:2,System.Void UseCases.Dtos.DirectoryDto::.ctor(System.String,System.String,System.String)
FNDA:0,System.Void UseCases.Dtos.DirectoryDto::.ctor(System.String,System.String,System.String)
DA:3,0
DA:7,0
LF:5
LH:0
BRF:0
BRH:0
FNF:4
FNH:0
end_of_record
SF:/Users/mehedimayall/PROJECTS/IMF/APP/DriverApp_API/src/UseCases/Dtos/Common/DocumentRequestDto.cs
FN:2,Domain.ValueObjects.OrderLogID UseCases.Dtos.DocumentRequestDto::get_orderLogId()
FNDA:40,Domain.ValueObjects.OrderLogID UseCases.Dtos.DocumentRequestDto::get_orderLogId()
DA:3,40
LF:1
LH:1
BRF:0
BRH:0
FNF:1
FNH:1
end_of_record
SF:/Users/mehedimayall/PROJECTS/IMF/APP/DriverApp_API/src/UseCases/Dtos/Common/DriverDetailsDto.cs
FN:4,System.Nullable`1<System.Int32> UseCases.Dtos.DriverDetailsDto::get_KEYSEQUENCE()
FNDA:0,System.Nullable`1<System.Int32> UseCases.Dtos.DriverDetailsDto::get_KEYSEQUENCE()
DA:5,0
FN:6,System.Nullable`1<System.DateTime> UseCases.Dtos.DriverDetailsDto::get_CREATIONDATETIME()
FNDA:0,System.Nullable`1<System.DateTime> UseCases.Dtos.DriverDetailsDto::get_CREATIONDATETIME()
DA:7,0
FN:7,System.String UseCases.Dtos.DriverDetailsDto::get_CREATIONUSERID()
FNDA:0,System.String UseCases.Dtos.DriverDetailsDto::get_CREATIONUSERID()
DA:8,0
FN:8,System.Nullable`1<System.DateTime> UseCases.Dtos.DriverDetailsDto::get_LASTUPDATEDATETIME()
FNDA:0,System.Nullable`1<System.DateTime> UseCases.Dtos.DriverDetailsDto::get_LASTUPDATEDATETIME()
DA:9,0
FN:9,System.String UseCases.Dtos.DriverDetailsDto::get_LASTUPDATEUSERID()
FNDA:0,System.String UseCases.Dtos.DriverDetailsDto::get_LASTUPDATEUSERID()
DA:10,0
FN:10,System.String UseCases.Dtos.DriverDetailsDto::get_COMPANYID()
FNDA:0,System.String UseCases.Dtos.DriverDetailsDto::get_COMPANYID()
DA:11,0
FN:12,System.String UseCases.Dtos.DriverDetailsDto::get_DRIVER_ID()
FNDA:0,System.String UseCases.Dtos.DriverDetailsDto::get_DRIVER_ID()
DA:13,0
FN:13,System.String UseCases.Dtos.DriverDetailsDto::get_PAYROLL_ID()
FNDA:0,System.String UseCases.Dtos.DriverDetailsDto::get_PAYROLL_ID()
DA:14,0
FN:14,System.String UseCases.Dtos.DriverDetailsDto::get_DRIVER_TYPE()
FNDA:0,System.String UseCases.Dtos.DriverDetailsDto::get_DRIVER_TYPE()
DA:15,0
FN:15,System.Nullable`1<System.Int32> UseCases.Dtos.DriverDetailsDto::get_P_DRIVERCOMPANY()
FNDA:0,System.Nullable`1<System.Int32> UseCases.Dtos.DriverDetailsDto::get_P_DRIVERCOMPANY()
DA:16,0
FN:16,System.String UseCases.Dtos.DriverDetailsDto::get_FNAME()
FNDA:0,System.String UseCases.Dtos.DriverDetailsDto::get_FNAME()
DA:17,0
FN:18,System.String UseCases.Dtos.DriverDetailsDto::get_MI()
FNDA:0,System.String UseCases.Dtos.DriverDetailsDto::get_MI()
DA:19,0
FN:19,System.String UseCases.Dtos.DriverDetailsDto::get_LNAME()
FNDA:0,System.String UseCases.Dtos.DriverDetailsDto::get_LNAME()
DA:20,0
FN:20,System.String UseCases.Dtos.DriverDetailsDto::get_ADDRESS()
FNDA:0,System.String UseCases.Dtos.DriverDetailsDto::get_ADDRESS()
DA:21,0
FN:21,System.String UseCases.Dtos.DriverDetailsDto::get_City()
FNDA:0,System.String UseCases.Dtos.DriverDetailsDto::get_City()
DA:22,0
FN:22,System.String UseCases.Dtos.DriverDetailsDto::get_STATE()
FNDA:0,System.String UseCases.Dtos.DriverDetailsDto::get_STATE()
DA:23,0
FN:24,System.String UseCases.Dtos.DriverDetailsDto::get_ZIP()
FNDA:0,System.String UseCases.Dtos.DriverDetailsDto::get_ZIP()
DA:25,0
FN:25,System.String UseCases.Dtos.DriverDetailsDto::get_PHONE1()
FNDA:0,System.String UseCases.Dtos.DriverDetailsDto::get_PHONE1()
DA:26,0
FN:26,System.String UseCases.Dtos.DriverDetailsDto::get_PHONE2()
FNDA:0,System.String UseCases.Dtos.DriverDetailsDto::get_PHONE2()
DA:27,0
FN:27,System.Nullable`1<System.DateTime> UseCases.Dtos.DriverDetailsDto::get_BIRTH_DATE()
FNDA:0,System.Nullable`1<System.DateTime> UseCases.Dtos.DriverDetailsDto::get_BIRTH_DATE()
DA:28,0
FN:28,System.String UseCases.Dtos.DriverDetailsDto::get_SSNO()
FNDA:0,System.String UseCases.Dtos.DriverDetailsDto::get_SSNO()
DA:29,0
FN:30,System.String UseCases.Dtos.DriverDetailsDto::get_FEDERAL_ID()
FNDA:0,System.String UseCases.Dtos.DriverDetailsDto::get_FEDERAL_ID()
DA:31,0
FN:31,System.Nullable`1<System.DateTime> UseCases.Dtos.DriverDetailsDto::get_HIRE_DATE()
FNDA:0,System.Nullable`1<System.DateTime> UseCases.Dtos.DriverDetailsDto::get_HIRE_DATE()
DA:32,0
FN:32,System.Nullable`1<System.DateTime> UseCases.Dtos.DriverDetailsDto::get_TER_DATE()
FNDA:0,System.Nullable`1<System.DateTime> UseCases.Dtos.DriverDetailsDto::get_TER_DATE()
DA:33,0
FN:33,System.String UseCases.Dtos.DriverDetailsDto::get_LIC_NO()
FNDA:0,System.String UseCases.Dtos.DriverDetailsDto::get_LIC_NO()
DA:34,0
FN:34,System.String UseCases.Dtos.DriverDetailsDto::get_LIC_STATE()
FNDA:0,System.String UseCases.Dtos.DriverDetailsDto::get_LIC_STATE()
DA:35,0
FN:36,System.Nullable`1<System.DateTime> UseCases.Dtos.DriverDetailsDto::get_LIC_EXP_DATE()
FNDA:0,System.Nullable`1<System.DateTime> UseCases.Dtos.DriverDetailsDto::get_LIC_EXP_DATE()
DA:37,0
FN:37,System.Nullable`1<System.DateTime> UseCases.Dtos.DriverDetailsDto::get_NEXTEXAM_DATE()
FNDA:0,System.Nullable`1<System.DateTime> UseCases.Dtos.DriverDetailsDto::get_NEXTEXAM_DATE()
DA:38,0
FN:38,System.String UseCases.Dtos.DriverDetailsDto::get_AUTHOR_STATES()
FNDA:0,System.String UseCases.Dtos.DriverDetailsDto::get_AUTHOR_STATES()
DA:39,0
FN:39,System.String UseCases.Dtos.DriverDetailsDto::get_INS_CO_NAME()
FNDA:0,System.String UseCases.Dtos.DriverDetailsDto::get_INS_CO_NAME()
DA:40,0
FN:40,System.String UseCases.Dtos.DriverDetailsDto::get_INS_ID()
FNDA:0,System.String UseCases.Dtos.DriverDetailsDto::get_INS_ID()
DA:41,0
FN:42,System.String UseCases.Dtos.DriverDetailsDto::get_INS_TYPE()
FNDA:0,System.String UseCases.Dtos.DriverDetailsDto::get_INS_TYPE()
DA:43,0
FN:43,System.String UseCases.Dtos.DriverDetailsDto::get_STATUS()
FNDA:0,System.String UseCases.Dtos.DriverDetailsDto::get_STATUS()
DA:44,0
FN:44,System.String UseCases.Dtos.DriverDetailsDto::get_NOTE()
FNDA:0,System.String UseCases.Dtos.DriverDetailsDto::get_NOTE()
DA:45,0
FN:45,System.String UseCases.Dtos.DriverDetailsDto::get_TRUCK_MAKER()
FNDA:0,System.String UseCases.Dtos.DriverDetailsDto::get_TRUCK_MAKER()
DA:46,0
FN:46,System.String UseCases.Dtos.DriverDetailsDto::get_TRUCK_MODEL()
FNDA:0,System.String UseCases.Dtos.DriverDetailsDto::get_TRUCK_MODEL()
DA:47,0
FN:48,System.String UseCases.Dtos.DriverDetailsDto::get_TRUCK_VIN()
FNDA:0,System.String UseCases.Dtos.DriverDetailsDto::get_TRUCK_VIN()
DA:49,0
FN:49,System.String UseCases.Dtos.DriverDetailsDto::get_TRUCK_WEIGHT()
FNDA:0,System.String UseCases.Dtos.DriverDetailsDto::get_TRUCK_WEIGHT()
DA:50,0
FN:50,System.String UseCases.Dtos.DriverDetailsDto::get_TYPE()
FNDA:0,System.String UseCases.Dtos.DriverDetailsDto::get_TYPE()
DA:51,0
FN:51,System.String UseCases.Dtos.DriverDetailsDto::get_LICPLATE()
FNDA:0,System.String UseCases.Dtos.DriverDetailsDto::get_LICPLATE()
DA:52,0
FN:52,System.String UseCases.Dtos.DriverDetailsDto::get_UNIFORM()
FNDA:0,System.String UseCases.Dtos.DriverDetailsDto::get_UNIFORM()
DA:53,0
FN:54,System.String UseCases.Dtos.DriverDetailsDto::get_W_COMP()
FNDA:0,System.String UseCases.Dtos.DriverDetailsDto::get_W_COMP()
DA:55,0
FN:55,System.String UseCases.Dtos.DriverDetailsDto::get_LOAN_REPYT()
FNDA:0,System.String UseCases.Dtos.DriverDetailsDto::get_LOAN_REPYT()
DA:56,0
FN:56,System.String UseCases.Dtos.DriverDetailsDto::get_EARNINGS_ADJ()
FNDA:0,System.String UseCases.Dtos.DriverDetailsDto::get_EARNINGS_ADJ()
DA:57,0
FN:57,System.String UseCases.Dtos.DriverDetailsDto::get_INSURANCE()
FNDA:0,System.String UseCases.Dtos.DriverDetailsDto::get_INSURANCE()
DA:58,0
FN:58,System.Nullable`1<System.Boolean> UseCases.Dtos.DriverDetailsDto::get_PayExclude()
FNDA:0,System.Nullable`1<System.Boolean> UseCases.Dtos.DriverDetailsDto::get_PayExclude()
DA:59,0
FN:60,System.String UseCases.Dtos.DriverDetailsDto::get_DirectDep()
FNDA:0,System.String UseCases.Dtos.DriverDetailsDto::get_DirectDep()
DA:61,0
FN:61,System.String UseCases.Dtos.DriverDetailsDto::get_INSUR_OCC_ACC()
FNDA:0,System.String UseCases.Dtos.DriverDetailsDto::get_INSUR_OCC_ACC()
DA:62,0
FN:62,System.String UseCases.Dtos.DriverDetailsDto::get_ELD_SEC_DEPOSIT()
FNDA:0,System.String UseCases.Dtos.DriverDetailsDto::get_ELD_SEC_DEPOSIT()
DA:63,0
FN:63,System.String UseCases.Dtos.DriverDetailsDto::get_ELD_USAGE_FEE()
FNDA:0,System.String UseCases.Dtos.DriverDetailsDto::get_ELD_USAGE_FEE()
DA:64,0
FN:64,System.String UseCases.Dtos.DriverDetailsDto::get_NTLInsur()
FNDA:0,System.String UseCases.Dtos.DriverDetailsDto::get_NTLInsur()
DA:65,0
FN:66,System.String UseCases.Dtos.DriverDetailsDto::get_UserID()
FNDA:0,System.String UseCases.Dtos.DriverDetailsDto::get_UserID()
DA:67,0
LF:52
LH:0
BRF:0
BRH:0
FNF:52
FNH:0
end_of_record
SF:/Users/mehedimayall/PROJECTS/IMF/APP/DriverApp_API/src/UseCases/Dtos/Common/ErrorMessage.cs
FN:4,System.String UseCases.Dtos.ErrorMessage::get_Code()
FNDA:0,System.String UseCases.Dtos.ErrorMessage::get_Code()
DA:5,0
FN:5,System.String UseCases.Dtos.ErrorMessage::get_Title()
FNDA:0,System.String UseCases.Dtos.ErrorMessage::get_Title()
DA:6,0
FN:6,System.String UseCases.Dtos.ErrorMessage::get_Details()
FNDA:0,System.String UseCases.Dtos.ErrorMessage::get_Details()
DA:7,0
FN:7,System.String UseCases.Dtos.ErrorMessage::get_URL()
FNDA:0,System.String UseCases.Dtos.ErrorMessage::get_URL()
DA:8,0
LF:4
LH:0
BRF:0
BRH:0
FNF:4
FNH:0
end_of_record
SF:/Users/mehedimayall/PROJECTS/IMF/APP/DriverApp_API/src/UseCases/Dtos/Common/FileInformationDto.cs
FN:2,System.String UseCases.Dtos.FileInfoDto::get_FileParentFolder()
FNDA:0,System.String UseCases.Dtos.FileInfoDto::get_FileParentFolder()
DA:3,0
LF:1
LH:0
BRF:0
BRH:0
FNF:1
FNH:0
end_of_record
SF:/Users/mehedimayall/PROJECTS/IMF/APP/DriverApp_API/src/UseCases/Dtos/Common/ImageSize.cs
FN:4,System.Int32 UseCases.Dtos.ImageSize::get_Height()
FNDA:0,System.Int32 UseCases.Dtos.ImageSize::get_Height()
DA:5,0
FN:5,System.Int32 UseCases.Dtos.ImageSize::get_Width()
FNDA:0,System.Int32 UseCases.Dtos.ImageSize::get_Width()
DA:6,0
LF:2
LH:0
BRF:0
BRH:0
FNF:2
FNH:0
end_of_record
SF:/Users/mehedimayall/PROJECTS/IMF/APP/DriverApp_API/src/UseCases/Dtos/Common/TemplatePathsDto.cs
FN:1,System.String UseCases.Dtos.TemplatePathsDto::get_BOL()
FNDA:0,System.String UseCases.Dtos.TemplatePathsDto::get_BOL()
DA:2,0
LF:1
LH:0
BRF:0
BRH:0
FNF:1
FNH:0
end_of_record
SF:/Users/mehedimayall/PROJECTS/IMF/APP/DriverApp_API/src/UseCases/Dtos/Containers/BeginMoveEmailContentDto.cs
FN:4,System.String UseCases.Dtos.BeginMoveEmailContentDto::get_WAREHOUSE()
FNDA:0,System.String UseCases.Dtos.BeginMoveEmailContentDto::get_WAREHOUSE()
DA:5,0
FN:5,System.String UseCases.Dtos.BeginMoveEmailContentDto::get_CONSIGNEE()
FNDA:0,System.String UseCases.Dtos.BeginMoveEmailContentDto::get_CONSIGNEE()
DA:6,0
LF:2
LH:0
BRF:0
BRH:0
FNF:2
FNH:0
end_of_record
SF:/Users/mehedimayall/PROJECTS/IMF/APP/DriverApp_API/src/UseCases/Dtos/Containers/ContainerDocumentDto.cs
FN:2,Domain.ValueObjects.DocumentID UseCases.Dtos.ContainerDocumentDto::get_documentID()
FNDA:0,Domain.ValueObjects.DocumentID UseCases.Dtos.ContainerDocumentDto::get_documentID()
DA:3,0
FN:3,System.Int32 UseCases.Dtos.DocumentResponseDto::get_DocumentID()
FNDA:0,System.Int32 UseCases.Dtos.DocumentResponseDto::get_DocumentID()
DA:4,0
LF:2
LH:0
BRF:0
BRH:0
FNF:2
FNH:0
end_of_record
SF:/Users/mehedimayall/PROJECTS/IMF/APP/DriverApp_API/src/UseCases/Dtos/Containers/DocumentDetailAndPODto.cs
FN:1,Domain.ModelsCustom.DriverContainerModel UseCases.Dtos.DocumentDetailAndPODto::get_Instructions()
FNDA:0,Domain.ModelsCustom.DriverContainerModel UseCases.Dtos.DocumentDetailAndPODto::get_Instructions()
DA:2,0
LF:1
LH:0
BRF:0
BRH:0
FNF:1
FNH:0
end_of_record
SF:/Users/mehedimayall/PROJECTS/IMF/APP/DriverApp_API/src/UseCases/Dtos/Containers/DocumentSubmitRequestDto.cs
FN:2,System.Int32 UseCases.Dtos.DocumentSubmitRequestDto::get_ProNumber()
FNDA:0,System.Int32 UseCases.Dtos.DocumentSubmitRequestDto::get_ProNumber()
DA:3,0
FN:3,System.Int32 UseCases.Dtos.DocumentSubmitRequestDto::get_DriverID()
FNDA:0,System.Int32 UseCases.Dtos.DocumentSubmitRequestDto::get_DriverID()
DA:4,0
FN:4,System.String UseCases.Dtos.DocumentSubmitRequestDto::get_LegType()
FNDA:0,System.String UseCases.Dtos.DocumentSubmitRequestDto::get_LegType()
DA:5,0
FN:5,System.String UseCases.Dtos.DocumentSubmitRequestDto::get_ReceivedBy()
FNDA:0,System.String UseCases.Dtos.DocumentSubmitRequestDto::get_ReceivedBy()
DA:6,0
FN:6,System.Nullable`1<System.DateTime> UseCases.Dtos.DocumentSubmitRequestDto::get_ReceiveDate()
FNDA:0,System.Nullable`1<System.DateTime> UseCases.Dtos.DocumentSubmitRequestDto::get_ReceiveDate()
DA:7,0
FN:7,System.String UseCases.Dtos.DocumentSubmitRequestDto::get_InTime()
FNDA:0,System.String UseCases.Dtos.DocumentSubmitRequestDto::get_InTime()
DA:8,0
FN:8,System.String UseCases.Dtos.DocumentSubmitRequestDto::get_OutTime()
FNDA:0,System.String UseCases.Dtos.DocumentSubmitRequestDto::get_OutTime()
DA:9,0
FN:9,System.String UseCases.Dtos.DocumentSubmitRequestDto::get_MiscellaneousNote()
FNDA:0,System.String UseCases.Dtos.DocumentSubmitRequestDto::get_MiscellaneousNote()
DA:10,0
FN:10,System.String UseCases.Dtos.DocumentSubmitRequestDto::get_ImagesInBase64()
FNDA:0,System.String UseCases.Dtos.DocumentSubmitRequestDto::get_ImagesInBase64()
DA:11,0
FN:1,System.Void UseCases.Dtos.DocumentSubmitRequestDto::.ctor(System.Int32,System.Int32,System.String,System.String,System.Nullable`1<System.DateTime>,System.String,System.String,System.String,System.String)
FNDA:0,System.Void UseCases.Dtos.DocumentSubmitRequestDto::.ctor(System.Int32,System.Int32,System.String,System.String,System.Nullable`1<System.DateTime>,System.String,System.String,System.String,System.String)
DA:2,0
DA:12,0
LF:11
LH:0
BRF:0
BRH:0
FNF:10
FNH:0
end_of_record
SF:/Users/mehedimayall/PROJECTS/IMF/APP/DriverApp_API/src/UseCases/Dtos/Containers/PODto.cs
FN:1,System.String UseCases.Dtos.PODto::get_PONumber()
FNDA:0,System.String UseCases.Dtos.PODto::get_PONumber()
DA:2,0
LF:1
LH:0
BRF:0
BRH:0
FNF:1
FNH:0
end_of_record
SF:/Users/mehedimayall/PROJECTS/IMF/APP/DriverApp_API/src/UseCases/Dtos/Security/CorsSettings.cs
FN:8,System.String UseCases.Dtos.CorsSettings::get_AllowedOrigin()
FNDA:0,System.String UseCases.Dtos.CorsSettings::get_AllowedOrigin()
DA:9,0
LF:1
LH:0
BRF:0
BRH:0
FNF:1
FNH:0
end_of_record
SF:/Users/mehedimayall/PROJECTS/IMF/APP/DriverApp_API/src/UseCases/Dtos/Security/EmailConfiguration.cs
FN:3,System.String UseCases.Dtos.EmailConfiguration::get_Email()
FNDA:0,System.String UseCases.Dtos.EmailConfiguration::get_Email()
DA:4,0
FN:4,System.String UseCases.Dtos.EmailConfiguration::get_Password()
FNDA:0,System.String UseCases.Dtos.EmailConfiguration::get_Password()
DA:5,0
FN:5,System.String UseCases.Dtos.EmailConfiguration::get_SMTPServer()
FNDA:0,System.String UseCases.Dtos.EmailConfiguration::get_SMTPServer()
DA:6,0
FN:6,System.String UseCases.Dtos.EmailConfiguration::get_EmailCC()
FNDA:0,System.String UseCases.Dtos.EmailConfiguration::get_EmailCC()
DA:7,0
FN:7,System.String UseCases.Dtos.EmailConfiguration::get_EmailBCC()
FNDA:0,System.String UseCases.Dtos.EmailConfiguration::get_EmailBCC()
DA:8,0
FN:8,System.String UseCases.Dtos.EmailConfiguration::get_POD_Email_Title()
FNDA:0,System.String UseCases.Dtos.EmailConfiguration::get_POD_Email_Title()
DA:9,0
LF:6
LH:0
BRF:0
BRH:0
FNF:6
FNH:0
end_of_record
SF:/Users/mehedimayall/PROJECTS/IMF/APP/DriverApp_API/src/UseCases/Dtos/Security/EmailLoginTokenDto.cs
FN:4,System.String UseCases.Dtos.EmailLoginTokenDto::get_container()
FNDA:0,System.String UseCases.Dtos.EmailLoginTokenDto::get_container()
DA:5,0
FN:5,System.String UseCases.Dtos.EmailLoginTokenDto::get_state()
FNDA:0,System.String UseCases.Dtos.EmailLoginTokenDto::get_state()
DA:6,0
FN:6,System.Int32 UseCases.Dtos.EmailLoginTokenDto::get_is_warehouse()
FNDA:0,System.Int32 UseCases.Dtos.EmailLoginTokenDto::get_is_warehouse()
DA:7,0
LF:3
LH:0
BRF:0
BRH:0
FNF:3
FNH:0
end_of_record
SF:/Users/mehedimayall/PROJECTS/IMF/APP/DriverApp_API/src/UseCases/Dtos/Security/LoginRequestDto.cs
FN:2,System.String UseCases.Dtos.LoginRequestDto::get_UserId()
FNDA:38,System.String UseCases.Dtos.LoginRequestDto::get_UserId()
DA:3,38
LF:1
LH:1
BRF:0
BRH:0
FNF:1
FNH:1
end_of_record
SF:/Users/mehedimayall/PROJECTS/IMF/APP/DriverApp_API/src/UseCases/Dtos/Security/LoginResponseDto.cs
FN:2,System.String UseCases.Dtos.LoginResponseDto::get_token()
FNDA:0,System.String UseCases.Dtos.LoginResponseDto::get_token()
DA:3,0
LF:1
LH:0
BRF:0
BRH:0
FNF:1
FNH:0
end_of_record
SF:/Users/mehedimayall/PROJECTS/IMF/APP/DriverApp_API/src/UseCases/Dtos/Security/LogoutRequestDto.cs
FN:2,System.String UseCases.Dtos.LogoutRequestDto::get_UserId()
FNDA:0,System.String UseCases.Dtos.LogoutRequestDto::get_UserId()
DA:3,0
LF:1
LH:0
BRF:0
BRH:0
FNF:1
FNH:0
end_of_record
SF:/Users/mehedimayall/PROJECTS/IMF/APP/DriverApp_API/src/UseCases/Dtos/Security/SessionUserDto.cs
FN:3,Domain.ValueObjects.UserID UseCases.Dtos.SessionUserDto::get_userID()
FNDA:0,Domain.ValueObjects.UserID UseCases.Dtos.SessionUserDto::get_userID()
DA:4,0
LF:1
LH:0
BRF:0
BRH:0
FNF:1
FNH:0
end_of_record
SF:/Users/mehedimayall/PROJECTS/IMF/APP/DriverApp_API/src/UseCases/Dtos/Security/TokenManagementDto.cs
FN:8,System.String UseCases.Dtos.TokenManagementDto::get_Secret()
FNDA:0,System.String UseCases.Dtos.TokenManagementDto::get_Secret()
DA:9,0
FN:11,System.String UseCases.Dtos.TokenManagementDto::get_Issuer()
FNDA:0,System.String UseCases.Dtos.TokenManagementDto::get_Issuer()
DA:12,0
FN:14,System.String UseCases.Dtos.TokenManagementDto::get_Audience()
FNDA:0,System.String UseCases.Dtos.TokenManagementDto::get_Audience()
DA:15,0
FN:17,System.Int32 UseCases.Dtos.TokenManagementDto::get_AccessExpiration()
FNDA:0,System.Int32 UseCases.Dtos.TokenManagementDto::get_AccessExpiration()
DA:18,0
FN:20,System.Int32 UseCases.Dtos.TokenManagementDto::get_RefreshExpiration()
FNDA:0,System.Int32 UseCases.Dtos.TokenManagementDto::get_RefreshExpiration()
DA:21,0
LF:5
LH:0
BRF:0
BRH:0
FNF:5
FNH:0
end_of_record