SF:/Users/mehedimayall/PROJECTS/IMF/APP/DriverApp_API/src/Domain/Shared/AuditableEntity.cs
FN:4,System.String DriverApp.Domain.Common.AuditableEntity::get_CreatedBy()
FNDA:0,System.String DriverApp.Domain.Common.AuditableEntity::get_CreatedBy()
DA:5,0
FN:5,System.DateTime DriverApp.Domain.Common.AuditableEntity::get_CreatedDate()
FNDA:0,System.DateTime DriverApp.Domain.Common.AuditableEntity::get_CreatedDate()
DA:6,0
FN:6,System.String DriverApp.Domain.Common.AuditableEntity::get_LastModifiedBy()
FNDA:0,System.String DriverApp.Domain.Common.AuditableEntity::get_LastModifiedBy()
DA:7,0
FN:7,System.Nullable`1<System.DateTime> DriverApp.Domain.Common.AuditableEntity::get_LastModifiedDate()
FNDA:0,System.Nullable`1<System.DateTime> DriverApp.Domain.Common.AuditableEntity::get_LastModifiedDate()
DA:8,0
LF:4
LH:0
BRF:0
BRH:0
FNF:4
FNH:0
end_of_record
SF:/Users/mehedimayall/PROJECTS/IMF/APP/DriverApp_API/src/Domain/ValueObjects/CompanyID.cs
FN:2,System.Int32 Domain.ValueObjects.CompanyID::get_Value()
FNDA:115,System.Int32 Domain.ValueObjects.CompanyID::get_Value()
DA:3,115
LF:1
LH:1
BRF:0
BRH:0
FNF:1
FNH:1
end_of_record
SF:/Users/mehedimayall/PROJECTS/IMF/APP/DriverApp_API/src/Domain/ValueObjects/DocumentID.cs
FN:2,System.Int32 Domain.ValueObjects.DocumentID::get_Value()
FNDA:145,System.Int32 Domain.ValueObjects.DocumentID::get_Value()
DA:3,145
LF:1
LH:1
BRF:0
BRH:0
FNF:1
FNH:1
end_of_record
SF:/Users/mehedimayall/PROJECTS/IMF/APP/DriverApp_API/src/Domain/ValueObjects/DriverID.cs
FN:2,System.Int32 Domain.ValueObjects.DriverID::get_Value()
FNDA:135,System.Int32 Domain.ValueObjects.DriverID::get_Value()
DA:3,135
LF:1
LH:1
BRF:0
BRH:0
FNF:1
FNH:1
end_of_record
SF:/Users/mehedimayall/PROJECTS/IMF/APP/DriverApp_API/src/Domain/ValueObjects/LegType.cs
FN:2,System.String Domain.ValueObjects.LegType::get_Value()
FNDA:74,System.String Domain.ValueObjects.LegType::get_Value()
DA:3,74
LF:1
LH:1
BRF:0
BRH:0
FNF:1
FNH:1
end_of_record
SF:/Users/mehedimayall/PROJECTS/IMF/APP/DriverApp_API/src/Domain/ValueObjects/LoadType.cs
FN:2,System.String Domain.ValueObjects.LoadType::get_Value()
FNDA:16,System.String Domain.ValueObjects.LoadType::get_Value()
DA:3,16
LF:1
LH:1
BRF:0
BRH:0
FNF:1
FNH:1
end_of_record
SF:/Users/mehedimayall/PROJECTS/IMF/APP/DriverApp_API/src/Domain/ValueObjects/MoveStatusID.cs
FN:2,System.Int32 Domain.ValueObjects.MoveStatusID::get_Value()
FNDA:20,System.Int32 Domain.ValueObjects.MoveStatusID::get_Value()
DA:3,20
LF:1
LH:1
BRF:0
BRH:0
FNF:1
FNH:1
end_of_record
SF:/Users/mehedimayall/PROJECTS/IMF/APP/DriverApp_API/src/Domain/ValueObjects/OrderLogID.cs
FN:2,System.Int32 Domain.ValueObjects.OrderLogID::get_Value()
FNDA:262,System.Int32 Domain.ValueObjects.OrderLogID::get_Value()
DA:3,262
LF:1
LH:1
BRF:0
BRH:0
FNF:1
FNH:1
end_of_record
SF:/Users/mehedimayall/PROJECTS/IMF/APP/DriverApp_API/src/Domain/ValueObjects/UserID.cs
FN:2,System.String Domain.ValueObjects.UserID::get_Value()
FNDA:92,System.String Domain.ValueObjects.UserID::get_Value()
DA:3,92
LF:1
LH:1
BRF:0
BRH:0
FNF:1
FNH:1
end_of_record
SF:/Users/mehedimayall/PROJECTS/IMF/APP/DriverApp_API/src/Domain/Shared/Result.cs
FN:19,System.Boolean Domain.Shared.Result`1::get_IsSuccess()
FNDA:90,System.Boolean Domain.Shared.Result`1::get_IsSuccess()
DA:20,90
FN:20,System.Boolean Domain.Shared.Result`1::get_IsFailure()
FNDA:86,System.Boolean Domain.Shared.Result`1::get_IsFailure()
DA:21,86
FN:21,Domain.Exceptions.Error`1<T> Domain.Shared.Result`1::get_Error()
FNDA:19,Domain.Exceptions.Error`1<T> Domain.Shared.Result`1::get_Error()
DA:22,19
FN:22,T Domain.Shared.Result`1::get_Value()
FNDA:204,T Domain.Shared.Result`1::get_Value()
DA:23,204
FN:24,Domain.Shared.Result`1<T> Domain.Shared.Result`1::Success(T)
FNDA:169,Domain.Shared.Result`1<T> Domain.Shared.Result`1::Success(T)
DA:25,169
FN:25,Domain.Shared.Result`1<T> Domain.Shared.Result`1::Failure(Domain.Exceptions.Error`1<T>)
FNDA:21,Domain.Shared.Result`1<T> Domain.Shared.Result`1::Failure(Domain.Exceptions.Error`1<T>)
DA:26,21
FN:6,System.Void Domain.Shared.Result`1::.ctor(System.Boolean,Domain.Exceptions.Error`1<T>,T)
FNDA:190,System.Void Domain.Shared.Result`1::.ctor(System.Boolean,Domain.Exceptions.Error`1<T>,T)
DA:7,190
DA:8,190
DA:9,190
DA:10,190
DA:11,0
DA:12,0
DA:15,190
DA:16,190
DA:17,190
DA:18,190
BRDA:9,9,0,169
BRDA:9,9,1,190
BRDA:9,22,0,190
BRDA:9,25,0,21
BRDA:9,25,1,169
BRDA:9,22,1,0
BRDA:9,46,0,0
BRDA:9,46,1,190
LF:16
LH:14
BRF:8
BRH:6
FNF:7
FNH:7
end_of_record
SF:/Users/mehedimayall/PROJECTS/IMF/APP/DriverApp_API/src/Domain/ModelsCustom/CustomerDto.cs
FN:5,System.String Domain.ModelsCustom.CustomerDto::get_CustomerID()
FNDA:0,System.String Domain.ModelsCustom.CustomerDto::get_CustomerID()
DA:6,0
FN:6,System.String Domain.ModelsCustom.CustomerDto::get_CustomerName()
FNDA:0,System.String Domain.ModelsCustom.CustomerDto::get_CustomerName()
DA:7,0
FN:7,System.String Domain.ModelsCustom.CustomerDto::get_Address1()
FNDA:0,System.String Domain.ModelsCustom.CustomerDto::get_Address1()
DA:8,0
FN:8,System.String Domain.ModelsCustom.CustomerDto::get_Address2()
FNDA:0,System.String Domain.ModelsCustom.CustomerDto::get_Address2()
DA:9,0
FN:9,System.String Domain.ModelsCustom.CustomerDto::get_City()
FNDA:0,System.String Domain.ModelsCustom.CustomerDto::get_City()
DA:10,0
FN:10,System.String Domain.ModelsCustom.CustomerDto::get_State()
FNDA:0,System.String Domain.ModelsCustom.CustomerDto::get_State()
DA:11,0
FN:11,System.String Domain.ModelsCustom.CustomerDto::get_Zip()
FNDA:0,System.String Domain.ModelsCustom.CustomerDto::get_Zip()
DA:12,0
LF:7
LH:0
BRF:0
BRH:0
FNF:7
FNH:0
end_of_record
SF:/Users/mehedimayall/PROJECTS/IMF/APP/DriverApp_API/src/Domain/ModelsCustom/DriverContainerModel.cs
FN:4,System.Nullable`1<System.Int32> Domain.ModelsCustom.DriverContainerModel::get_ContainerID()
FNDA:32,System.Nullable`1<System.Int32> Domain.ModelsCustom.DriverContainerModel::get_ContainerID()
DA:5,32
FN:6,System.Nullable`1<System.Int32> Domain.ModelsCustom.DriverContainerModel::get_Pro()
FNDA:48,System.Nullable`1<System.Int32> Domain.ModelsCustom.DriverContainerModel::get_Pro()
DA:7,48
FN:7,System.String Domain.ModelsCustom.DriverContainerModel::get_AppointmentTime()
FNDA:31,System.String Domain.ModelsCustom.DriverContainerModel::get_AppointmentTime()
DA:8,31
FN:8,System.String Domain.ModelsCustom.DriverContainerModel::get_MTPickupDate()
FNDA:30,System.String Domain.ModelsCustom.DriverContainerModel::get_MTPickupDate()
DA:9,30
FN:9,System.String Domain.ModelsCustom.DriverContainerModel::get_DestinationCity()
FNDA:30,System.String Domain.ModelsCustom.DriverContainerModel::get_DestinationCity()
DA:10,30
FN:10,System.String Domain.ModelsCustom.DriverContainerModel::get_DestinationState()
FNDA:30,System.String Domain.ModelsCustom.DriverContainerModel::get_DestinationState()
DA:11,30
FN:12,System.String Domain.ModelsCustom.DriverContainerModel::get_LoadType()
FNDA:49,System.String Domain.ModelsCustom.DriverContainerModel::get_LoadType()
DA:13,49
FN:13,System.String Domain.ModelsCustom.DriverContainerModel::get_Container()
FNDA:35,System.String Domain.ModelsCustom.DriverContainerModel::get_Container()
DA:14,35
FN:14,System.String Domain.ModelsCustom.DriverContainerModel::get_PO()
FNDA:32,System.String Domain.ModelsCustom.DriverContainerModel::get_PO()
DA:15,32
FN:15,System.Nullable`1<System.Double> Domain.ModelsCustom.DriverContainerModel::get_Quantity()
FNDA:32,System.Nullable`1<System.Double> Domain.ModelsCustom.DriverContainerModel::get_Quantity()
DA:16,32
FN:16,System.String Domain.ModelsCustom.DriverContainerModel::get_PDiemDate()
FNDA:30,System.String Domain.ModelsCustom.DriverContainerModel::get_PDiemDate()
DA:17,30
FN:18,System.String Domain.ModelsCustom.DriverContainerModel::get_ScheduledDeliveryDate()
FNDA:31,System.String Domain.ModelsCustom.DriverContainerModel::get_ScheduledDeliveryDate()
DA:19,31
FN:19,System.String Domain.ModelsCustom.DriverContainerModel::get_ContainerSize()
FNDA:31,System.String Domain.ModelsCustom.DriverContainerModel::get_ContainerSize()
DA:20,31
FN:20,System.String Domain.ModelsCustom.DriverContainerModel::get_FreeTime()
FNDA:30,System.String Domain.ModelsCustom.DriverContainerModel::get_FreeTime()
DA:21,30
FN:21,System.String Domain.ModelsCustom.DriverContainerModel::get_PickupDate()
FNDA:30,System.String Domain.ModelsCustom.DriverContainerModel::get_PickupDate()
DA:22,30
FN:22,System.String Domain.ModelsCustom.DriverContainerModel::get_DeliveryDate()
FNDA:30,System.String Domain.ModelsCustom.DriverContainerModel::get_DeliveryDate()
DA:23,30
FN:24,System.String Domain.ModelsCustom.DriverContainerModel::get_ReturnDate()
FNDA:30,System.String Domain.ModelsCustom.DriverContainerModel::get_ReturnDate()
DA:25,30
FN:25,System.Nullable`1<System.Int32> Domain.ModelsCustom.DriverContainerModel::get_PAccount()
FNDA:30,System.Nullable`1<System.Int32> Domain.ModelsCustom.DriverContainerModel::get_PAccount()
DA:26,30
FN:26,System.String Domain.ModelsCustom.DriverContainerModel::get_ETA()
FNDA:30,System.String Domain.ModelsCustom.DriverContainerModel::get_ETA()
DA:27,30
FN:27,System.String Domain.ModelsCustom.DriverContainerModel::get_PConsignee()
FNDA:30,System.String Domain.ModelsCustom.DriverContainerModel::get_PConsignee()
DA:28,30
FN:28,System.String Domain.ModelsCustom.DriverContainerModel::get_Consignee()
FNDA:31,System.String Domain.ModelsCustom.DriverContainerModel::get_Consignee()
DA:29,31
FN:30,System.String Domain.ModelsCustom.DriverContainerModel::get_Terminal()
FNDA:31,System.String Domain.ModelsCustom.DriverContainerModel::get_Terminal()
DA:31,31
FN:31,System.String Domain.ModelsCustom.DriverContainerModel::get_WorkDate()
FNDA:30,System.String Domain.ModelsCustom.DriverContainerModel::get_WorkDate()
DA:32,30
FN:32,System.String Domain.ModelsCustom.DriverContainerModel::get_AvailableDate()
FNDA:30,System.String Domain.ModelsCustom.DriverContainerModel::get_AvailableDate()
DA:33,30
FN:33,System.String Domain.ModelsCustom.DriverContainerModel::get_DateMT()
FNDA:30,System.String Domain.ModelsCustom.DriverContainerModel::get_DateMT()
DA:34,30
FN:34,System.String Domain.ModelsCustom.DriverContainerModel::get_ArrivedOn()
FNDA:30,System.String Domain.ModelsCustom.DriverContainerModel::get_ArrivedOn()
DA:35,30
FN:36,System.String Domain.ModelsCustom.DriverContainerModel::get_OrderStatus()
FNDA:30,System.String Domain.ModelsCustom.DriverContainerModel::get_OrderStatus()
DA:37,30
FN:37,System.Nullable`1<System.Double> Domain.ModelsCustom.DriverContainerModel::get_Weight()
FNDA:32,System.Nullable`1<System.Double> Domain.ModelsCustom.DriverContainerModel::get_Weight()
DA:38,32
FN:38,System.String Domain.ModelsCustom.DriverContainerModel::get_WeightUnit()
FNDA:30,System.String Domain.ModelsCustom.DriverContainerModel::get_WeightUnit()
DA:39,30
FN:39,System.String Domain.ModelsCustom.DriverContainerModel::get_WorkDateDelivery()
FNDA:30,System.String Domain.ModelsCustom.DriverContainerModel::get_WorkDateDelivery()
DA:40,30
FN:40,System.Nullable`1<System.DateTime> Domain.ModelsCustom.DriverContainerModel::get_OrderEntryDate()
FNDA:32,System.Nullable`1<System.DateTime> Domain.ModelsCustom.DriverContainerModel::get_OrderEntryDate()
DA:41,32
FN:42,System.String Domain.ModelsCustom.DriverContainerModel::get_LegType()
FNDA:66,System.String Domain.ModelsCustom.DriverContainerModel::get_LegType()
DA:43,66
FN:43,System.String Domain.ModelsCustom.DriverContainerModel::get_ViewMovedOn()
FNDA:38,System.String Domain.ModelsCustom.DriverContainerModel::get_ViewMovedOn()
DA:44,38
FN:44,System.String Domain.ModelsCustom.DriverContainerModel::get_BeginMovedOn()
FNDA:38,System.String Domain.ModelsCustom.DriverContainerModel::get_BeginMovedOn()
DA:45,38
FN:45,System.Nullable`1<System.Int32> Domain.ModelsCustom.DriverContainerModel::get_MoveStatusID()
FNDA:33,System.Nullable`1<System.Int32> Domain.ModelsCustom.DriverContainerModel::get_MoveStatusID()
DA:46,33
FN:46,System.String Domain.ModelsCustom.DriverContainerModel::get_SpecialInstructions()
FNDA:30,System.String Domain.ModelsCustom.DriverContainerModel::get_SpecialInstructions()
DA:47,30
FN:48,System.String Domain.ModelsCustom.DriverContainerModel::get_ConsigneeCity()
FNDA:30,System.String Domain.ModelsCustom.DriverContainerModel::get_ConsigneeCity()
DA:49,30
FN:49,System.String Domain.ModelsCustom.DriverContainerModel::get_ConsigneeAddress()
FNDA:30,System.String Domain.ModelsCustom.DriverContainerModel::get_ConsigneeAddress()
DA:50,30
FN:50,System.String Domain.ModelsCustom.DriverContainerModel::get_ConsigneeState()
FNDA:30,System.String Domain.ModelsCustom.DriverContainerModel::get_ConsigneeState()
DA:51,30
FN:51,System.String Domain.ModelsCustom.DriverContainerModel::get_ConsigneeZip()
FNDA:30,System.String Domain.ModelsCustom.DriverContainerModel::get_ConsigneeZip()
DA:52,30
FN:52,System.String Domain.ModelsCustom.DriverContainerModel::get_TerminalCity()
FNDA:30,System.String Domain.ModelsCustom.DriverContainerModel::get_TerminalCity()
DA:53,30
FN:54,System.String Domain.ModelsCustom.DriverContainerModel::get_TerminalAddress()
FNDA:30,System.String Domain.ModelsCustom.DriverContainerModel::get_TerminalAddress()
DA:55,30
FN:55,System.String Domain.ModelsCustom.DriverContainerModel::get_TermianalState()
FNDA:30,System.String Domain.ModelsCustom.DriverContainerModel::get_TermianalState()
DA:56,30
FN:56,System.String Domain.ModelsCustom.DriverContainerModel::get_TerminalZip()
FNDA:30,System.String Domain.ModelsCustom.DriverContainerModel::get_TerminalZip()
DA:57,30
FN:57,System.String Domain.ModelsCustom.DriverContainerModel::get_WarehouseCity()
FNDA:30,System.String Domain.ModelsCustom.DriverContainerModel::get_WarehouseCity()
DA:58,30
FN:58,System.String Domain.ModelsCustom.DriverContainerModel::get_WarehouseAddress()
FNDA:30,System.String Domain.ModelsCustom.DriverContainerModel::get_WarehouseAddress()
DA:59,30
FN:60,System.String Domain.ModelsCustom.DriverContainerModel::get_WarehouseState()
FNDA:30,System.String Domain.ModelsCustom.DriverContainerModel::get_WarehouseState()
DA:61,30
FN:61,System.String Domain.ModelsCustom.DriverContainerModel::get_WarehouseZip()
FNDA:30,System.String Domain.ModelsCustom.DriverContainerModel::get_WarehouseZip()
DA:62,30
FN:62,System.String Domain.ModelsCustom.DriverContainerModel::get_Warehouse()
FNDA:31,System.String Domain.ModelsCustom.DriverContainerModel::get_Warehouse()
DA:63,31
FN:63,System.String Domain.ModelsCustom.DriverContainerModel::get_DropOnDelivery()
FNDA:30,System.String Domain.ModelsCustom.DriverContainerModel::get_DropOnDelivery()
DA:64,30
FN:64,System.String Domain.ModelsCustom.DriverContainerModel::get_DropOnReturn()
FNDA:30,System.String Domain.ModelsCustom.DriverContainerModel::get_DropOnReturn()
DA:65,30
FN:66,System.String Domain.ModelsCustom.DriverContainerModel::get_DropOnPickup()
FNDA:30,System.String Domain.ModelsCustom.DriverContainerModel::get_DropOnPickup()
DA:67,30
FN:67,System.String Domain.ModelsCustom.DriverContainerModel::get_ChassisNumber()
FNDA:31,System.String Domain.ModelsCustom.DriverContainerModel::get_ChassisNumber()
DA:68,31
FN:68,System.String Domain.ModelsCustom.DriverContainerModel::get_LineChassis()
FNDA:30,System.String Domain.ModelsCustom.DriverContainerModel::get_LineChassis()
DA:69,30
FN:69,System.String Domain.ModelsCustom.DriverContainerModel::get_Commodity()
FNDA:31,System.String Domain.ModelsCustom.DriverContainerModel::get_Commodity()
DA:70,31
FN:70,System.String Domain.ModelsCustom.DriverContainerModel::get_Seal()
FNDA:31,System.String Domain.ModelsCustom.DriverContainerModel::get_Seal()
DA:71,31
FN:72,System.String Domain.ModelsCustom.DriverContainerModel::get_OtherRef()
FNDA:31,System.String Domain.ModelsCustom.DriverContainerModel::get_OtherRef()
DA:73,31
FN:73,System.String Domain.ModelsCustom.DriverContainerModel::get_PickupTerminal()
FNDA:30,System.String Domain.ModelsCustom.DriverContainerModel::get_PickupTerminal()
DA:74,30
FN:74,System.String Domain.ModelsCustom.DriverContainerModel::get_ReturnTerminal()
FNDA:30,System.String Domain.ModelsCustom.DriverContainerModel::get_ReturnTerminal()
DA:75,30
FN:75,System.String Domain.ModelsCustom.DriverContainerModel::get_VesselName()
FNDA:31,System.String Domain.ModelsCustom.DriverContainerModel::get_VesselName()
DA:76,31
FN:76,System.String Domain.ModelsCustom.DriverContainerModel::get_BillOrBooking()
FNDA:31,System.String Domain.ModelsCustom.DriverContainerModel::get_BillOrBooking()
DA:77,31
FN:78,System.String Domain.ModelsCustom.DriverContainerModel::get_PinOut()
FNDA:30,System.String Domain.ModelsCustom.DriverContainerModel::get_PinOut()
DA:79,30
FN:79,System.String Domain.ModelsCustom.DriverContainerModel::get_PinIn()
FNDA:30,System.String Domain.ModelsCustom.DriverContainerModel::get_PinIn()
DA:80,30
FN:80,System.String Domain.ModelsCustom.DriverContainerModel::get_WarehousePhone()
FNDA:30,System.String Domain.ModelsCustom.DriverContainerModel::get_WarehousePhone()
DA:81,30
FN:81,System.String Domain.ModelsCustom.DriverContainerModel::get_ConsigneePhone()
FNDA:30,System.String Domain.ModelsCustom.DriverContainerModel::get_ConsigneePhone()
DA:82,30
FN:82,System.String Domain.ModelsCustom.DriverContainerModel::get_ConsigneeContact()
FNDA:30,System.String Domain.ModelsCustom.DriverContainerModel::get_ConsigneeContact()
DA:83,30
FN:84,System.String Domain.ModelsCustom.DriverContainerModel::get_Imcha()
FNDA:30,System.String Domain.ModelsCustom.DriverContainerModel::get_Imcha()
DA:85,30
FN:85,System.String Domain.ModelsCustom.DriverContainerModel::get_OceanCarrier()
FNDA:31,System.String Domain.ModelsCustom.DriverContainerModel::get_OceanCarrier()
DA:86,31
FN:86,System.Nullable`1<System.Int32> Domain.ModelsCustom.DriverContainerModel::get_PickupNumber()
FNDA:30,System.Nullable`1<System.Int32> Domain.ModelsCustom.DriverContainerModel::get_PickupNumber()
DA:87,30
FN:87,System.Nullable`1<System.Int32> Domain.ModelsCustom.DriverContainerModel::get_Returnmtnum()
FNDA:30,System.Nullable`1<System.Int32> Domain.ModelsCustom.DriverContainerModel::get_Returnmtnum()
DA:88,30
FN:88,System.Nullable`1<System.DateTime> Domain.ModelsCustom.DriverContainerModel::get_VesselCutOffDate()
FNDA:30,System.Nullable`1<System.DateTime> Domain.ModelsCustom.DriverContainerModel::get_VesselCutOffDate()
DA:89,30
FN:89,System.String Domain.ModelsCustom.DriverContainerModel::get_ContainerType()
FNDA:31,System.String Domain.ModelsCustom.DriverContainerModel::get_ContainerType()
DA:90,31
FN:90,System.Nullable`1<System.Boolean> Domain.ModelsCustom.DriverContainerModel::get_IsBannered()
FNDA:30,System.Nullable`1<System.Boolean> Domain.ModelsCustom.DriverContainerModel::get_IsBannered()
DA:91,30
FN:91,System.String Domain.ModelsCustom.DriverContainerModel::get_ApptDate()
FNDA:30,System.String Domain.ModelsCustom.DriverContainerModel::get_ApptDate()
DA:92,30
FN:92,System.String Domain.ModelsCustom.DriverContainerModel::get_PURailOrWarehouse()
FNDA:31,System.String Domain.ModelsCustom.DriverContainerModel::get_PURailOrWarehouse()
DA:93,31
FN:93,System.String Domain.ModelsCustom.DriverContainerModel::get_DriverPickup()
FNDA:31,System.String Domain.ModelsCustom.DriverContainerModel::get_DriverPickup()
DA:94,31
FN:94,System.String Domain.ModelsCustom.DriverContainerModel::get_DriverDelivery()
FNDA:31,System.String Domain.ModelsCustom.DriverContainerModel::get_DriverDelivery()
DA:95,31
FN:95,System.String Domain.ModelsCustom.DriverContainerModel::get_COMPANYNAME()
FNDA:31,System.String Domain.ModelsCustom.DriverContainerModel::get_COMPANYNAME()
DA:96,31
FN:96,System.Nullable`1<System.Boolean> Domain.ModelsCustom.DriverContainerModel::get_IsPaperLess()
FNDA:37,System.Nullable`1<System.Boolean> Domain.ModelsCustom.DriverContainerModel::get_IsPaperLess()
DA:97,37
FN:97,System.String Domain.ModelsCustom.DriverContainerModel::get_ConsigneePODEmail()
FNDA:31,System.String Domain.ModelsCustom.DriverContainerModel::get_ConsigneePODEmail()
DA:98,31
FN:98,System.String Domain.ModelsCustom.DriverContainerModel::get_WarehousePODEmail()
FNDA:31,System.String Domain.ModelsCustom.DriverContainerModel::get_WarehousePODEmail()
DA:99,31
FN:99,System.String Domain.ModelsCustom.DriverContainerModel::get_PickupApt()
FNDA:30,System.String Domain.ModelsCustom.DriverContainerModel::get_PickupApt()
DA:100,30
FN:100,System.String Domain.ModelsCustom.DriverContainerModel::get_ReturnApt()
FNDA:30,System.String Domain.ModelsCustom.DriverContainerModel::get_ReturnApt()
DA:101,30
FN:101,System.String Domain.ModelsCustom.DriverContainerModel::get_EntryNo()
FNDA:31,System.String Domain.ModelsCustom.DriverContainerModel::get_EntryNo()
DA:102,31
FN:103,System.Nullable`1<System.Int32> Domain.ModelsCustom.DriverContainerModel::get_IsDriverInBeginMove()
FNDA:30,System.Nullable`1<System.Int32> Domain.ModelsCustom.DriverContainerModel::get_IsDriverInBeginMove()
DA:104,30
LF:85
LH:85
BRF:0
BRH:0
FNF:85
FNH:85
end_of_record
SF:/Users/mehedimayall/PROJECTS/IMF/APP/DriverApp_API/src/Domain/ModelsCustom/DriverUserInfoDto.cs
FN:4,System.String Domain.ModelsCustom.DriverUserInfoDto::get_UserId()
FNDA:0,System.String Domain.ModelsCustom.DriverUserInfoDto::get_UserId()
DA:5,0
LF:1
LH:0
BRF:0
BRH:0
FNF:1
FNH:0
end_of_record
SF:/Users/mehedimayall/PROJECTS/IMF/APP/DriverApp_API/src/Domain/ModelsCustom/EmailLoginToken.cs
FN:5,System.Int32 Domain.ModelsCustom.EmailLoginToken::get_Id()
FNDA:0,System.Int32 Domain.ModelsCustom.EmailLoginToken::get_Id()
DA:6,0
FN:6,System.String Domain.ModelsCustom.EmailLoginToken::get_ContainerCode()
FNDA:1,System.String Domain.ModelsCustom.EmailLoginToken::get_ContainerCode()
DA:7,1
FN:7,System.Nullable`1<System.DateTime> Domain.ModelsCustom.EmailLoginToken::get_ValidTill()
FNDA:1,System.Nullable`1<System.DateTime> Domain.ModelsCustom.EmailLoginToken::get_ValidTill()
DA:8,1
FN:8,System.Nullable`1<System.Boolean> Domain.ModelsCustom.EmailLoginToken::get_IsUserLoggedOn()
FNDA:0,System.Nullable`1<System.Boolean> Domain.ModelsCustom.EmailLoginToken::get_IsUserLoggedOn()
DA:9,0
FN:9,System.Nullable`1<System.Int32> Domain.ModelsCustom.EmailLoginToken::get_DriverId()
FNDA:1,System.Nullable`1<System.Int32> Domain.ModelsCustom.EmailLoginToken::get_DriverId()
DA:10,1
FN:10,System.Nullable`1<System.DateTime> Domain.ModelsCustom.EmailLoginToken::get_CreatedOn()
FNDA:1,System.Nullable`1<System.DateTime> Domain.ModelsCustom.EmailLoginToken::get_CreatedOn()
DA:11,1
LF:6
LH:4
BRF:0
BRH:0
FNF:6
FNH:4
end_of_record
SF:/Users/mehedimayall/PROJECTS/IMF/APP/DriverApp_API/src/Domain/ModelsCustom/EmailLoginTokenModel.cs
FN:4,System.String Domain.ModelsCustom.EmailLoginTokenModel::get_UserId()
FNDA:0,System.String Domain.ModelsCustom.EmailLoginTokenModel::get_UserId()
DA:5,0
FN:5,System.String Domain.ModelsCustom.EmailLoginTokenModel::get_Password()
FNDA:0,System.String Domain.ModelsCustom.EmailLoginTokenModel::get_Password()
DA:6,0
LF:2
LH:0
BRF:0
BRH:0
FNF:2
FNH:0
end_of_record
SF:/Users/mehedimayall/PROJECTS/IMF/APP/DriverApp_API/src/Domain/ModelsCustom/LoggedUserDetails.cs
FN:2,System.Int32 Domain.ModelsCustom.LoggedUserDetails::get_DriverID()
FNDA:1,System.Int32 Domain.ModelsCustom.LoggedUserDetails::get_DriverID()
DA:3,1
LF:1
LH:1
BRF:0
BRH:0
FNF:1
FNH:1
end_of_record
SF:/Users/mehedimayall/PROJECTS/IMF/APP/DriverApp_API/src/Domain/ModelsCustom/WorkQueueModel.cs
FN:7,System.Nullable`1<System.Int32> Domain.ModelsCustom.WorkQueueModel::get_ContainerID()
FNDA:182,System.Nullable`1<System.Int32> Domain.ModelsCustom.WorkQueueModel::get_ContainerID()
DA:8,182
FN:8,System.Nullable`1<System.Int32> Domain.ModelsCustom.WorkQueueModel::get_Pro()
FNDA:186,System.Nullable`1<System.Int32> Domain.ModelsCustom.WorkQueueModel::get_Pro()
DA:9,186
FN:10,System.Nullable`1<System.DateTime> Domain.ModelsCustom.WorkQueueModel::get_WorkDatePickup()
FNDA:182,System.Nullable`1<System.DateTime> Domain.ModelsCustom.WorkQueueModel::get_WorkDatePickup()
DA:11,182
FN:11,System.Nullable`1<System.DateTime> Domain.ModelsCustom.WorkQueueModel::get_PickupDate()
FNDA:182,System.Nullable`1<System.DateTime> Domain.ModelsCustom.WorkQueueModel::get_PickupDate()
DA:12,182
FN:12,System.Nullable`1<System.DateTime> Domain.ModelsCustom.WorkQueueModel::get_DeliveryDate()
FNDA:182,System.Nullable`1<System.DateTime> Domain.ModelsCustom.WorkQueueModel::get_DeliveryDate()
DA:13,182
FN:13,System.Nullable`1<System.DateTime> Domain.ModelsCustom.WorkQueueModel::get_ReturnDate()
FNDA:182,System.Nullable`1<System.DateTime> Domain.ModelsCustom.WorkQueueModel::get_ReturnDate()
DA:14,182
FN:15,System.Nullable`1<System.DateTime> Domain.ModelsCustom.WorkQueueModel::get_WorkDateDelivery()
FNDA:182,System.Nullable`1<System.DateTime> Domain.ModelsCustom.WorkQueueModel::get_WorkDateDelivery()
DA:16,182
FN:16,System.Nullable`1<System.DateTime> Domain.ModelsCustom.WorkQueueModel::get_OrderEntryDate()
FNDA:182,System.Nullable`1<System.DateTime> Domain.ModelsCustom.WorkQueueModel::get_OrderEntryDate()
DA:17,182
FN:17,System.String Domain.ModelsCustom.WorkQueueModel::get_LegType()
FNDA:182,System.String Domain.ModelsCustom.WorkQueueModel::get_LegType()
DA:18,182
FN:18,System.Nullable`1<System.DateTime> Domain.ModelsCustom.WorkQueueModel::get_ViewMovedOn()
FNDA:182,System.Nullable`1<System.DateTime> Domain.ModelsCustom.WorkQueueModel::get_ViewMovedOn()
DA:19,182
FN:19,System.Nullable`1<System.DateTime> Domain.ModelsCustom.WorkQueueModel::get_BeginMovedOn()
FNDA:182,System.Nullable`1<System.DateTime> Domain.ModelsCustom.WorkQueueModel::get_BeginMovedOn()
DA:20,182
FN:21,System.Nullable`1<System.Int32> Domain.ModelsCustom.WorkQueueModel::get_MoveStatusID()
FNDA:185,System.Nullable`1<System.Int32> Domain.ModelsCustom.WorkQueueModel::get_MoveStatusID()
DA:22,185
FN:22,System.Nullable`1<System.Int32> Domain.ModelsCustom.WorkQueueModel::get_IsRejected()
FNDA:217,System.Nullable`1<System.Int32> Domain.ModelsCustom.WorkQueueModel::get_IsRejected()
DA:23,217
FN:23,System.String Domain.ModelsCustom.WorkQueueModel::get_RejectedReason()
FNDA:182,System.String Domain.ModelsCustom.WorkQueueModel::get_RejectedReason()
DA:24,182
FN:24,System.Nullable`1<System.Int32> Domain.ModelsCustom.WorkQueueModel::get_DocumentID()
FNDA:198,System.Nullable`1<System.Int32> Domain.ModelsCustom.WorkQueueModel::get_DocumentID()
DA:25,198
FN:25,System.Nullable`1<System.Boolean> Domain.ModelsCustom.WorkQueueModel::get_IsPaperLess()
FNDA:182,System.Nullable`1<System.Boolean> Domain.ModelsCustom.WorkQueueModel::get_IsPaperLess()
DA:26,182
FN:27,System.Nullable`1<System.DateTime> Domain.ModelsCustom.WorkQueueModel::get_WORKDATE()
FNDA:182,System.Nullable`1<System.DateTime> Domain.ModelsCustom.WorkQueueModel::get_WORKDATE()
DA:28,182
FN:28,System.Nullable`1<System.Int32> Domain.ModelsCustom.WorkQueueModel::get_OrderNo()
FNDA:184,System.Nullable`1<System.Int32> Domain.ModelsCustom.WorkQueueModel::get_OrderNo()
DA:29,184
LF:18
LH:18
BRF:0
BRH:0
FNF:18
FNH:18
end_of_record
SF:/Users/mehedimayall/PROJECTS/IMF/APP/DriverApp_API/src/Domain/Exceptions/DriverContainerModelError.cs
FN:4,Domain.Exceptions.Error`1<DriverContainerModel> Domain.Exceptions.DriverContainerModelError`1::NoContainerFound()
FNDA:5,Domain.Exceptions.Error`1<DriverContainerModel> Domain.Exceptions.DriverContainerModelError`1::NoContainerFound()
DA:5,5
LF:1
LH:1
BRF:0
BRH:0
FNF:1
FNH:1
end_of_record
SF:/Users/mehedimayall/PROJECTS/IMF/APP/DriverApp_API/src/Domain/Exceptions/DriverDocumentError.cs
FN:6,Domain.Exceptions.Error`1<DriverDocuments> Domain.Exceptions.DriverDocumentError`1::DriverDocumentNotFound(Domain.ValueObjects.OrderLogID)
FNDA:0,Domain.Exceptions.Error`1<DriverDocuments> Domain.Exceptions.DriverDocumentError`1::DriverDocumentNotFound(Domain.ValueObjects.OrderLogID)
DA:7,0
DA:8,0
DA:9,0
LF:3
LH:0
BRF:0
BRH:0
FNF:1
FNH:0
end_of_record
SF:/Users/mehedimayall/PROJECTS/IMF/APP/DriverApp_API/src/Domain/Exceptions/DriverMovesError.cs
FN:6,Domain.Exceptions.Error`1<DriverMoves> Domain.Exceptions.DriverMovesError`1::DriverMovesNotFound(Domain.ValueObjects.OrderLogID)
FNDA:0,Domain.Exceptions.Error`1<DriverMoves> Domain.Exceptions.DriverMovesError`1::DriverMovesNotFound(Domain.ValueObjects.OrderLogID)
DA:7,0
DA:8,0
DA:9,0
LF:3
LH:0
BRF:0
BRH:0
FNF:1
FNH:0
end_of_record
SF:/Users/mehedimayall/PROJECTS/IMF/APP/DriverApp_API/src/Domain/Exceptions/Error.cs
FN:4,System.String Domain.Exceptions.Error`1::get_Message()
FNDA:84,System.String Domain.Exceptions.Error`1::get_Message()
DA:5,84
FN:7,Domain.Exceptions.Error`1<T> Domain.Exceptions.Error`1::Set(System.String,System.String)
FNDA:6,Domain.Exceptions.Error`1<T> Domain.Exceptions.Error`1::Set(System.String,System.String)
DA:8,6
FN:9,Domain.Shared.Result`1<T> Domain.Exceptions.Error`1::op_Implicit(Domain.Exceptions.Error`1<T>)
FNDA:15,Domain.Shared.Result`1<T> Domain.Exceptions.Error`1::op_Implicit(Domain.Exceptions.Error`1<T>)
DA:10,15
FN:6,System.Void Domain.Exceptions.Error`1::.cctor()
FNDA:20,System.Void Domain.Exceptions.Error`1::.cctor()
DA:7,20
LF:4
LH:4
BRF:0
BRH:0
FNF:4
FNH:4
end_of_record
SF:/Users/mehedimayall/PROJECTS/IMF/APP/DriverApp_API/src/Domain/Exceptions/FileInfoError.cs
FN:6,Domain.Exceptions.Error`1<FileInfoDto> Domain.Exceptions.FileInfoError`1::GetDivisionFolderNameIsNull(Domain.ValueObjects.CompanyID)
FNDA:8,Domain.Exceptions.Error`1<FileInfoDto> Domain.Exceptions.FileInfoError`1::GetDivisionFolderNameIsNull(Domain.ValueObjects.CompanyID)
DA:7,8
DA:8,8
DA:9,8
LF:3
LH:3
BRF:0
BRH:0
FNF:1
FNH:1
end_of_record
SF:/Users/mehedimayall/PROJECTS/IMF/APP/DriverApp_API/src/Domain/Exceptions/GlobalSetupError.cs
FN:5,Domain.Exceptions.Error`1<GlobalSetup> Domain.Exceptions.GlobalSetupError`1::GlobalSetupNotFound(Domain.ValueObjects.CompanyID)
FNDA:0,Domain.Exceptions.Error`1<GlobalSetup> Domain.Exceptions.GlobalSetupError`1::GlobalSetupNotFound(Domain.ValueObjects.CompanyID)
DA:6,0
DA:7,0
DA:8,0
LF:3
LH:0
BRF:0
BRH:0
FNF:1
FNH:0
end_of_record
SF:/Users/mehedimayall/PROJECTS/IMF/APP/DriverApp_API/src/Domain/Exceptions/LegTypeError.cs
FN:5,Domain.Exceptions.Error`1<LegType> Domain.Exceptions.LegTypeError`1::InvalidLegType(System.String)
FNDA:0,Domain.Exceptions.Error`1<LegType> Domain.Exceptions.LegTypeError`1::InvalidLegType(System.String)
DA:6,0
DA:7,0
DA:8,0
LF:3
LH:0
BRF:0
BRH:0
FNF:1
FNH:0
end_of_record
SF:/Users/mehedimayall/PROJECTS/IMF/APP/DriverApp_API/src/Domain/Exceptions/NotificationError.cs
FN:5,Domain.Exceptions.Error`1<DocumentNotifications> Domain.Exceptions.NotificationError`1::UnseenNotificationNotFound(Domain.ValueObjects.DriverID)
FNDA:1,Domain.Exceptions.Error`1<DocumentNotifications> Domain.Exceptions.NotificationError`1::UnseenNotificationNotFound(Domain.ValueObjects.DriverID)
DA:6,1
DA:7,1
DA:8,1
FN:9,Domain.Exceptions.Error`1<DocumentNotifications> Domain.Exceptions.NotificationError`1::NotificationNotFound(Domain.ValueObjects.DriverID)
FNDA:2,Domain.Exceptions.Error`1<DocumentNotifications> Domain.Exceptions.NotificationError`1::NotificationNotFound(Domain.ValueObjects.DriverID)
DA:10,2
DA:11,2
DA:12,2
FN:13,Domain.Exceptions.Error`1<DocumentNotifications> Domain.Exceptions.NotificationError`1::NotificationNotFound(System.Int32)
FNDA:1,Domain.Exceptions.Error`1<DocumentNotifications> Domain.Exceptions.NotificationError`1::NotificationNotFound(System.Int32)
DA:14,1
DA:15,1
DA:16,1
FN:17,Domain.Exceptions.Error`1<DocumentNotifications> Domain.Exceptions.NotificationError`1::NotificationSeenStatusNotFound(System.Int32)
FNDA:0,Domain.Exceptions.Error`1<DocumentNotifications> Domain.Exceptions.NotificationError`1::NotificationSeenStatusNotFound(System.Int32)
DA:18,0
DA:19,0
DA:20,0
LF:12
LH:9
BRF:0
BRH:0
FNF:4
FNH:3
end_of_record
SF:/Users/mehedimayall/PROJECTS/IMF/APP/DriverApp_API/src/Domain/Exceptions/OrderLogDocError.cs
FN:5,Domain.Exceptions.Error`1<OrderLogDoc> Domain.Exceptions.OrderLogDocError`1::OrderLogDocNotFound(Domain.ValueObjects.OrderLogID)
FNDA:0,Domain.Exceptions.Error`1<OrderLogDoc> Domain.Exceptions.OrderLogDocError`1::OrderLogDocNotFound(Domain.ValueObjects.OrderLogID)
DA:6,0
DA:7,0
DA:8,0
LF:3
LH:0
BRF:0
BRH:0
FNF:1
FNH:0
end_of_record
SF:/Users/mehedimayall/PROJECTS/IMF/APP/DriverApp_API/src/Domain/Exceptions/PODTemplatePathError.cs
FN:6,System.String Domain.Exceptions.PODTemplatePathError::TemplateFileNotFound(System.String)
FNDA:0,System.String Domain.Exceptions.PODTemplatePathError::TemplateFileNotFound(System.String)
DA:7,0
DA:8,0
DA:9,0
LF:3
LH:0
BRF:0
BRH:0
FNF:1
FNH:0
end_of_record
SF:/Users/mehedimayall/PROJECTS/IMF/APP/DriverApp_API/src/Domain/Exceptions/PreviewInstructionErrors.cs
FN:4,Domain.Exceptions.Error`1<T> Domain.Exceptions.PreviewInstructionErrors`1::ContainerRequestIsNull()
FNDA:0,Domain.Exceptions.Error`1<T> Domain.Exceptions.PreviewInstructionErrors`1::ContainerRequestIsNull()
DA:5,0
FN:5,Domain.Exceptions.Error`1<T> Domain.Exceptions.PreviewInstructionErrors`1::NoContainerFound()
FNDA:0,Domain.Exceptions.Error`1<T> Domain.Exceptions.PreviewInstructionErrors`1::NoContainerFound()
DA:6,0
LF:2
LH:0
BRF:0
BRH:0
FNF:2
FNH:0
end_of_record
SF:/Users/mehedimayall/PROJECTS/IMF/APP/DriverApp_API/src/Domain/Exceptions/PurchaseOrderError.cs
FN:5,Domain.Exceptions.Error`1<PurchaseOrder> Domain.Exceptions.PurchaseOrderError`1::PurchaseOrderNotFound(System.Int32)
FNDA:1,Domain.Exceptions.Error`1<PurchaseOrder> Domain.Exceptions.PurchaseOrderError`1::PurchaseOrderNotFound(System.Int32)
DA:6,1
DA:7,1
DA:8,1
LF:3
LH:3
BRF:0
BRH:0
FNF:1
FNH:1
end_of_record
SF:/Users/mehedimayall/PROJECTS/IMF/APP/DriverApp_API/src/Domain/Exceptions/SerializeError.cs
FN:4,Domain.Exceptions.Error`1<T> Domain.Exceptions.SerializeError`1::ContainerRequestIsNull()
FNDA:0,Domain.Exceptions.Error`1<T> Domain.Exceptions.SerializeError`1::ContainerRequestIsNull()
DA:5,0
FN:5,Domain.Exceptions.Error`1<T> Domain.Exceptions.SerializeError`1::RequestedParameterIsNull()
FNDA:2,Domain.Exceptions.Error`1<T> Domain.Exceptions.SerializeError`1::RequestedParameterIsNull()
DA:6,2
FN:6,Domain.Exceptions.Error`1<T> Domain.Exceptions.SerializeError`1::FailedToDeserializeObject()
FNDA:1,Domain.Exceptions.Error`1<T> Domain.Exceptions.SerializeError`1::FailedToDeserializeObject()
DA:7,1
LF:3
LH:2
BRF:0
BRH:0
FNF:3
FNH:2
end_of_record
SF:/Users/mehedimayall/PROJECTS/IMF/APP/DriverApp_API/src/Domain/Exceptions/SessionError.cs
FN:6,Domain.Exceptions.Error`1<SessionUserDto> Domain.Exceptions.SessionError`1::SessionUserNotFound()
FNDA:0,Domain.Exceptions.Error`1<SessionUserDto> Domain.Exceptions.SessionError`1::SessionUserNotFound()
DA:7,0
LF:1
LH:0
BRF:0
BRH:0
FNF:1
FNH:0
end_of_record
SF:/Users/mehedimayall/PROJECTS/IMF/APP/DriverApp_API/src/Domain/Exceptions/UserError.cs
FN:4,Domain.Exceptions.Error`1<T> Domain.Exceptions.UserError`1::NoUserDataFound(Domain.ValueObjects.UserID)
FNDA:1,Domain.Exceptions.Error`1<T> Domain.Exceptions.UserError`1::NoUserDataFound(Domain.ValueObjects.UserID)
DA:5,1
FN:5,Domain.Exceptions.Error`1<T> Domain.Exceptions.UserError`1::NoUserDataFoundByUserName(Domain.ValueObjects.UserID)
FNDA:0,Domain.Exceptions.Error`1<T> Domain.Exceptions.UserError`1::NoUserDataFoundByUserName(Domain.ValueObjects.UserID)
DA:6,0
LF:2
LH:1
BRF:0
BRH:0
FNF:2
FNH:1
end_of_record
SF:/Users/mehedimayall/PROJECTS/IMF/APP/DriverApp_API/src/Domain/Entities/BillToCustomer.cs
FN:6,System.Nullable`1<System.Int32> Domain.Entities.BillToCustomer::get_BillToCustomerId()
FNDA:0,System.Nullable`1<System.Int32> Domain.Entities.BillToCustomer::get_BillToCustomerId()
DA:7,0
FN:8,System.String Domain.Entities.BillToCustomer::get_CustomerId()
FNDA:0,System.String Domain.Entities.BillToCustomer::get_CustomerId()
DA:9,0
FN:9,System.Nullable`1<System.DateTime> Domain.Entities.BillToCustomer::get_CreationDateTime()
FNDA:0,System.Nullable`1<System.DateTime> Domain.Entities.BillToCustomer::get_CreationDateTime()
DA:10,0
FN:10,System.String Domain.Entities.BillToCustomer::get_CreationUserId()
FNDA:0,System.String Domain.Entities.BillToCustomer::get_CreationUserId()
DA:11,0
FN:11,System.Nullable`1<System.DateTime> Domain.Entities.BillToCustomer::get_LastUpdateDatetime()
FNDA:0,System.Nullable`1<System.DateTime> Domain.Entities.BillToCustomer::get_LastUpdateDatetime()
DA:12,0
FN:12,System.String Domain.Entities.BillToCustomer::get_LastUpdateUserId()
FNDA:0,System.String Domain.Entities.BillToCustomer::get_LastUpdateUserId()
DA:13,0
FN:14,System.String Domain.Entities.BillToCustomer::get_CompanyId()
FNDA:0,System.String Domain.Entities.BillToCustomer::get_CompanyId()
DA:15,0
FN:15,System.String Domain.Entities.BillToCustomer::get_CustomerName()
FNDA:0,System.String Domain.Entities.BillToCustomer::get_CustomerName()
DA:16,0
FN:16,System.String Domain.Entities.BillToCustomer::get_Contact()
FNDA:0,System.String Domain.Entities.BillToCustomer::get_Contact()
DA:17,0
FN:17,System.String Domain.Entities.BillToCustomer::get_SalesTaxCode()
FNDA:0,System.String Domain.Entities.BillToCustomer::get_SalesTaxCode()
DA:18,0
FN:18,System.String Domain.Entities.BillToCustomer::get_CustomerType()
FNDA:0,System.String Domain.Entities.BillToCustomer::get_CustomerType()
DA:19,0
FN:20,System.String Domain.Entities.BillToCustomer::get_DueDays()
FNDA:0,System.String Domain.Entities.BillToCustomer::get_DueDays()
DA:21,0
FN:21,System.Nullable`1<System.DateTime> Domain.Entities.BillToCustomer::get_CustomerSinceDate()
FNDA:0,System.Nullable`1<System.DateTime> Domain.Entities.BillToCustomer::get_CustomerSinceDate()
DA:22,0
FN:22,System.String Domain.Entities.BillToCustomer::get_WebSite()
FNDA:0,System.String Domain.Entities.BillToCustomer::get_WebSite()
DA:23,0
FN:23,System.Nullable`1<System.Boolean> Domain.Entities.BillToCustomer::get_StorageCharge()
FNDA:0,System.Nullable`1<System.Boolean> Domain.Entities.BillToCustomer::get_StorageCharge()
DA:24,0
FN:24,System.String Domain.Entities.BillToCustomer::get_FuelCharge()
FNDA:0,System.String Domain.Entities.BillToCustomer::get_FuelCharge()
DA:25,0
FN:26,System.String Domain.Entities.BillToCustomer::get_FuelChargePercent()
FNDA:0,System.String Domain.Entities.BillToCustomer::get_FuelChargePercent()
DA:27,0
FN:27,System.String Domain.Entities.BillToCustomer::get_CreateFrom()
FNDA:0,System.String Domain.Entities.BillToCustomer::get_CreateFrom()
DA:28,0
FN:28,System.Nullable`1<System.Boolean> Domain.Entities.BillToCustomer::get_Permit()
FNDA:0,System.Nullable`1<System.Boolean> Domain.Entities.BillToCustomer::get_Permit()
DA:29,0
FN:29,System.Nullable`1<System.Boolean> Domain.Entities.BillToCustomer::get_CreditHold()
FNDA:0,System.Nullable`1<System.Boolean> Domain.Entities.BillToCustomer::get_CreditHold()
DA:30,0
FN:30,System.Nullable`1<System.Boolean> Domain.Entities.BillToCustomer::get_VariableFuel()
FNDA:0,System.Nullable`1<System.Boolean> Domain.Entities.BillToCustomer::get_VariableFuel()
DA:31,0
FN:32,System.Nullable`1<System.Boolean> Domain.Entities.BillToCustomer::get_DriverSheet()
FNDA:0,System.Nullable`1<System.Boolean> Domain.Entities.BillToCustomer::get_DriverSheet()
DA:33,0
FN:33,System.String Domain.Entities.BillToCustomer::get_CreditBalance()
FNDA:0,System.String Domain.Entities.BillToCustomer::get_CreditBalance()
DA:34,0
FN:34,System.String Domain.Entities.BillToCustomer::get_CreditLimit()
FNDA:0,System.String Domain.Entities.BillToCustomer::get_CreditLimit()
DA:35,0
FN:35,System.Nullable`1<System.Boolean> Domain.Entities.BillToCustomer::get_RateOnly()
FNDA:0,System.Nullable`1<System.Boolean> Domain.Entities.BillToCustomer::get_RateOnly()
DA:36,0
FN:36,System.Nullable`1<System.Int32> Domain.Entities.BillToCustomer::get_AgentID()
FNDA:0,System.Nullable`1<System.Int32> Domain.Entities.BillToCustomer::get_AgentID()
DA:37,0
FN:38,System.String Domain.Entities.BillToCustomer::get_Comm()
FNDA:0,System.String Domain.Entities.BillToCustomer::get_Comm()
DA:39,0
FN:39,System.String Domain.Entities.BillToCustomer::get_UserId()
FNDA:0,System.String Domain.Entities.BillToCustomer::get_UserId()
DA:40,0
FN:40,System.String Domain.Entities.BillToCustomer::get_Password()
FNDA:0,System.String Domain.Entities.BillToCustomer::get_Password()
DA:41,0
FN:41,System.String Domain.Entities.BillToCustomer::get_PeakVolumeCharge()
FNDA:0,System.String Domain.Entities.BillToCustomer::get_PeakVolumeCharge()
DA:42,0
FN:42,System.String Domain.Entities.BillToCustomer::get_Password2()
FNDA:0,System.String Domain.Entities.BillToCustomer::get_Password2()
DA:43,0
FN:44,System.String Domain.Entities.BillToCustomer::get_WeeklyFuel()
FNDA:0,System.String Domain.Entities.BillToCustomer::get_WeeklyFuel()
DA:45,0
FN:45,System.String Domain.Entities.BillToCustomer::get_RateContact()
FNDA:0,System.String Domain.Entities.BillToCustomer::get_RateContact()
DA:46,0
FN:46,System.String Domain.Entities.BillToCustomer::get_RateContactEmail()
FNDA:0,System.String Domain.Entities.BillToCustomer::get_RateContactEmail()
DA:47,0
FN:47,System.String Domain.Entities.BillToCustomer::get_APContact()
FNDA:0,System.String Domain.Entities.BillToCustomer::get_APContact()
DA:48,0
FN:48,System.Nullable`1<System.Int32> Domain.Entities.BillToCustomer::get_AddressId()
FNDA:0,System.Nullable`1<System.Int32> Domain.Entities.BillToCustomer::get_AddressId()
DA:49,0
FN:50,System.String Domain.Entities.BillToCustomer::get_STATUS()
FNDA:0,System.String Domain.Entities.BillToCustomer::get_STATUS()
DA:51,0
FN:51,System.String Domain.Entities.BillToCustomer::get_DetFax()
FNDA:0,System.String Domain.Entities.BillToCustomer::get_DetFax()
DA:52,0
FN:52,System.String Domain.Entities.BillToCustomer::get_DetentionAmt()
FNDA:0,System.String Domain.Entities.BillToCustomer::get_DetentionAmt()
DA:53,0
FN:53,System.String Domain.Entities.BillToCustomer::get_DetDel()
FNDA:0,System.String Domain.Entities.BillToCustomer::get_DetDel()
DA:54,0
FN:54,System.String Domain.Entities.BillToCustomer::get_DetPUMT()
FNDA:0,System.String Domain.Entities.BillToCustomer::get_DetPUMT()
DA:55,0
FN:56,System.String Domain.Entities.BillToCustomer::get_DetREMT()
FNDA:0,System.String Domain.Entities.BillToCustomer::get_DetREMT()
DA:57,0
FN:57,System.Nullable`1<System.Int32> Domain.Entities.BillToCustomer::get_DetCreditHr()
FNDA:0,System.Nullable`1<System.Int32> Domain.Entities.BillToCustomer::get_DetCreditHr()
DA:58,0
FN:58,System.Nullable`1<System.Int32> Domain.Entities.BillToCustomer::get_DetCreditHrDel()
FNDA:0,System.Nullable`1<System.Int32> Domain.Entities.BillToCustomer::get_DetCreditHrDel()
DA:59,0
FN:59,System.Nullable`1<System.Int32> Domain.Entities.BillToCustomer::get_DetCreditHrPUMT()
FNDA:0,System.Nullable`1<System.Int32> Domain.Entities.BillToCustomer::get_DetCreditHrPUMT()
DA:60,0
FN:60,System.Nullable`1<System.Int32> Domain.Entities.BillToCustomer::get_DetCreditHrREMT()
FNDA:0,System.Nullable`1<System.Int32> Domain.Entities.BillToCustomer::get_DetCreditHrREMT()
DA:61,0
FN:62,System.Nullable`1<System.Boolean> Domain.Entities.BillToCustomer::get_AutoDetentionChg()
FNDA:0,System.Nullable`1<System.Boolean> Domain.Entities.BillToCustomer::get_AutoDetentionChg()
DA:63,0
FN:63,System.Nullable`1<System.Int32> Domain.Entities.BillToCustomer::get_MinChaDays()
FNDA:0,System.Nullable`1<System.Int32> Domain.Entities.BillToCustomer::get_MinChaDays()
DA:64,0
FN:64,System.String Domain.Entities.BillToCustomer::get_Notes()
FNDA:0,System.String Domain.Entities.BillToCustomer::get_Notes()
DA:65,0
FN:65,System.String Domain.Entities.BillToCustomer::get_Source()
FNDA:0,System.String Domain.Entities.BillToCustomer::get_Source()
DA:66,0
FN:66,System.String Domain.Entities.BillToCustomer::get_OtherNotes()
FNDA:0,System.String Domain.Entities.BillToCustomer::get_OtherNotes()
DA:67,0
FN:68,System.Nullable`1<System.Int32> Domain.Entities.BillToCustomer::get_CommercialManagerId()
FNDA:0,System.Nullable`1<System.Int32> Domain.Entities.BillToCustomer::get_CommercialManagerId()
DA:69,0
FN:69,System.String Domain.Entities.BillToCustomer::get_BillToGlobelCode()
FNDA:0,System.String Domain.Entities.BillToCustomer::get_BillToGlobelCode()
DA:70,0
FN:70,System.Nullable`1<System.Int32> Domain.Entities.BillToCustomer::get_KeySequence()
FNDA:0,System.Nullable`1<System.Int32> Domain.Entities.BillToCustomer::get_KeySequence()
DA:71,0
FN:71,System.Nullable`1<System.Boolean> Domain.Entities.BillToCustomer::get_RateDet()
FNDA:0,System.Nullable`1<System.Boolean> Domain.Entities.BillToCustomer::get_RateDet()
DA:72,0
FN:72,System.String Domain.Entities.BillToCustomer::get_APContactEmail()
FNDA:0,System.String Domain.Entities.BillToCustomer::get_APContactEmail()
DA:73,0
FN:74,System.String Domain.Entities.BillToCustomer::get_APContactPhone()
FNDA:0,System.String Domain.Entities.BillToCustomer::get_APContactPhone()
DA:75,0
FN:75,System.String Domain.Entities.BillToCustomer::get_InvoiceEmail()
FNDA:0,System.String Domain.Entities.BillToCustomer::get_InvoiceEmail()
DA:76,0
FN:76,System.String Domain.Entities.BillToCustomer::get_RateContactPhone()
FNDA:0,System.String Domain.Entities.BillToCustomer::get_RateContactPhone()
DA:77,0
LF:59
LH:0
BRF:0
BRH:0
FNF:59
FNH:0
end_of_record
SF:/Users/mehedimayall/PROJECTS/IMF/APP/DriverApp_API/src/Domain/Entities/Driver.cs
FN:6,System.Int32 Domain.Entities.Driver::get_DriverId()
FNDA:4,System.Int32 Domain.Entities.Driver::get_DriverId()
DA:7,4
FN:7,System.String Domain.Entities.Driver::get_CompanyId()
FNDA:3,System.String Domain.Entities.Driver::get_CompanyId()
DA:8,3
FN:8,System.String Domain.Entities.Driver::get_DriverCodeId()
FNDA:0,System.String Domain.Entities.Driver::get_DriverCodeId()
DA:9,0
FN:9,System.String Domain.Entities.Driver::get_PayrollId()
FNDA:0,System.String Domain.Entities.Driver::get_PayrollId()
DA:10,0
FN:10,System.String Domain.Entities.Driver::get_DriverType()
FNDA:0,System.String Domain.Entities.Driver::get_DriverType()
DA:11,0
FN:11,System.Nullable`1<System.Int32> Domain.Entities.Driver::get_DriverCompanyId()
FNDA:0,System.Nullable`1<System.Int32> Domain.Entities.Driver::get_DriverCompanyId()
DA:12,0
FN:12,System.String Domain.Entities.Driver::get_FirstName()
FNDA:2,System.String Domain.Entities.Driver::get_FirstName()
DA:13,2
FN:13,System.String Domain.Entities.Driver::get_MiddleName()
FNDA:1,System.String Domain.Entities.Driver::get_MiddleName()
DA:14,1
FN:14,System.String Domain.Entities.Driver::get_LastName()
FNDA:1,System.String Domain.Entities.Driver::get_LastName()
DA:15,1
FN:15,System.Nullable`1<System.Int32> Domain.Entities.Driver::get_AddressId()
FNDA:0,System.Nullable`1<System.Int32> Domain.Entities.Driver::get_AddressId()
DA:16,0
FN:16,System.Nullable`1<System.DateTime> Domain.Entities.Driver::get_BirthDate()
FNDA:0,System.Nullable`1<System.DateTime> Domain.Entities.Driver::get_BirthDate()
DA:17,0
FN:17,System.String Domain.Entities.Driver::get_SsnNo()
FNDA:0,System.String Domain.Entities.Driver::get_SsnNo()
DA:18,0
FN:18,System.String Domain.Entities.Driver::get_FederalId()
FNDA:0,System.String Domain.Entities.Driver::get_FederalId()
DA:19,0
FN:19,System.Nullable`1<System.DateTime> Domain.Entities.Driver::get_HireDate()
FNDA:0,System.Nullable`1<System.DateTime> Domain.Entities.Driver::get_HireDate()
DA:20,0
FN:20,System.Nullable`1<System.DateTime> Domain.Entities.Driver::get_TerDate()
FNDA:0,System.Nullable`1<System.DateTime> Domain.Entities.Driver::get_TerDate()
DA:21,0
FN:21,System.String Domain.Entities.Driver::get_LicNo()
FNDA:0,System.String Domain.Entities.Driver::get_LicNo()
DA:22,0
FN:22,System.String Domain.Entities.Driver::get_LicState()
FNDA:0,System.String Domain.Entities.Driver::get_LicState()
DA:23,0
FN:23,System.Nullable`1<System.DateTime> Domain.Entities.Driver::get_LicExpDate()
FNDA:0,System.Nullable`1<System.DateTime> Domain.Entities.Driver::get_LicExpDate()
DA:24,0
FN:24,System.Nullable`1<System.DateTime> Domain.Entities.Driver::get_NextExamDate()
FNDA:0,System.Nullable`1<System.DateTime> Domain.Entities.Driver::get_NextExamDate()
DA:25,0
FN:25,System.String Domain.Entities.Driver::get_AuthorStates()
FNDA:0,System.String Domain.Entities.Driver::get_AuthorStates()
DA:26,0
FN:26,System.String Domain.Entities.Driver::get_InsCompanyName()
FNDA:0,System.String Domain.Entities.Driver::get_InsCompanyName()
DA:27,0
FN:27,System.String Domain.Entities.Driver::get_InsId()
FNDA:0,System.String Domain.Entities.Driver::get_InsId()
DA:28,0
FN:28,System.String Domain.Entities.Driver::get_InsType()
FNDA:0,System.String Domain.Entities.Driver::get_InsType()
DA:29,0
FN:29,System.String Domain.Entities.Driver::get_Status()
FNDA:0,System.String Domain.Entities.Driver::get_Status()
DA:30,0
FN:30,System.String Domain.Entities.Driver::get_Note()
FNDA:0,System.String Domain.Entities.Driver::get_Note()
DA:31,0
FN:31,System.Nullable`1<System.Int32> Domain.Entities.Driver::get_TruckId()
FNDA:0,System.Nullable`1<System.Int32> Domain.Entities.Driver::get_TruckId()
DA:32,0
FN:32,System.String Domain.Entities.Driver::get_Type()
FNDA:0,System.String Domain.Entities.Driver::get_Type()
DA:33,0
FN:33,System.String Domain.Entities.Driver::get_LicPlate()
FNDA:0,System.String Domain.Entities.Driver::get_LicPlate()
DA:34,0
FN:34,System.Nullable`1<System.Double> Domain.Entities.Driver::get_Uniform()
FNDA:0,System.Nullable`1<System.Double> Domain.Entities.Driver::get_Uniform()
DA:35,0
FN:35,System.Nullable`1<System.Double> Domain.Entities.Driver::get_WComp()
FNDA:0,System.Nullable`1<System.Double> Domain.Entities.Driver::get_WComp()
DA:36,0
FN:36,System.Nullable`1<System.Double> Domain.Entities.Driver::get_LoanRepyt()
FNDA:0,System.Nullable`1<System.Double> Domain.Entities.Driver::get_LoanRepyt()
DA:37,0
FN:37,System.Nullable`1<System.Double> Domain.Entities.Driver::get_EarningsAdj()
FNDA:0,System.Nullable`1<System.Double> Domain.Entities.Driver::get_EarningsAdj()
DA:38,0
FN:38,System.Nullable`1<System.Boolean> Domain.Entities.Driver::get_PayExclude()
FNDA:0,System.Nullable`1<System.Boolean> Domain.Entities.Driver::get_PayExclude()
DA:39,0
FN:39,System.String Domain.Entities.Driver::get_DriverBelong()
FNDA:0,System.String Domain.Entities.Driver::get_DriverBelong()
DA:40,0
FN:40,System.Nullable`1<System.Int32> Domain.Entities.Driver::get_DriverHwId()
FNDA:0,System.Nullable`1<System.Int32> Domain.Entities.Driver::get_DriverHwId()
DA:41,0
FN:41,System.Nullable`1<System.DateTime> Domain.Entities.Driver::get_OoInspDate()
FNDA:0,System.Nullable`1<System.DateTime> Domain.Entities.Driver::get_OoInspDate()
DA:42,0
FN:42,System.String Domain.Entities.Driver::get_UserId()
FNDA:2,System.String Domain.Entities.Driver::get_UserId()
DA:43,2
FN:43,System.String Domain.Entities.Driver::get_Password()
FNDA:0,System.String Domain.Entities.Driver::get_Password()
DA:44,0
FN:44,System.String Domain.Entities.Driver::get_Password2()
FNDA:0,System.String Domain.Entities.Driver::get_Password2()
DA:45,0
FN:45,System.Nullable`1<System.Boolean> Domain.Entities.Driver::get_IsPaperless()
FNDA:0,System.Nullable`1<System.Boolean> Domain.Entities.Driver::get_IsPaperless()
DA:46,0
FN:46,System.Nullable`1<System.Int32> Domain.Entities.Driver::get_FmsDriverId()
FNDA:0,System.Nullable`1<System.Int32> Domain.Entities.Driver::get_FmsDriverId()
DA:47,0
FN:47,Domain.Entities.Address Domain.Entities.Driver::get_Address()
FNDA:0,Domain.Entities.Address Domain.Entities.Driver::get_Address()
DA:48,0
FN:48,System.Nullable`1<System.DateTime> Domain.Entities.Driver::get_CreationDateTime()
FNDA:0,System.Nullable`1<System.DateTime> Domain.Entities.Driver::get_CreationDateTime()
DA:49,0
FN:49,System.String Domain.Entities.Driver::get_CreationUserId()
FNDA:1,System.String Domain.Entities.Driver::get_CreationUserId()
DA:50,1
FN:50,System.Nullable`1<System.DateTime> Domain.Entities.Driver::get_LastUpdateDatetime()
FNDA:0,System.Nullable`1<System.DateTime> Domain.Entities.Driver::get_LastUpdateDatetime()
DA:51,0
FN:51,System.String Domain.Entities.Driver::get_LastUpdateUserId()
FNDA:0,System.String Domain.Entities.Driver::get_LastUpdateUserId()
DA:52,0
FN:52,System.String Domain.Entities.Driver::get_DayNight()
FNDA:0,System.String Domain.Entities.Driver::get_DayNight()
DA:53,0
FN:53,System.Nullable`1<System.Double> Domain.Entities.Driver::get_Insurance()
FNDA:0,System.Nullable`1<System.Double> Domain.Entities.Driver::get_Insurance()
DA:54,0
FN:54,System.Nullable`1<System.Double> Domain.Entities.Driver::get_DirectDep()
FNDA:0,System.Nullable`1<System.Double> Domain.Entities.Driver::get_DirectDep()
DA:55,0
FN:55,System.Nullable`1<System.Double> Domain.Entities.Driver::get_InsurOccAcc()
FNDA:0,System.Nullable`1<System.Double> Domain.Entities.Driver::get_InsurOccAcc()
DA:56,0
FN:56,System.Nullable`1<System.Double> Domain.Entities.Driver::get_EldSecDeposit()
FNDA:0,System.Nullable`1<System.Double> Domain.Entities.Driver::get_EldSecDeposit()
DA:57,0
FN:57,System.Nullable`1<System.Double> Domain.Entities.Driver::get_EldUsageFee()
FNDA:0,System.Nullable`1<System.Double> Domain.Entities.Driver::get_EldUsageFee()
DA:58,0
FN:58,System.Nullable`1<System.Double> Domain.Entities.Driver::get_NTLInsur()
FNDA:0,System.Nullable`1<System.Double> Domain.Entities.Driver::get_NTLInsur()
DA:59,0
FN:59,System.Nullable`1<System.DateTime> Domain.Entities.Driver::get_BobTailsAndDue()
FNDA:0,System.Nullable`1<System.DateTime> Domain.Entities.Driver::get_BobTailsAndDue()
DA:60,0
FN:60,System.Nullable`1<System.DateTime> Domain.Entities.Driver::get_RegDue()
FNDA:0,System.Nullable`1<System.DateTime> Domain.Entities.Driver::get_RegDue()
DA:61,0
FN:61,System.Nullable`1<System.DateTime> Domain.Entities.Driver::get_LiabilityInsDue()
FNDA:0,System.Nullable`1<System.DateTime> Domain.Entities.Driver::get_LiabilityInsDue()
DA:62,0
FN:66,System.String Domain.Entities.DriverPassword::get_Password()
FNDA:0,System.String Domain.Entities.DriverPassword::get_Password()
DA:67,0
FN:67,System.String Domain.Entities.DriverPassword::get_Password2()
FNDA:0,System.String Domain.Entities.DriverPassword::get_Password2()
DA:68,0
FN:68,System.Int32 Domain.Entities.DriverPassword::get_DriverId()
FNDA:0,System.Int32 Domain.Entities.DriverPassword::get_DriverId()
DA:69,0
FN:73,System.Int32 Domain.Entities.DriverSearch::get_DriverId()
FNDA:0,System.Int32 Domain.Entities.DriverSearch::get_DriverId()
DA:74,0
FN:74,System.String Domain.Entities.DriverSearch::get_CompanyId()
FNDA:0,System.String Domain.Entities.DriverSearch::get_CompanyId()
DA:75,0
FN:75,System.String Domain.Entities.DriverSearch::get_DriverCodeId()
FNDA:0,System.String Domain.Entities.DriverSearch::get_DriverCodeId()
DA:76,0
FN:76,System.String Domain.Entities.DriverSearch::get_PayrollId()
FNDA:0,System.String Domain.Entities.DriverSearch::get_PayrollId()
DA:77,0
FN:77,System.String Domain.Entities.DriverSearch::get_DriverType()
FNDA:0,System.String Domain.Entities.DriverSearch::get_DriverType()
DA:78,0
FN:78,System.Nullable`1<System.Int32> Domain.Entities.DriverSearch::get_DriverCompanyId()
FNDA:0,System.Nullable`1<System.Int32> Domain.Entities.DriverSearch::get_DriverCompanyId()
DA:79,0
FN:79,System.String Domain.Entities.DriverSearch::get_FirstName()
FNDA:0,System.String Domain.Entities.DriverSearch::get_FirstName()
DA:80,0
FN:80,System.String Domain.Entities.DriverSearch::get_MiddleName()
FNDA:0,System.String Domain.Entities.DriverSearch::get_MiddleName()
DA:81,0
FN:81,System.String Domain.Entities.DriverSearch::get_LastName()
FNDA:0,System.String Domain.Entities.DriverSearch::get_LastName()
DA:82,0
FN:82,System.Nullable`1<System.Int32> Domain.Entities.DriverSearch::get_AddressId()
FNDA:0,System.Nullable`1<System.Int32> Domain.Entities.DriverSearch::get_AddressId()
DA:83,0
FN:83,System.Nullable`1<System.DateTime> Domain.Entities.DriverSearch::get_BirthDate()
FNDA:0,System.Nullable`1<System.DateTime> Domain.Entities.DriverSearch::get_BirthDate()
DA:84,0
FN:84,System.String Domain.Entities.DriverSearch::get_SsnNo()
FNDA:0,System.String Domain.Entities.DriverSearch::get_SsnNo()
DA:85,0
FN:85,System.String Domain.Entities.DriverSearch::get_FederalId()
FNDA:0,System.String Domain.Entities.DriverSearch::get_FederalId()
DA:86,0
FN:86,System.Nullable`1<System.DateTime> Domain.Entities.DriverSearch::get_HireDate()
FNDA:0,System.Nullable`1<System.DateTime> Domain.Entities.DriverSearch::get_HireDate()
DA:87,0
FN:87,System.Nullable`1<System.DateTime> Domain.Entities.DriverSearch::get_TerDate()
FNDA:0,System.Nullable`1<System.DateTime> Domain.Entities.DriverSearch::get_TerDate()
DA:88,0
FN:88,System.String Domain.Entities.DriverSearch::get_LicNo()
FNDA:0,System.String Domain.Entities.DriverSearch::get_LicNo()
DA:89,0
FN:89,System.String Domain.Entities.DriverSearch::get_LicState()
FNDA:0,System.String Domain.Entities.DriverSearch::get_LicState()
DA:90,0
FN:90,System.Nullable`1<System.DateTime> Domain.Entities.DriverSearch::get_LicExpDate()
FNDA:0,System.Nullable`1<System.DateTime> Domain.Entities.DriverSearch::get_LicExpDate()
DA:91,0
FN:91,System.Nullable`1<System.DateTime> Domain.Entities.DriverSearch::get_NextExamDate()
FNDA:0,System.Nullable`1<System.DateTime> Domain.Entities.DriverSearch::get_NextExamDate()
DA:92,0
FN:92,System.String Domain.Entities.DriverSearch::get_AuthorStates()
FNDA:0,System.String Domain.Entities.DriverSearch::get_AuthorStates()
DA:93,0
FN:93,System.String Domain.Entities.DriverSearch::get_InsCompanyName()
FNDA:0,System.String Domain.Entities.DriverSearch::get_InsCompanyName()
DA:94,0
FN:94,System.String Domain.Entities.DriverSearch::get_InsId()
FNDA:0,System.String Domain.Entities.DriverSearch::get_InsId()
DA:95,0
FN:95,System.String Domain.Entities.DriverSearch::get_InsType()
FNDA:0,System.String Domain.Entities.DriverSearch::get_InsType()
DA:96,0
FN:96,System.String Domain.Entities.DriverSearch::get_Status()
FNDA:0,System.String Domain.Entities.DriverSearch::get_Status()
DA:97,0
FN:97,System.String Domain.Entities.DriverSearch::get_Note()
FNDA:0,System.String Domain.Entities.DriverSearch::get_Note()
DA:98,0
FN:98,System.Nullable`1<System.Int32> Domain.Entities.DriverSearch::get_TruckId()
FNDA:0,System.Nullable`1<System.Int32> Domain.Entities.DriverSearch::get_TruckId()
DA:99,0
FN:99,System.String Domain.Entities.DriverSearch::get_Type()
FNDA:0,System.String Domain.Entities.DriverSearch::get_Type()
DA:100,0
FN:100,System.String Domain.Entities.DriverSearch::get_LicPlate()
FNDA:0,System.String Domain.Entities.DriverSearch::get_LicPlate()
DA:101,0
FN:101,System.Nullable`1<System.Double> Domain.Entities.DriverSearch::get_Uniform()
FNDA:0,System.Nullable`1<System.Double> Domain.Entities.DriverSearch::get_Uniform()
DA:102,0
FN:102,System.Nullable`1<System.Double> Domain.Entities.DriverSearch::get_WComp()
FNDA:0,System.Nullable`1<System.Double> Domain.Entities.DriverSearch::get_WComp()
DA:103,0
FN:103,System.Nullable`1<System.Double> Domain.Entities.DriverSearch::get_LoanRepyt()
FNDA:0,System.Nullable`1<System.Double> Domain.Entities.DriverSearch::get_LoanRepyt()
DA:104,0
FN:104,System.Nullable`1<System.Double> Domain.Entities.DriverSearch::get_EarningsAdj()
FNDA:0,System.Nullable`1<System.Double> Domain.Entities.DriverSearch::get_EarningsAdj()
DA:105,0
FN:105,System.Nullable`1<System.Boolean> Domain.Entities.DriverSearch::get_PayExclude()
FNDA:0,System.Nullable`1<System.Boolean> Domain.Entities.DriverSearch::get_PayExclude()
DA:106,0
FN:106,System.String Domain.Entities.DriverSearch::get_DriverBelong()
FNDA:0,System.String Domain.Entities.DriverSearch::get_DriverBelong()
DA:107,0
FN:107,System.Nullable`1<System.Int32> Domain.Entities.DriverSearch::get_DriverHwId()
FNDA:0,System.Nullable`1<System.Int32> Domain.Entities.DriverSearch::get_DriverHwId()
DA:108,0
FN:108,System.Nullable`1<System.DateTime> Domain.Entities.DriverSearch::get_OoInspDate()
FNDA:0,System.Nullable`1<System.DateTime> Domain.Entities.DriverSearch::get_OoInspDate()
DA:109,0
FN:109,System.String Domain.Entities.DriverSearch::get_UserId()
FNDA:0,System.String Domain.Entities.DriverSearch::get_UserId()
DA:110,0
FN:110,System.String Domain.Entities.DriverSearch::get_Password()
FNDA:0,System.String Domain.Entities.DriverSearch::get_Password()
DA:111,0
FN:111,System.String Domain.Entities.DriverSearch::get_Password2()
FNDA:0,System.String Domain.Entities.DriverSearch::get_Password2()
DA:112,0
FN:112,System.Nullable`1<System.Boolean> Domain.Entities.DriverSearch::get_IsPaperless()
FNDA:0,System.Nullable`1<System.Boolean> Domain.Entities.DriverSearch::get_IsPaperless()
DA:113,0
FN:113,System.Nullable`1<System.Int32> Domain.Entities.DriverSearch::get_FmsDriverId()
FNDA:0,System.Nullable`1<System.Int32> Domain.Entities.DriverSearch::get_FmsDriverId()
DA:114,0
FN:114,Domain.Entities.Address Domain.Entities.DriverSearch::get_Address()
FNDA:0,Domain.Entities.Address Domain.Entities.DriverSearch::get_Address()
DA:115,0
FN:115,System.Nullable`1<System.DateTime> Domain.Entities.DriverSearch::get_CreationDateTime()
FNDA:0,System.Nullable`1<System.DateTime> Domain.Entities.DriverSearch::get_CreationDateTime()
DA:116,0
FN:116,System.String Domain.Entities.DriverSearch::get_CreationUserId()
FNDA:0,System.String Domain.Entities.DriverSearch::get_CreationUserId()
DA:117,0
FN:117,System.Nullable`1<System.DateTime> Domain.Entities.DriverSearch::get_LastUpdateDatetime()
FNDA:0,System.Nullable`1<System.DateTime> Domain.Entities.DriverSearch::get_LastUpdateDatetime()
DA:118,0
FN:118,System.String Domain.Entities.DriverSearch::get_LastUpdateUserId()
FNDA:0,System.String Domain.Entities.DriverSearch::get_LastUpdateUserId()
DA:119,0
FN:119,System.Nullable`1<System.Double> Domain.Entities.DriverSearch::get_TruckEquWeight()
FNDA:0,System.Nullable`1<System.Double> Domain.Entities.DriverSearch::get_TruckEquWeight()
DA:120,0
LF:106
LH:7
BRF:0
BRH:0
FNF:106
FNH:7
end_of_record
SF:/Users/mehedimayall/PROJECTS/IMF/APP/DriverApp_API/src/Domain/Entities/DriverDocumentNotifications.cs
FN:8,System.Int32 Domain.Entities.DocumentNotifications::get_Id()
FNDA:14,System.Int32 Domain.Entities.DocumentNotifications::get_Id()
DA:9,14
FN:9,System.Int32 Domain.Entities.DocumentNotifications::get_DriverId()
FNDA:10,System.Int32 Domain.Entities.DocumentNotifications::get_DriverId()
DA:10,10
FN:10,System.Int32 Domain.Entities.DocumentNotifications::get_ProNumber()
FNDA:10,System.Int32 Domain.Entities.DocumentNotifications::get_ProNumber()
DA:11,10
FN:11,System.String Domain.Entities.DocumentNotifications::get_Title()
FNDA:10,System.String Domain.Entities.DocumentNotifications::get_Title()
DA:12,10
FN:12,System.String Domain.Entities.DocumentNotifications::get_Details()
FNDA:10,System.String Domain.Entities.DocumentNotifications::get_Details()
DA:13,10
FN:13,System.Nullable`1<System.DateTime> Domain.Entities.DocumentNotifications::get_SeenOn()
FNDA:5,System.Nullable`1<System.DateTime> Domain.Entities.DocumentNotifications::get_SeenOn()
DA:14,5
FN:14,System.Nullable`1<System.Int32> Domain.Entities.DocumentNotifications::get_NotificationTypeId()
FNDA:0,System.Nullable`1<System.Int32> Domain.Entities.DocumentNotifications::get_NotificationTypeId()
DA:15,0
FN:15,System.DateTime Domain.Entities.DocumentNotifications::get_CreatedOn()
FNDA:4,System.DateTime Domain.Entities.DocumentNotifications::get_CreatedOn()
DA:16,4
LF:8
LH:7
BRF:0
BRH:0
FNF:8
FNH:7
end_of_record
SF:/Users/mehedimayall/PROJECTS/IMF/APP/DriverApp_API/src/Domain/Entities/DriverDocuments.cs
FN:7,System.Int32 Domain.Entities.DriverDocuments::get_Id()
FNDA:1,System.Int32 Domain.Entities.DriverDocuments::get_Id()
DA:8,1
FN:8,System.Nullable`1<System.Int32> Domain.Entities.DriverDocuments::get_ContainerCode()
FNDA:8,System.Nullable`1<System.Int32> Domain.Entities.DriverDocuments::get_ContainerCode()
DA:9,8
FN:9,System.Nullable`1<System.Int32> Domain.Entities.DriverDocuments::get_CompanyId()
FNDA:8,System.Nullable`1<System.Int32> Domain.Entities.DriverDocuments::get_CompanyId()
DA:10,8
FN:10,System.Nullable`1<System.Int32> Domain.Entities.DriverDocuments::get_ProNumber()
FNDA:10,System.Nullable`1<System.Int32> Domain.Entities.DriverDocuments::get_ProNumber()
DA:11,10
FN:11,System.String Domain.Entities.DriverDocuments::get_LegType()
FNDA:10,System.String Domain.Entities.DriverDocuments::get_LegType()
DA:12,10
FN:12,System.Nullable`1<System.Int32> Domain.Entities.DriverDocuments::get_DocumentId()
FNDA:8,System.Nullable`1<System.Int32> Domain.Entities.DriverDocuments::get_DocumentId()
DA:13,8
FN:13,System.String Domain.Entities.DriverDocuments::get_PhysicalFilename()
FNDA:2,System.String Domain.Entities.DriverDocuments::get_PhysicalFilename()
DA:14,2
FN:14,System.Nullable`1<System.Boolean> Domain.Entities.DriverDocuments::get_IsRejected()
FNDA:0,System.Nullable`1<System.Boolean> Domain.Entities.DriverDocuments::get_IsRejected()
DA:15,0
FN:15,System.String Domain.Entities.DriverDocuments::get_ReceivedBy()
FNDA:2,System.String Domain.Entities.DriverDocuments::get_ReceivedBy()
DA:16,2
FN:16,System.Nullable`1<System.DateTime> Domain.Entities.DriverDocuments::get_ReceiveDate()
FNDA:2,System.Nullable`1<System.DateTime> Domain.Entities.DriverDocuments::get_ReceiveDate()
DA:17,2
FN:17,System.Nullable`1<System.Int32> Domain.Entities.DriverDocuments::get_InTime()
FNDA:2,System.Nullable`1<System.Int32> Domain.Entities.DriverDocuments::get_InTime()
DA:18,2
FN:18,System.Nullable`1<System.Int32> Domain.Entities.DriverDocuments::get_OutTime()
FNDA:2,System.Nullable`1<System.Int32> Domain.Entities.DriverDocuments::get_OutTime()
DA:19,2
FN:19,System.String Domain.Entities.DriverDocuments::get_MiscellaneousNote()
FNDA:2,System.String Domain.Entities.DriverDocuments::get_MiscellaneousNote()
DA:20,2
FN:20,System.String Domain.Entities.DriverDocuments::get_RejectedReason()
FNDA:0,System.String Domain.Entities.DriverDocuments::get_RejectedReason()
DA:21,0
FN:21,System.String Domain.Entities.DriverDocuments::get_Remarks()
FNDA:0,System.String Domain.Entities.DriverDocuments::get_Remarks()
DA:22,0
FN:22,System.Nullable`1<System.Boolean> Domain.Entities.DriverDocuments::get_IsPaperlessTerminal()
FNDA:2,System.Nullable`1<System.Boolean> Domain.Entities.DriverDocuments::get_IsPaperlessTerminal()
DA:23,2
FN:23,System.Nullable`1<System.Boolean> Domain.Entities.DriverDocuments::get_IsActive()
FNDA:3,System.Nullable`1<System.Boolean> Domain.Entities.DriverDocuments::get_IsActive()
DA:24,3
FN:24,System.Nullable`1<System.Int32> Domain.Entities.DriverDocuments::get_CreatedById()
FNDA:2,System.Nullable`1<System.Int32> Domain.Entities.DriverDocuments::get_CreatedById()
DA:25,2
FN:25,System.Nullable`1<System.DateTime> Domain.Entities.DriverDocuments::get_CreatedOn()
FNDA:10,System.Nullable`1<System.DateTime> Domain.Entities.DriverDocuments::get_CreatedOn()
DA:26,10
FN:26,System.String Domain.Entities.DriverDocuments::get_UpdatedById()
FNDA:0,System.String Domain.Entities.DriverDocuments::get_UpdatedById()
DA:27,0
FN:27,System.Nullable`1<System.DateTime> Domain.Entities.DriverDocuments::get_UpdatedOn()
FNDA:1,System.Nullable`1<System.DateTime> Domain.Entities.DriverDocuments::get_UpdatedOn()
DA:28,1
LF:21
LH:17
BRF:0
BRH:0
FNF:21
FNH:17
end_of_record
SF:/Users/mehedimayall/PROJECTS/IMF/APP/DriverApp_API/src/Domain/Entities/DriverMove.cs
FN:8,System.Nullable`1<System.Int32> Domain.Entities.DriverMoves::get_ID()
FNDA:4,System.Nullable`1<System.Int32> Domain.Entities.DriverMoves::get_ID()
DA:9,4
FN:10,System.String Domain.Entities.DriverMoves::get_CompanyID()
FNDA:8,System.String Domain.Entities.DriverMoves::get_CompanyID()
DA:11,8
FN:11,System.Nullable`1<System.Int32> Domain.Entities.DriverMoves::get_ProNumber()
FNDA:6,System.Nullable`1<System.Int32> Domain.Entities.DriverMoves::get_ProNumber()
DA:12,6
FN:12,System.Nullable`1<System.Int32> Domain.Entities.DriverMoves::get_DriverID()
FNDA:7,System.Nullable`1<System.Int32> Domain.Entities.DriverMoves::get_DriverID()
DA:13,7
FN:13,System.String Domain.Entities.DriverMoves::get_LegType()
FNDA:9,System.String Domain.Entities.DriverMoves::get_LegType()
DA:14,9
FN:14,System.Nullable`1<System.DateTime> Domain.Entities.DriverMoves::get_ViewMovedOn()
FNDA:5,System.Nullable`1<System.DateTime> Domain.Entities.DriverMoves::get_ViewMovedOn()
DA:15,5
FN:16,System.Nullable`1<System.DateTime> Domain.Entities.DriverMoves::get_BeginMovedOn()
FNDA:5,System.Nullable`1<System.DateTime> Domain.Entities.DriverMoves::get_BeginMovedOn()
DA:17,5
FN:17,System.Nullable`1<System.Boolean> Domain.Entities.DriverMoves::get_IsEmailSent()
FNDA:5,System.Nullable`1<System.Boolean> Domain.Entities.DriverMoves::get_IsEmailSent()
DA:18,5
FN:18,System.Nullable`1<System.DateTime> Domain.Entities.DriverMoves::get_MoveCompletedOn()
FNDA:4,System.Nullable`1<System.DateTime> Domain.Entities.DriverMoves::get_MoveCompletedOn()
DA:19,4
FN:19,System.Nullable`1<System.DateTime> Domain.Entities.DriverMoves::get_CreatedOn()
FNDA:1,System.Nullable`1<System.DateTime> Domain.Entities.DriverMoves::get_CreatedOn()
DA:20,1
LF:10
LH:10
BRF:0
BRH:0
FNF:10
FNH:10
end_of_record
SF:/Users/mehedimayall/PROJECTS/IMF/APP/DriverApp_API/src/Domain/Entities/GlobalSetup.cs
FN:6,System.Nullable`1<System.Int32> Domain.Entities.GlobalSetup::get_GlobalSetupId()
FNDA:0,System.Nullable`1<System.Int32> Domain.Entities.GlobalSetup::get_GlobalSetupId()
DA:7,0
FN:8,System.String Domain.Entities.GlobalSetup::get_CompanyId()
FNDA:5,System.String Domain.Entities.GlobalSetup::get_CompanyId()
DA:9,5
FN:9,System.String Domain.Entities.GlobalSetup::get_CompanyName()
FNDA:5,System.String Domain.Entities.GlobalSetup::get_CompanyName()
DA:10,5
FN:10,System.String Domain.Entities.GlobalSetup::get_CompanyAddress()
FNDA:0,System.String Domain.Entities.GlobalSetup::get_CompanyAddress()
DA:11,0
FN:11,System.String Domain.Entities.GlobalSetup::get_CompanyPhone()
FNDA:0,System.String Domain.Entities.GlobalSetup::get_CompanyPhone()
DA:12,0
FN:12,System.String Domain.Entities.GlobalSetup::get_CompanyFax()
FNDA:0,System.String Domain.Entities.GlobalSetup::get_CompanyFax()
DA:13,0
FN:14,System.String Domain.Entities.GlobalSetup::get_ScannedDocPath()
FNDA:7,System.String Domain.Entities.GlobalSetup::get_ScannedDocPath()
DA:15,7
FN:15,System.String Domain.Entities.GlobalSetup::get_ProgramTitle()
FNDA:0,System.String Domain.Entities.GlobalSetup::get_ProgramTitle()
DA:16,0
FN:16,System.String Domain.Entities.GlobalSetup::get_CompanyCode()
FNDA:0,System.String Domain.Entities.GlobalSetup::get_CompanyCode()
DA:17,0
FN:17,System.String Domain.Entities.GlobalSetup::get_Street()
FNDA:0,System.String Domain.Entities.GlobalSetup::get_Street()
DA:18,0
FN:18,System.String Domain.Entities.GlobalSetup::get_City()
FNDA:0,System.String Domain.Entities.GlobalSetup::get_City()
DA:19,0
FN:20,System.String Domain.Entities.GlobalSetup::get_State()
FNDA:7,System.String Domain.Entities.GlobalSetup::get_State()
DA:21,7
FN:21,System.String Domain.Entities.GlobalSetup::get_ZipCode()
FNDA:0,System.String Domain.Entities.GlobalSetup::get_ZipCode()
DA:22,0
FN:22,System.String Domain.Entities.GlobalSetup::get_LocalScannedDocPath()
FNDA:0,System.String Domain.Entities.GlobalSetup::get_LocalScannedDocPath()
DA:23,0
LF:14
LH:4
BRF:0
BRH:0
FNF:14
FNH:4
end_of_record
SF:/Users/mehedimayall/PROJECTS/IMF/APP/DriverApp_API/src/Domain/Entities/OrderLog.cs
FN:5,System.Int32 Domain.Entities.OrderLog::get_OrderLogId()
FNDA:0,System.Int32 Domain.Entities.OrderLog::get_OrderLogId()
DA:6,0
FN:6,System.Nullable`1<System.DateTime> Domain.Entities.OrderLog::get_CreationDateTime()
FNDA:0,System.Nullable`1<System.DateTime> Domain.Entities.OrderLog::get_CreationDateTime()
DA:7,0
FN:7,System.String Domain.Entities.OrderLog::get_CreationUserId()
FNDA:0,System.String Domain.Entities.OrderLog::get_CreationUserId()
DA:8,0
FN:8,System.Nullable`1<System.DateTime> Domain.Entities.OrderLog::get_LastUpdateDateTime()
FNDA:0,System.Nullable`1<System.DateTime> Domain.Entities.OrderLog::get_LastUpdateDateTime()
DA:9,0
FN:9,System.String Domain.Entities.OrderLog::get_LastUpdateUserId()
FNDA:0,System.String Domain.Entities.OrderLog::get_LastUpdateUserId()
DA:10,0
FN:10,System.String Domain.Entities.OrderLog::get_CompanyId()
FNDA:0,System.String Domain.Entities.OrderLog::get_CompanyId()
DA:11,0
FN:11,System.Nullable`1<System.DateTime> Domain.Entities.OrderLog::get_DeliveryOrderReceivedOn()
FNDA:0,System.Nullable`1<System.DateTime> Domain.Entities.OrderLog::get_DeliveryOrderReceivedOn()
DA:12,0
FN:12,System.Nullable`1<System.Int32> Domain.Entities.OrderLog::get_CarrierId()
FNDA:0,System.Nullable`1<System.Int32> Domain.Entities.OrderLog::get_CarrierId()
DA:13,0
FN:13,System.String Domain.Entities.OrderLog::get_ContainerCode()
FNDA:0,System.String Domain.Entities.OrderLog::get_ContainerCode()
DA:14,0
FN:14,System.String Domain.Entities.OrderLog::get_TrailerNo()
FNDA:0,System.String Domain.Entities.OrderLog::get_TrailerNo()
DA:15,0
FN:15,System.String Domain.Entities.OrderLog::get_ContainerType()
FNDA:0,System.String Domain.Entities.OrderLog::get_ContainerType()
DA:16,0
FN:16,System.String Domain.Entities.OrderLog::get_ContainerSize()
FNDA:0,System.String Domain.Entities.OrderLog::get_ContainerSize()
DA:17,0
FN:17,System.Nullable`1<System.DateTime> Domain.Entities.OrderLog::get_PickedUpDate()
FNDA:0,System.Nullable`1<System.DateTime> Domain.Entities.OrderLog::get_PickedUpDate()
DA:18,0
FN:18,System.Nullable`1<System.DateTime> Domain.Entities.OrderLog::get_DeliveryDate()
FNDA:0,System.Nullable`1<System.DateTime> Domain.Entities.OrderLog::get_DeliveryDate()
DA:19,0
FN:19,System.Nullable`1<System.DateTime> Domain.Entities.OrderLog::get_ReturnDate()
FNDA:0,System.Nullable`1<System.DateTime> Domain.Entities.OrderLog::get_ReturnDate()
DA:20,0
FN:20,System.String Domain.Entities.OrderLog::get_SealNumber()
FNDA:0,System.String Domain.Entities.OrderLog::get_SealNumber()
DA:21,0
FN:21,System.Nullable`1<System.Int32> Domain.Entities.OrderLog::get_BillToCustomerId()
FNDA:0,System.Nullable`1<System.Int32> Domain.Entities.OrderLog::get_BillToCustomerId()
DA:22,0
FN:22,System.Nullable`1<System.Int32> Domain.Entities.OrderLog::get_VesselId()
FNDA:0,System.Nullable`1<System.Int32> Domain.Entities.OrderLog::get_VesselId()
DA:23,0
FN:23,System.Nullable`1<System.DateTime> Domain.Entities.OrderLog::get_ExpectedTimeOfArrival()
FNDA:0,System.Nullable`1<System.DateTime> Domain.Entities.OrderLog::get_ExpectedTimeOfArrival()
DA:24,0
FN:24,System.Nullable`1<System.Double> Domain.Entities.OrderLog::get_Quantity()
FNDA:0,System.Nullable`1<System.Double> Domain.Entities.OrderLog::get_Quantity()
DA:25,0
FN:25,System.String Domain.Entities.OrderLog::get_Commodity()
FNDA:0,System.String Domain.Entities.OrderLog::get_Commodity()
DA:26,0
FN:26,System.String Domain.Entities.OrderLog::get_CommodityCategory()
FNDA:0,System.String Domain.Entities.OrderLog::get_CommodityCategory()
DA:27,0
FN:27,System.Nullable`1<System.Int32> Domain.Entities.OrderLog::get_ConsigneeId()
FNDA:0,System.Nullable`1<System.Int32> Domain.Entities.OrderLog::get_ConsigneeId()
DA:28,0
FN:28,System.String Domain.Entities.OrderLog::get_PurchaseOrder()
FNDA:0,System.String Domain.Entities.OrderLog::get_PurchaseOrder()
DA:29,0
FN:29,System.String Domain.Entities.OrderLog::get_LoadType()
FNDA:0,System.String Domain.Entities.OrderLog::get_LoadType()
DA:30,0
FN:30,System.String Domain.Entities.OrderLog::get_DeliveryOrderFlagged()
FNDA:0,System.String Domain.Entities.OrderLog::get_DeliveryOrderFlagged()
DA:31,0
FN:31,System.Nullable`1<System.Int32> Domain.Entities.OrderLog::get_TerminalId()
FNDA:0,System.Nullable`1<System.Int32> Domain.Entities.OrderLog::get_TerminalId()
DA:32,0
FN:32,System.Nullable`1<System.DateTime> Domain.Entities.OrderLog::get_Dat()
FNDA:0,System.Nullable`1<System.DateTime> Domain.Entities.OrderLog::get_Dat()
DA:33,0
FN:33,System.String Domain.Entities.OrderLog::get_Billed()
FNDA:0,System.String Domain.Entities.OrderLog::get_Billed()
DA:34,0
FN:34,System.String Domain.Entities.OrderLog::get_BillOfLading()
FNDA:0,System.String Domain.Entities.OrderLog::get_BillOfLading()
DA:35,0
FN:35,System.Nullable`1<System.DateTime> Domain.Entities.OrderLog::get_ScheduledDateTime()
FNDA:0,System.Nullable`1<System.DateTime> Domain.Entities.OrderLog::get_ScheduledDateTime()
DA:36,0
FN:36,System.Nullable`1<System.Int32> Domain.Entities.OrderLog::get_WarehouseId()
FNDA:0,System.Nullable`1<System.Int32> Domain.Entities.OrderLog::get_WarehouseId()
DA:37,0
FN:37,System.Nullable`1<System.Double> Domain.Entities.OrderLog::get_Weight()
FNDA:0,System.Nullable`1<System.Double> Domain.Entities.OrderLog::get_Weight()
DA:38,0
FN:38,System.String Domain.Entities.OrderLog::get_WeightUnit()
FNDA:0,System.String Domain.Entities.OrderLog::get_WeightUnit()
DA:39,0
FN:39,System.Nullable`1<System.Double> Domain.Entities.OrderLog::get_EquWeight()
FNDA:0,System.Nullable`1<System.Double> Domain.Entities.OrderLog::get_EquWeight()
DA:40,0
FN:40,System.String Domain.Entities.OrderLog::get_DestinationCity()
FNDA:0,System.String Domain.Entities.OrderLog::get_DestinationCity()
DA:41,0
FN:41,System.String Domain.Entities.OrderLog::get_DestinationState()
FNDA:0,System.String Domain.Entities.OrderLog::get_DestinationState()
DA:42,0
FN:42,System.Nullable`1<System.DateTime> Domain.Entities.OrderLog::get_FreeTime()
FNDA:0,System.Nullable`1<System.DateTime> Domain.Entities.OrderLog::get_FreeTime()
DA:43,0
FN:43,System.String Domain.Entities.OrderLog::get_ApptTtm9()
FNDA:0,System.String Domain.Entities.OrderLog::get_ApptTtm9()
DA:44,0
FN:44,System.String Domain.Entities.OrderLog::get_c_t()
FNDA:0,System.String Domain.Entities.OrderLog::get_c_t()
DA:45,0
FN:45,System.String Domain.Entities.OrderLog::get_ana_s_note()
FNDA:0,System.String Domain.Entities.OrderLog::get_ana_s_note()
DA:46,0
FN:46,System.Nullable`1<System.DateTime> Domain.Entities.OrderLog::get_DateNotified()
FNDA:0,System.Nullable`1<System.DateTime> Domain.Entities.OrderLog::get_DateNotified()
DA:47,0
FN:47,System.Nullable`1<System.Double> Domain.Entities.OrderLog::get_InvoiceAmount()
FNDA:0,System.Nullable`1<System.Double> Domain.Entities.OrderLog::get_InvoiceAmount()
DA:48,0
FN:48,System.Nullable`1<System.DateTime> Domain.Entities.OrderLog::get_InvoiceDate()
FNDA:0,System.Nullable`1<System.DateTime> Domain.Entities.OrderLog::get_InvoiceDate()
DA:49,0
FN:49,System.Nullable`1<System.Double> Domain.Entities.OrderLog::get_RateAmount()
FNDA:0,System.Nullable`1<System.Double> Domain.Entities.OrderLog::get_RateAmount()
DA:50,0
FN:50,System.Nullable`1<System.Double> Domain.Entities.OrderLog::get_Fs()
FNDA:0,System.Nullable`1<System.Double> Domain.Entities.OrderLog::get_Fs()
DA:51,0
FN:51,System.Nullable`1<System.Double> Domain.Entities.OrderLog::get_TotalAmount()
FNDA:0,System.Nullable`1<System.Double> Domain.Entities.OrderLog::get_TotalAmount()
DA:52,0
FN:52,System.String Domain.Entities.OrderLog::get_Done()
FNDA:0,System.String Domain.Entities.OrderLog::get_Done()
DA:53,0
FN:53,System.Nullable`1<System.Double> Domain.Entities.OrderLog::get_Overweight()
FNDA:0,System.Nullable`1<System.Double> Domain.Entities.OrderLog::get_Overweight()
DA:54,0
FN:54,System.String Domain.Entities.OrderLog::get_NjOwPermit()
FNDA:0,System.String Domain.Entities.OrderLog::get_NjOwPermit()
DA:55,0
FN:55,System.Nullable`1<System.Double> Domain.Entities.OrderLog::get_Detention()
FNDA:0,System.Nullable`1<System.Double> Domain.Entities.OrderLog::get_Detention()
DA:56,0
FN:56,System.Nullable`1<System.Int32> Domain.Entities.OrderLog::get_RateId()
FNDA:0,System.Nullable`1<System.Int32> Domain.Entities.OrderLog::get_RateId()
DA:57,0
FN:57,System.String Domain.Entities.OrderLog::get_LineChassis()
FNDA:0,System.String Domain.Entities.OrderLog::get_LineChassis()
DA:58,0
FN:58,System.String Domain.Entities.OrderLog::get_RoundTrip()
FNDA:0,System.String Domain.Entities.OrderLog::get_RoundTrip()
DA:59,0
FN:59,System.String Domain.Entities.OrderLog::get_OtherRef()
FNDA:0,System.String Domain.Entities.OrderLog::get_OtherRef()
DA:60,0
FN:60,System.String Domain.Entities.OrderLog::get_EntryNumber()
FNDA:0,System.String Domain.Entities.OrderLog::get_EntryNumber()
DA:61,0
FN:61,System.Nullable`1<System.Int32> Domain.Entities.OrderLog::get_CustomsBrokerId()
FNDA:0,System.Nullable`1<System.Int32> Domain.Entities.OrderLog::get_CustomsBrokerId()
DA:62,0
FN:62,System.Nullable`1<System.DateTime> Domain.Entities.OrderLog::get_DateArrivedOn()
FNDA:0,System.Nullable`1<System.DateTime> Domain.Entities.OrderLog::get_DateArrivedOn()
DA:63,0
FN:63,System.Nullable`1<System.Int32> Domain.Entities.OrderLog::get_ShipperId()
FNDA:0,System.Nullable`1<System.Int32> Domain.Entities.OrderLog::get_ShipperId()
DA:64,0
FN:64,System.Nullable`1<System.Double> Domain.Entities.OrderLog::get_ChassisWeight()
[...]
FNDA:0,System.Boolean UseCases.Dtos.DatabaseOptions::get_EnableDetailedErrors()
DA:8,0
FN:8,System.Boolean UseCases.Dtos.DatabaseOptions::get_EnableSensitiveDataLoggin()
FNDA:0,System.Boolean UseCases.Dtos.DatabaseOptions::get_EnableSensitiveDataLoggin()
DA:9,0
LF:5
LH:0
BRF:0
BRH:0
FNF:5
FNH:0
end_of_record
SF:/Users/mehedimayall/PROJECTS/IMF/APP/DriverApp_API/src/UseCases/Configuration/StaticFileDto.cs
FN:2,System.String UseCases.Dtos.StaticFileDto::get_Directory()
FNDA:10,System.String UseCases.Dtos.StaticFileDto::get_Directory()
DA:3,10
LF:1
LH:1
BRF:0
BRH:0
FNF:1
FNH:1
end_of_record
SF:/Users/mehedimayall/PROJECTS/IMF/APP/DriverApp_API/src/UseCases/Dtos/Common/CommonRequestDto.cs
FN:2,System.String UseCases.Dtos.CommonRequestDto::get_Parameters()
FNDA:37,System.String UseCases.Dtos.CommonRequestDto::get_Parameters()
DA:3,37
LF:1
LH:1
BRF:0
BRH:0
FNF:1
FNH:1
end_of_record
SF:/Users/mehedimayall/PROJECTS/IMF/APP/DriverApp_API/src/UseCases/Dtos/Common/ContainerRequestDto.cs
FN:1,Domain.ValueObjects.DriverID UseCases.Dtos.ContainerRequestDto::get_driverID()
FNDA:62,Domain.ValueObjects.DriverID UseCases.Dtos.ContainerRequestDto::get_driverID()
DA:2,62
FN:2,System.Int32 UseCases.Dtos.ContainerRequestOldDto::get_ProNumber()
FNDA:14,System.Int32 UseCases.Dtos.ContainerRequestOldDto::get_ProNumber()
DA:3,14
FN:3,System.String UseCases.Dtos.ContainerRequestOld2Dto::get_ProNumber()
FNDA:0,System.String UseCases.Dtos.ContainerRequestOld2Dto::get_ProNumber()
DA:4,0
LF:3
LH:2
BRF:0
BRH:0
FNF:3
FNH:2
end_of_record
SF:/Users/mehedimayall/PROJECTS/IMF/APP/DriverApp_API/src/UseCases/Dtos/Common/DirectoryDto.cs
FN:3,System.String UseCases.Dtos.DirectoryDto::get_BOL()
FNDA:0,System.String UseCases.Dtos.DirectoryDto::get_BOL()
DA:4,0
FN:4,System.String UseCases.Dtos.DirectoryDto::get_INVOICE()
FNDA:0,System.String UseCases.Dtos.DirectoryDto::get_INVOICE()
DA:5,0
FN:5,System.String UseCases.Dtos.DirectoryDto::get_ATTACHMENT()
FNDA:0,System.String UseCases.Dtos.DirectoryDto::get_ATTACHMENT()
DA:6,0
FN:2,System.Void UseCases.Dtos.DirectoryDto::.ctor(System.String,System.String,System.String)
FNDA:0,System.Void UseCases.Dtos.DirectoryDto::.ctor(System.String,System.String,System.String)
DA:3,0
DA:7,0
LF:5
LH:0
BRF:0
BRH:0
FNF:4
FNH:0
end_of_record
SF:/Users/mehedimayall/PROJECTS/IMF/APP/DriverApp_API/src/UseCases/Dtos/Common/DocumentRequestDto.cs
FN:2,Domain.ValueObjects.OrderLogID UseCases.Dtos.DocumentRequestDto::get_orderLogId()
FNDA:12,Domain.ValueObjects.OrderLogID UseCases.Dtos.DocumentRequestDto::get_orderLogId()
DA:3,12
LF:1
LH:1
BRF:0
BRH:0
FNF:1
FNH:1
end_of_record
SF:/Users/mehedimayall/PROJECTS/IMF/APP/DriverApp_API/src/UseCases/Dtos/Common/DriverDetailsDto.cs
FN:4,System.Nullable`1<System.Int32> UseCases.Dtos.DriverDetailsDto::get_KEYSEQUENCE()
FNDA:1,System.Nullable`1<System.Int32> UseCases.Dtos.DriverDetailsDto::get_KEYSEQUENCE()
DA:5,1
FN:6,System.Nullable`1<System.DateTime> UseCases.Dtos.DriverDetailsDto::get_CREATIONDATETIME()
FNDA:0,System.Nullable`1<System.DateTime> UseCases.Dtos.DriverDetailsDto::get_CREATIONDATETIME()
DA:7,0
FN:7,System.String UseCases.Dtos.DriverDetailsDto::get_CREATIONUSERID()
FNDA:0,System.String UseCases.Dtos.DriverDetailsDto::get_CREATIONUSERID()
DA:8,0
FN:8,System.Nullable`1<System.DateTime> UseCases.Dtos.DriverDetailsDto::get_LASTUPDATEDATETIME()
FNDA:0,System.Nullable`1<System.DateTime> UseCases.Dtos.DriverDetailsDto::get_LASTUPDATEDATETIME()
DA:9,0
FN:9,System.String UseCases.Dtos.DriverDetailsDto::get_LASTUPDATEUSERID()
FNDA:0,System.String UseCases.Dtos.DriverDetailsDto::get_LASTUPDATEUSERID()
DA:10,0
FN:10,System.String UseCases.Dtos.DriverDetailsDto::get_COMPANYID()
FNDA:1,System.String UseCases.Dtos.DriverDetailsDto::get_COMPANYID()
DA:11,1
FN:12,System.String UseCases.Dtos.DriverDetailsDto::get_DRIVER_ID()
FNDA:1,System.String UseCases.Dtos.DriverDetailsDto::get_DRIVER_ID()
DA:13,1
FN:13,System.String UseCases.Dtos.DriverDetailsDto::get_PAYROLL_ID()
FNDA:0,System.String UseCases.Dtos.DriverDetailsDto::get_PAYROLL_ID()
DA:14,0
FN:14,System.String UseCases.Dtos.DriverDetailsDto::get_DRIVER_TYPE()
FNDA:0,System.String UseCases.Dtos.DriverDetailsDto::get_DRIVER_TYPE()
DA:15,0
FN:15,System.Nullable`1<System.Int32> UseCases.Dtos.DriverDetailsDto::get_P_DRIVERCOMPANY()
FNDA:0,System.Nullable`1<System.Int32> UseCases.Dtos.DriverDetailsDto::get_P_DRIVERCOMPANY()
DA:16,0
FN:16,System.String UseCases.Dtos.DriverDetailsDto::get_FNAME()
FNDA:1,System.String UseCases.Dtos.DriverDetailsDto::get_FNAME()
DA:17,1
FN:18,System.String UseCases.Dtos.DriverDetailsDto::get_MI()
FNDA:1,System.String UseCases.Dtos.DriverDetailsDto::get_MI()
DA:19,1
FN:19,System.String UseCases.Dtos.DriverDetailsDto::get_LNAME()
FNDA:1,System.String UseCases.Dtos.DriverDetailsDto::get_LNAME()
DA:20,1
FN:20,System.String UseCases.Dtos.DriverDetailsDto::get_ADDRESS()
FNDA:0,System.String UseCases.Dtos.DriverDetailsDto::get_ADDRESS()
DA:21,0
FN:21,System.String UseCases.Dtos.DriverDetailsDto::get_City()
FNDA:0,System.String UseCases.Dtos.DriverDetailsDto::get_City()
DA:22,0
FN:22,System.String UseCases.Dtos.DriverDetailsDto::get_STATE()
FNDA:0,System.String UseCases.Dtos.DriverDetailsDto::get_STATE()
DA:23,0
FN:24,System.String UseCases.Dtos.DriverDetailsDto::get_ZIP()
FNDA:0,System.String UseCases.Dtos.DriverDetailsDto::get_ZIP()
DA:25,0
FN:25,System.String UseCases.Dtos.DriverDetailsDto::get_PHONE1()
FNDA:0,System.String UseCases.Dtos.DriverDetailsDto::get_PHONE1()
DA:26,0
FN:26,System.String UseCases.Dtos.DriverDetailsDto::get_PHONE2()
FNDA:0,System.String UseCases.Dtos.DriverDetailsDto::get_PHONE2()
DA:27,0
FN:27,System.Nullable`1<System.DateTime> UseCases.Dtos.DriverDetailsDto::get_BIRTH_DATE()
FNDA:0,System.Nullable`1<System.DateTime> UseCases.Dtos.DriverDetailsDto::get_BIRTH_DATE()
DA:28,0
FN:28,System.String UseCases.Dtos.DriverDetailsDto::get_SSNO()
FNDA:0,System.String UseCases.Dtos.DriverDetailsDto::get_SSNO()
DA:29,0
FN:30,System.String UseCases.Dtos.DriverDetailsDto::get_FEDERAL_ID()
FNDA:0,System.String UseCases.Dtos.DriverDetailsDto::get_FEDERAL_ID()
DA:31,0
FN:31,System.Nullable`1<System.DateTime> UseCases.Dtos.DriverDetailsDto::get_HIRE_DATE()
FNDA:0,System.Nullable`1<System.DateTime> UseCases.Dtos.DriverDetailsDto::get_HIRE_DATE()
DA:32,0
FN:32,System.Nullable`1<System.DateTime> UseCases.Dtos.DriverDetailsDto::get_TER_DATE()
FNDA:0,System.Nullable`1<System.DateTime> UseCases.Dtos.DriverDetailsDto::get_TER_DATE()
DA:33,0
FN:33,System.String UseCases.Dtos.DriverDetailsDto::get_LIC_NO()
FNDA:0,System.String UseCases.Dtos.DriverDetailsDto::get_LIC_NO()
DA:34,0
FN:34,System.String UseCases.Dtos.DriverDetailsDto::get_LIC_STATE()
FNDA:0,System.String UseCases.Dtos.DriverDetailsDto::get_LIC_STATE()
DA:35,0
FN:36,System.Nullable`1<System.DateTime> UseCases.Dtos.DriverDetailsDto::get_LIC_EXP_DATE()
FNDA:0,System.Nullable`1<System.DateTime> UseCases.Dtos.DriverDetailsDto::get_LIC_EXP_DATE()
DA:37,0
FN:37,System.Nullable`1<System.DateTime> UseCases.Dtos.DriverDetailsDto::get_NEXTEXAM_DATE()
FNDA:0,System.Nullable`1<System.DateTime> UseCases.Dtos.DriverDetailsDto::get_NEXTEXAM_DATE()
DA:38,0
FN:38,System.String UseCases.Dtos.DriverDetailsDto::get_AUTHOR_STATES()
FNDA:0,System.String UseCases.Dtos.DriverDetailsDto::get_AUTHOR_STATES()
DA:39,0
FN:39,System.String UseCases.Dtos.DriverDetailsDto::get_INS_CO_NAME()
FNDA:0,System.String UseCases.Dtos.DriverDetailsDto::get_INS_CO_NAME()
DA:40,0
FN:40,System.String UseCases.Dtos.DriverDetailsDto::get_INS_ID()
FNDA:0,System.String UseCases.Dtos.DriverDetailsDto::get_INS_ID()
DA:41,0
FN:42,System.String UseCases.Dtos.DriverDetailsDto::get_INS_TYPE()
FNDA:0,System.String UseCases.Dtos.DriverDetailsDto::get_INS_TYPE()
DA:43,0
FN:43,System.String UseCases.Dtos.DriverDetailsDto::get_STATUS()
FNDA:0,System.String UseCases.Dtos.DriverDetailsDto::get_STATUS()
DA:44,0
FN:44,System.String UseCases.Dtos.DriverDetailsDto::get_NOTE()
FNDA:0,System.String UseCases.Dtos.DriverDetailsDto::get_NOTE()
DA:45,0
FN:45,System.String UseCases.Dtos.DriverDetailsDto::get_TRUCK_MAKER()
FNDA:0,System.String UseCases.Dtos.DriverDetailsDto::get_TRUCK_MAKER()
DA:46,0
FN:46,System.String UseCases.Dtos.DriverDetailsDto::get_TRUCK_MODEL()
FNDA:0,System.String UseCases.Dtos.DriverDetailsDto::get_TRUCK_MODEL()
DA:47,0
FN:48,System.String UseCases.Dtos.DriverDetailsDto::get_TRUCK_VIN()
FNDA:0,System.String UseCases.Dtos.DriverDetailsDto::get_TRUCK_VIN()
DA:49,0
FN:49,System.String UseCases.Dtos.DriverDetailsDto::get_TRUCK_WEIGHT()
FNDA:0,System.String UseCases.Dtos.DriverDetailsDto::get_TRUCK_WEIGHT()
DA:50,0
FN:50,System.String UseCases.Dtos.DriverDetailsDto::get_TYPE()
FNDA:0,System.String UseCases.Dtos.DriverDetailsDto::get_TYPE()
DA:51,0
FN:51,System.String UseCases.Dtos.DriverDetailsDto::get_LICPLATE()
FNDA:0,System.String UseCases.Dtos.DriverDetailsDto::get_LICPLATE()
DA:52,0
FN:52,System.String UseCases.Dtos.DriverDetailsDto::get_UNIFORM()
FNDA:0,System.String UseCases.Dtos.DriverDetailsDto::get_UNIFORM()
DA:53,0
FN:54,System.String UseCases.Dtos.DriverDetailsDto::get_W_COMP()
FNDA:0,System.String UseCases.Dtos.DriverDetailsDto::get_W_COMP()
DA:55,0
FN:55,System.String UseCases.Dtos.DriverDetailsDto::get_LOAN_REPYT()
FNDA:0,System.String UseCases.Dtos.DriverDetailsDto::get_LOAN_REPYT()
DA:56,0
FN:56,System.String UseCases.Dtos.DriverDetailsDto::get_EARNINGS_ADJ()
FNDA:0,System.String UseCases.Dtos.DriverDetailsDto::get_EARNINGS_ADJ()
DA:57,0
FN:57,System.String UseCases.Dtos.DriverDetailsDto::get_INSURANCE()
FNDA:0,System.String UseCases.Dtos.DriverDetailsDto::get_INSURANCE()
DA:58,0
FN:58,System.Nullable`1<System.Boolean> UseCases.Dtos.DriverDetailsDto::get_PayExclude()
FNDA:0,System.Nullable`1<System.Boolean> UseCases.Dtos.DriverDetailsDto::get_PayExclude()
DA:59,0
FN:60,System.String UseCases.Dtos.DriverDetailsDto::get_DirectDep()
FNDA:0,System.String UseCases.Dtos.DriverDetailsDto::get_DirectDep()
DA:61,0
FN:61,System.String UseCases.Dtos.DriverDetailsDto::get_INSUR_OCC_ACC()
FNDA:0,System.String UseCases.Dtos.DriverDetailsDto::get_INSUR_OCC_ACC()
DA:62,0
FN:62,System.String UseCases.Dtos.DriverDetailsDto::get_ELD_SEC_DEPOSIT()
FNDA:0,System.String UseCases.Dtos.DriverDetailsDto::get_ELD_SEC_DEPOSIT()
DA:63,0
FN:63,System.String UseCases.Dtos.DriverDetailsDto::get_ELD_USAGE_FEE()
FNDA:0,System.String UseCases.Dtos.DriverDetailsDto::get_ELD_USAGE_FEE()
DA:64,0
FN:64,System.String UseCases.Dtos.DriverDetailsDto::get_NTLInsur()
FNDA:0,System.String UseCases.Dtos.DriverDetailsDto::get_NTLInsur()
DA:65,0
FN:66,System.String UseCases.Dtos.DriverDetailsDto::get_UserID()
FNDA:2,System.String UseCases.Dtos.DriverDetailsDto::get_UserID()
DA:67,2
LF:52
LH:7
BRF:0
BRH:0
FNF:52
FNH:7
end_of_record
SF:/Users/mehedimayall/PROJECTS/IMF/APP/DriverApp_API/src/UseCases/Dtos/Common/ErrorMessage.cs
FN:4,System.String UseCases.Dtos.ErrorMessage::get_Code()
FNDA:37,System.String UseCases.Dtos.ErrorMessage::get_Code()
DA:5,37
FN:5,System.String UseCases.Dtos.ErrorMessage::get_Title()
FNDA:0,System.String UseCases.Dtos.ErrorMessage::get_Title()
DA:6,0
FN:6,System.String UseCases.Dtos.ErrorMessage::get_Details()
FNDA:67,System.String UseCases.Dtos.ErrorMessage::get_Details()
DA:7,67
FN:7,System.String UseCases.Dtos.ErrorMessage::get_URL()
FNDA:0,System.String UseCases.Dtos.ErrorMessage::get_URL()
DA:8,0
LF:4
LH:2
BRF:0
BRH:0
FNF:4
FNH:2
end_of_record
SF:/Users/mehedimayall/PROJECTS/IMF/APP/DriverApp_API/src/UseCases/Dtos/Common/FileInformationDto.cs
FN:2,System.String UseCases.Dtos.FileInfoDto::get_FileParentFolder()
FNDA:41,System.String UseCases.Dtos.FileInfoDto::get_FileParentFolder()
DA:3,41
LF:1
LH:1
BRF:0
BRH:0
FNF:1
FNH:1
end_of_record
SF:/Users/mehedimayall/PROJECTS/IMF/APP/DriverApp_API/src/UseCases/Dtos/Common/ImageSize.cs
FN:4,System.Int32 UseCases.Dtos.ImageSize::get_Height()
FNDA:0,System.Int32 UseCases.Dtos.ImageSize::get_Height()
DA:5,0
FN:5,System.Int32 UseCases.Dtos.ImageSize::get_Width()
FNDA:0,System.Int32 UseCases.Dtos.ImageSize::get_Width()
DA:6,0
LF:2
LH:0
BRF:0
BRH:0
FNF:2
FNH:0
end_of_record
SF:/Users/mehedimayall/PROJECTS/IMF/APP/DriverApp_API/src/UseCases/Dtos/Common/TemplatePathsDto.cs
FN:1,System.String UseCases.Dtos.TemplatePathsDto::get_BOL()
FNDA:0,System.String UseCases.Dtos.TemplatePathsDto::get_BOL()
DA:2,0
LF:1
LH:0
BRF:0
BRH:0
FNF:1
FNH:0
end_of_record
SF:/Users/mehedimayall/PROJECTS/IMF/APP/DriverApp_API/src/UseCases/Dtos/Containers/BeginMoveEmailContentDto.cs
FN:4,System.String UseCases.Dtos.BeginMoveEmailContentDto::get_WAREHOUSE()
FNDA:2,System.String UseCases.Dtos.BeginMoveEmailContentDto::get_WAREHOUSE()
DA:5,2
FN:5,System.String UseCases.Dtos.BeginMoveEmailContentDto::get_CONSIGNEE()
FNDA:2,System.String UseCases.Dtos.BeginMoveEmailContentDto::get_CONSIGNEE()
DA:6,2
LF:2
LH:2
BRF:0
BRH:0
FNF:2
FNH:2
end_of_record
SF:/Users/mehedimayall/PROJECTS/IMF/APP/DriverApp_API/src/UseCases/Dtos/Containers/ContainerDocumentDto.cs
FN:2,Domain.ValueObjects.DocumentID UseCases.Dtos.ContainerDocumentDto::get_documentID()
FNDA:0,Domain.ValueObjects.DocumentID UseCases.Dtos.ContainerDocumentDto::get_documentID()
DA:3,0
FN:3,System.Int32 UseCases.Dtos.DocumentResponseDto::get_DocumentID()
FNDA:6,System.Int32 UseCases.Dtos.DocumentResponseDto::get_DocumentID()
DA:4,6
LF:2
LH:1
BRF:0
BRH:0
FNF:2
FNH:1
end_of_record
SF:/Users/mehedimayall/PROJECTS/IMF/APP/DriverApp_API/src/UseCases/Dtos/Containers/DocumentDetailAndPODto.cs
FN:1,Domain.ModelsCustom.DriverContainerModel UseCases.Dtos.DocumentDetailAndPODto::get_Instructions()
FNDA:0,Domain.ModelsCustom.DriverContainerModel UseCases.Dtos.DocumentDetailAndPODto::get_Instructions()
DA:2,0
LF:1
LH:0
BRF:0
BRH:0
FNF:1
FNH:0
end_of_record
SF:/Users/mehedimayall/PROJECTS/IMF/APP/DriverApp_API/src/UseCases/Dtos/Containers/DocumentSubmitRequestDto.cs
FN:2,System.Int32 UseCases.Dtos.DocumentSubmitRequestDto::get_ProNumber()
FNDA:54,System.Int32 UseCases.Dtos.DocumentSubmitRequestDto::get_ProNumber()
DA:3,54
FN:3,System.Int32 UseCases.Dtos.DocumentSubmitRequestDto::get_DriverID()
FNDA:3,System.Int32 UseCases.Dtos.DocumentSubmitRequestDto::get_DriverID()
DA:4,3
FN:4,System.String UseCases.Dtos.DocumentSubmitRequestDto::get_LegType()
FNDA:47,System.String UseCases.Dtos.DocumentSubmitRequestDto::get_LegType()
DA:5,47
FN:5,System.String UseCases.Dtos.DocumentSubmitRequestDto::get_ReceivedBy()
FNDA:17,System.String UseCases.Dtos.DocumentSubmitRequestDto::get_ReceivedBy()
DA:6,17
FN:6,System.Nullable`1<System.DateTime> UseCases.Dtos.DocumentSubmitRequestDto::get_ReceiveDate()
FNDA:4,System.Nullable`1<System.DateTime> UseCases.Dtos.DocumentSubmitRequestDto::get_ReceiveDate()
DA:7,4
FN:7,System.String UseCases.Dtos.DocumentSubmitRequestDto::get_InTime()
FNDA:15,System.String UseCases.Dtos.DocumentSubmitRequestDto::get_InTime()
DA:8,15
FN:8,System.String UseCases.Dtos.DocumentSubmitRequestDto::get_OutTime()
FNDA:15,System.String UseCases.Dtos.DocumentSubmitRequestDto::get_OutTime()
DA:9,15
FN:9,System.String UseCases.Dtos.DocumentSubmitRequestDto::get_MiscellaneousNote()
FNDA:3,System.String UseCases.Dtos.DocumentSubmitRequestDto::get_MiscellaneousNote()
DA:10,3
FN:10,System.String UseCases.Dtos.DocumentSubmitRequestDto::get_ImagesInBase64()
FNDA:25,System.String UseCases.Dtos.DocumentSubmitRequestDto::get_ImagesInBase64()
DA:11,25
FN:1,System.Void UseCases.Dtos.DocumentSubmitRequestDto::.ctor(System.Int32,System.Int32,System.String,System.String,System.Nullable`1<System.DateTime>,System.String,System.String,System.String,System.String)
FNDA:17,System.Void UseCases.Dtos.DocumentSubmitRequestDto::.ctor(System.Int32,System.Int32,System.String,System.String,System.Nullable`1<System.DateTime>,System.String,System.String,System.String,System.String)
DA:2,17
DA:12,17
LF:11
LH:11
BRF:0
BRH:0
FNF:10
FNH:10
end_of_record
SF:/Users/mehedimayall/PROJECTS/IMF/APP/DriverApp_API/src/UseCases/Dtos/Containers/PODto.cs
FN:1,System.String UseCases.Dtos.PODto::get_PONumber()
FNDA:0,System.String UseCases.Dtos.PODto::get_PONumber()
DA:2,0
LF:1
LH:0
BRF:0
BRH:0
FNF:1
FNH:0
end_of_record
SF:/Users/mehedimayall/PROJECTS/IMF/APP/DriverApp_API/src/UseCases/Dtos/Security/CorsSettings.cs
FN:8,System.String UseCases.Dtos.CorsSettings::get_AllowedOrigin()
FNDA:0,System.String UseCases.Dtos.CorsSettings::get_AllowedOrigin()
DA:9,0
LF:1
LH:0
BRF:0
BRH:0
FNF:1
FNH:0
end_of_record
SF:/Users/mehedimayall/PROJECTS/IMF/APP/DriverApp_API/src/UseCases/Dtos/Security/EmailConfiguration.cs
FN:3,System.String UseCases.Dtos.EmailConfiguration::get_Email()
FNDA:0,System.String UseCases.Dtos.EmailConfiguration::get_Email()
DA:4,0
FN:4,System.String UseCases.Dtos.EmailConfiguration::get_Password()
FNDA:0,System.String UseCases.Dtos.EmailConfiguration::get_Password()
DA:5,0
FN:5,System.String UseCases.Dtos.EmailConfiguration::get_SMTPServer()
FNDA:0,System.String UseCases.Dtos.EmailConfiguration::get_SMTPServer()
DA:6,0
FN:6,System.String UseCases.Dtos.EmailConfiguration::get_EmailCC()
FNDA:0,System.String UseCases.Dtos.EmailConfiguration::get_EmailCC()
DA:7,0
FN:7,System.String UseCases.Dtos.EmailConfiguration::get_EmailBCC()
FNDA:0,System.String UseCases.Dtos.EmailConfiguration::get_EmailBCC()
DA:8,0
FN:8,System.String UseCases.Dtos.EmailConfiguration::get_POD_Email_Title()
FNDA:0,System.String UseCases.Dtos.EmailConfiguration::get_POD_Email_Title()
DA:9,0
LF:6
LH:0
BRF:0
BRH:0
FNF:6
FNH:0
end_of_record
SF:/Users/mehedimayall/PROJECTS/IMF/APP/DriverApp_API/src/UseCases/Dtos/Security/EmailLoginTokenDto.cs
FN:4,System.String UseCases.Dtos.EmailLoginTokenDto::get_container()
FNDA:1,System.String UseCases.Dtos.EmailLoginTokenDto::get_container()
DA:5,1
FN:5,System.String UseCases.Dtos.EmailLoginTokenDto::get_state()
FNDA:1,System.String UseCases.Dtos.EmailLoginTokenDto::get_state()
DA:6,1
FN:6,System.Int32 UseCases.Dtos.EmailLoginTokenDto::get_is_warehouse()
FNDA:1,System.Int32 UseCases.Dtos.EmailLoginTokenDto::get_is_warehouse()
DA:7,1
LF:3
LH:3
BRF:0
BRH:0
FNF:3
FNH:3
end_of_record
SF:/Users/mehedimayall/PROJECTS/IMF/APP/DriverApp_API/src/UseCases/Dtos/Security/LoginRequestDto.cs
FN:2,System.String UseCases.Dtos.LoginRequestDto::get_UserId()
FNDA:11,System.String UseCases.Dtos.LoginRequestDto::get_UserId()
DA:3,11
LF:1
LH:1
BRF:0
BRH:0
FNF:1
FNH:1
end_of_record
SF:/Users/mehedimayall/PROJECTS/IMF/APP/DriverApp_API/src/UseCases/Dtos/Security/LoginResponseDto.cs
FN:2,System.String UseCases.Dtos.LoginResponseDto::get_token()
FNDA:4,System.String UseCases.Dtos.LoginResponseDto::get_token()
DA:3,4
LF:1
LH:1
BRF:0
BRH:0
FNF:1
FNH:1
end_of_record
SF:/Users/mehedimayall/PROJECTS/IMF/APP/DriverApp_API/src/UseCases/Dtos/Security/LogoutRequestDto.cs
FN:2,System.String UseCases.Dtos.LogoutRequestDto::get_UserId()
FNDA:0,System.String UseCases.Dtos.LogoutRequestDto::get_UserId()
DA:3,0
LF:1
LH:0
BRF:0
BRH:0
FNF:1
FNH:0
end_of_record
SF:/Users/mehedimayall/PROJECTS/IMF/APP/DriverApp_API/src/UseCases/Dtos/Security/SessionUserDto.cs
FN:3,Domain.ValueObjects.UserID UseCases.Dtos.SessionUserDto::get_userID()
FNDA:116,Domain.ValueObjects.UserID UseCases.Dtos.SessionUserDto::get_userID()
DA:4,116
LF:1
LH:1
BRF:0
BRH:0
FNF:1
FNH:1
end_of_record
SF:/Users/mehedimayall/PROJECTS/IMF/APP/DriverApp_API/src/UseCases/Dtos/Security/TokenManagementDto.cs
FN:8,System.String UseCases.Dtos.TokenManagementDto::get_Secret()
FNDA:3,System.String UseCases.Dtos.TokenManagementDto::get_Secret()
DA:9,3
FN:11,System.String UseCases.Dtos.TokenManagementDto::get_Issuer()
FNDA:2,System.String UseCases.Dtos.TokenManagementDto::get_Issuer()
DA:12,2
FN:14,System.String UseCases.Dtos.TokenManagementDto::get_Audience()
FNDA:2,System.String UseCases.Dtos.TokenManagementDto::get_Audience()
DA:15,2
FN:17,System.Int32 UseCases.Dtos.TokenManagementDto::get_AccessExpiration()
FNDA:2,System.Int32 UseCases.Dtos.TokenManagementDto::get_AccessExpiration()
DA:18,2
FN:20,System.Int32 UseCases.Dtos.TokenManagementDto::get_RefreshExpiration()
FNDA:1,System.Int32 UseCases.Dtos.TokenManagementDto::get_RefreshExpiration()
DA:21,1
LF:5
LH:5
BRF:0
BRH:0
FNF:5
FNH:5
end_of_record